2018-08-09 14:48:40.902207 MoonStock Program Started!!
2018-08-09 14:48:40.902551 Started!!
2018-08-09 14:48:40.902886 실행
2018-08-09 14:48:40.909565 3. startAlgorithm 시작
- 러닝타임:  12
2018-08-09 14:48:52.602584 4. uploadRankDB 시작
- 러닝타임:  4
- 러닝타임:  16
2018-08-09 14:48:57.575565 실행
2018-08-09 14:48:57.579180 3. startAlgorithm 시작
- 러닝타임:  12
2018-08-09 14:49:09.858196 4. uploadRankDB 시작
- 러닝타임:  5
- 러닝타임:  17
2018-08-09 14:49:15.823209 실행
2018-08-09 14:49:15.825686 3. startAlgorithm 시작
- 러닝타임:  11
2018-08-09 14:49:27.324348 4. uploadRankDB 시작
- 러닝타임:  3
- 러닝타임:  14
2018-08-09 14:49:31.281268 실행
2018-08-09 14:49:31.284657 3. startAlgorithm 시작
- 러닝타임:  11
2018-08-09 14:49:42.423314 4. uploadRankDB 시작
- 러닝타임:  3
- 러닝타임:  14
2018-08-09 14:49:46.374734 실행
2018-08-09 14:49:46.378073 3. startAlgorithm 시작
- 러닝타임:  11
2018-08-09 14:49:57.771265 4. uploadRankDB 시작
- 러닝타임:  2
- 러닝타임:  14
2018-08-09 14:50:01.239701 실행
2018-08-09 14:50:01.242481 3. startAlgorithm 시작
- 러닝타임:  12
2018-08-09 14:50:12.970458 4. uploadRankDB 시작
- 러닝타임:  2
- 러닝타임:  14
2018-08-09 14:50:16.048818 실행
2018-08-09 14:50:16.051306 3. startAlgorithm 시작
- 러닝타임:  12
2018-08-09 14:50:28.131627 4. uploadRankDB 시작
- 러닝타임:  2
- 러닝타임:  14
2018-08-09 14:50:31.130111 실행
2018-08-09 14:50:31.132561 3. startAlgorithm 시작
- 러닝타임:  12
2018-08-09 14:50:42.859364 4. uploadRankDB 시작
- 러닝타임:  2
- 러닝타임:  14
2018-08-09 14:50:45.799045 실행
2018-08-09 14:50:45.801811 3. startAlgorithm 시작
- 러닝타임:  12
2018-08-09 14:50:57.500307 4. uploadRankDB 시작
- 러닝타임:  3
- 러닝타임:  15
2018-08-09 14:51:01.978541 실행
2018-08-09 14:51:01.981372 3. startAlgorithm 시작
- 러닝타임:  12
2018-08-09 14:51:13.982464 4. uploadRankDB 시작
- 러닝타임:  3
- 러닝타임:  15
2018-08-09 14:51:18.273417 실행
2018-08-09 14:51:18.276185 3. startAlgorithm 시작
- 러닝타임:  11
2018-08-09 14:51:29.499506 4. uploadRankDB 시작
- 러닝타임:  2
- 러닝타임:  13
2018-08-09 14:51:32.572452 실행
2018-08-09 14:51:32.575691 3. startAlgorithm 시작
- 러닝타임:  11
2018-08-09 14:51:43.951155 4. uploadRankDB 시작
- 러닝타임:  2
- 러닝타임:  13
2018-08-09 14:51:46.815500 실행
2018-08-09 14:51:46.818428 3. startAlgorithm 시작
- 러닝타임:  12
2018-08-09 14:51:58.397538 4. uploadRankDB 시작
- 러닝타임:  2
- 러닝타임:  14
2018-08-09 14:52:01.595881 실행
2018-08-09 14:52:01.599158 3. startAlgorithm 시작
- 러닝타임:  12
2018-08-09 14:52:13.413688 4. uploadRankDB 시작
- 러닝타임:  2
- 러닝타임:  14
2018-08-09 14:52:16.477537 실행
2018-08-09 14:52:16.480035 3. startAlgorithm 시작
- 러닝타임:  11
2018-08-09 14:52:27.834919 4. uploadRankDB 시작
- 러닝타임:  3
- 러닝타임:  14
2018-08-09 14:52:31.487106 실행
2018-08-09 14:52:31.489966 3. startAlgorithm 시작
- 러닝타임:  12
2018-08-09 14:52:43.140958 4. uploadRankDB 시작
- 러닝타임:  2
- 러닝타임:  14
2018-08-09 14:52:46.176888 실행
2018-08-09 14:52:46.180055 3. startAlgorithm 시작
- 러닝타임:  12
2018-08-09 14:52:57.872142 4. uploadRankDB 시작
- 러닝타임:  2
- 러닝타임:  14
2018-08-09 14:53:00.876959 실행
2018-08-09 14:53:00.879897 3. startAlgorithm 시작
- 러닝타임:  12
2018-08-09 14:53:12.806678 4. uploadRankDB 시작
- 러닝타임:  2
- 러닝타임:  14
2018-08-09 14:53:15.815607 실행
2018-08-09 14:53:15.818016 3. startAlgorithm 시작
- 러닝타임:  12
2018-08-09 14:53:27.428011 4. uploadRankDB 시작
- 러닝타임:  2
- 러닝타임:  14
2018-08-09 14:53:30.469727 실행
2018-08-09 14:53:30.472177 3. startAlgorithm 시작
- 러닝타임:  12
2018-08-09 14:53:42.610159 4. uploadRankDB 시작
- 러닝타임:  2
- 러닝타임:  14
2018-08-09 14:53:45.701829 실행
2018-08-09 14:53:45.704679 3. startAlgorithm 시작
- 러닝타임:  12
2018-08-09 14:53:57.342860 4. uploadRankDB 시작
- 러닝타임:  2
- 러닝타임:  14
2018-08-09 14:54:00.499743 실행
2018-08-09 14:54:00.502818 3. startAlgorithm 시작
- 러닝타임:  12
2018-08-09 14:54:12.487881 4. uploadRankDB 시작
- 러닝타임:  2
- 러닝타임:  14
2018-08-09 14:54:15.409252 실행
2018-08-09 14:54:15.411656 3. startAlgorithm 시작
- 러닝타임:  12
2018-08-09 14:54:27.182476 4. uploadRankDB 시작
- 러닝타임:  2
- 러닝타임:  14
2018-08-09 14:54:30.079188 실행
2018-08-09 14:54:30.081676 3. startAlgorithm 시작
- 러닝타임:  13
2018-08-09 14:54:42.829329 4. uploadRankDB 시작
- 러닝타임:  2
- 러닝타임:  15
2018-08-09 14:54:45.761558 실행
2018-08-09 14:54:45.764835 3. startAlgorithm 시작
- 러닝타임:  12
2018-08-09 14:54:57.972166 4. uploadRankDB 시작
- 러닝타임:  2
- 러닝타임:  14
2018-08-09 14:55:01.001246 실행
2018-08-09 14:55:01.004399 3. startAlgorithm 시작
- 러닝타임:  13
2018-08-09 14:55:14.198037 4. uploadRankDB 시작
- 러닝타임:  2
- 러닝타임:  15
2018-08-09 14:55:17.444617 실행
2018-08-09 14:55:17.447421 3. startAlgorithm 시작
- 러닝타임:  12
2018-08-09 14:55:29.461179 4. uploadRankDB 시작
- 러닝타임:  2
- 러닝타임:  14
2018-08-09 14:55:32.379168 실행
2018-08-09 14:55:32.381565 3. startAlgorithm 시작
- 러닝타임:  12
2018-08-09 14:55:44.470659 4. uploadRankDB 시작
- 러닝타임:  2
- 러닝타임:  14
2018-08-09 14:55:47.642773 실행
2018-08-09 14:55:47.646562 3. startAlgorithm 시작
- 러닝타임:  12
2018-08-09 14:55:59.467031 4. uploadRankDB 시작
- 러닝타임:  2
- 러닝타임:  14
2018-08-09 14:56:02.733414 실행
2018-08-09 14:56:02.736141 3. startAlgorithm 시작
- 러닝타임:  12
2018-08-09 14:56:14.625180 4. uploadRankDB 시작
- 러닝타임:  2
- 러닝타임:  14
2018-08-09 14:56:17.675118 실행
2018-08-09 14:56:17.678926 3. startAlgorithm 시작
- 러닝타임:  12
2018-08-09 14:56:29.468025 4. uploadRankDB 시작
- 러닝타임:  4
- 러닝타임:  16
2018-08-09 14:56:34.413522 실행
2018-08-09 14:56:34.416224 3. startAlgorithm 시작
- 러닝타임:  12
2018-08-09 14:56:46.402808 4. uploadRankDB 시작
- 러닝타임:  2
- 러닝타임:  14
2018-08-09 14:56:49.305130 실행
2018-08-09 14:56:49.307930 3. startAlgorithm 시작
- 러닝타임:  12
2018-08-09 14:57:01.180406 4. uploadRankDB 시작
- 러닝타임:  2
- 러닝타임:  14
2018-08-09 14:57:04.516798 실행
2018-08-09 14:57:04.519693 3. startAlgorithm 시작
- 러닝타임:  12
2018-08-09 14:57:16.460372 4. uploadRankDB 시작
- 러닝타임:  2
- 러닝타임:  14
2018-08-09 14:57:19.361453 실행
2018-08-09 14:57:19.363962 3. startAlgorithm 시작
- 러닝타임:  12
2018-08-09 14:57:31.657892 4. uploadRankDB 시작
- 러닝타임:  3
- 러닝타임:  16
2018-08-09 14:57:36.032231 실행
2018-08-09 14:57:36.034638 3. startAlgorithm 시작
- 러닝타임:  11
2018-08-09 14:57:47.499102 4. uploadRankDB 시작
- 러닝타임:  3
- 러닝타임:  14
2018-08-09 14:57:51.152174 실행
2018-08-09 14:57:51.154652 3. startAlgorithm 시작
- 러닝타임:  12
2018-08-09 14:58:02.878258 4. uploadRankDB 시작
- 러닝타임:  2
- 러닝타임:  14
2018-08-09 14:58:05.945808 실행
2018-08-09 14:58:05.949163 3. startAlgorithm 시작
- 러닝타임:  12
2018-08-09 14:58:17.865731 4. uploadRankDB 시작
- 러닝타임:  2
- 러닝타임:  14
2018-08-09 14:58:20.815766 실행
2018-08-09 14:58:20.818200 3. startAlgorithm 시작
- 러닝타임:  12
2018-08-09 14:58:32.660671 4. uploadRankDB 시작
- 러닝타임:  2
- 러닝타임:  14
2018-08-09 14:58:35.512064 실행
2018-08-09 14:58:35.515330 3. startAlgorithm 시작
- 러닝타임:  12
2018-08-09 14:58:47.835759 4. uploadRankDB 시작
- 러닝타임:  2
- 러닝타임:  15
2018-08-09 14:58:51.115553 실행
2018-08-09 14:58:51.118846 3. startAlgorithm 시작
- 러닝타임:  12
2018-08-09 14:59:03.172340 4. uploadRankDB 시작
- 러닝타임:  2
- 러닝타임:  14
2018-08-09 14:59:06.192292 실행
2018-08-09 14:59:06.195478 3. startAlgorithm 시작
- 러닝타임:  12
2018-08-09 14:59:17.960891 4. uploadRankDB 시작
- 러닝타임:  2
- 러닝타임:  14
2018-08-09 14:59:21.017864 실행
2018-08-09 14:59:21.020472 3. startAlgorithm 시작
- 러닝타임:  12
2018-08-09 14:59:33.179541 4. uploadRankDB 시작
- 러닝타임:  3
- 러닝타임:  15
2018-08-09 14:59:37.408854 실행
2018-08-09 14:59:37.411434 3. startAlgorithm 시작
- 러닝타임:  12
2018-08-09 14:59:49.144291 4. uploadRankDB 시작
- 러닝타임:  2
- 러닝타임:  14
2018-08-09 14:59:52.022219 실행
2018-08-09 14:59:52.024670 3. startAlgorithm 시작
- 러닝타임:  12
2018-08-09 15:00:04.273541 4. uploadRankDB 시작
- 러닝타임:  2
- 러닝타임:  15
2018-08-09 15:00:07.734939 실행
2018-08-09 15:00:07.738445 3. startAlgorithm 시작
- 러닝타임:  12
2018-08-09 15:00:20.175032 4. uploadRankDB 시작
- 러닝타임:  2
- 러닝타임:  14
2018-08-09 15:00:23.066389 실행
2018-08-09 15:00:23.070529 3. startAlgorithm 시작
- 러닝타임:  12
2018-08-09 15:00:34.643622 4. uploadRankDB 시작
- 러닝타임:  2
- 러닝타임:  13
2018-08-09 15:00:37.538347 실행
2018-08-09 15:00:37.540792 3. startAlgorithm 시작
- 러닝타임:  12
2018-08-09 15:00:49.290522 4. uploadRankDB 시작
- 러닝타임:  2
- 러닝타임:  14
2018-08-09 15:00:52.279358 실행
2018-08-09 15:00:52.281878 3. startAlgorithm 시작
- 러닝타임:  12
2018-08-09 15:01:04.396772 4. uploadRankDB 시작
- 러닝타임:  2
- 러닝타임:  14
2018-08-09 15:01:07.333659 실행
2018-08-09 15:01:07.336675 3. startAlgorithm 시작
- 러닝타임:  12
2018-08-09 15:01:19.334980 4. uploadRankDB 시작
- 러닝타임:  3
- 러닝타임:  15
2018-08-09 15:01:23.109675 실행
2018-08-09 15:01:23.112520 3. startAlgorithm 시작
- 러닝타임:  12
2018-08-09 15:01:34.943585 4. uploadRankDB 시작
- 러닝타임:  2
- 러닝타임:  14
2018-08-09 15:01:38.065626 실행
2018-08-09 15:01:38.068106 3. startAlgorithm 시작
- 러닝타임:  12
2018-08-09 15:01:49.728058 4. uploadRankDB 시작
- 러닝타임:  2
- 러닝타임:  14
2018-08-09 15:01:52.599162 실행
2018-08-09 15:01:52.601681 3. startAlgorithm 시작
- 러닝타임:  12
2018-08-09 15:02:04.183062 4. uploadRankDB 시작
- 러닝타임:  2
- 러닝타임:  14
2018-08-09 15:02:07.284859 실행
2018-08-09 15:02:07.288499 3. startAlgorithm 시작
- 러닝타임:  12
2018-08-09 15:02:18.903342 4. uploadRankDB 시작
- 러닝타임:  2
- 러닝타임:  14
2018-08-09 15:02:22.338853 실행
2018-08-09 15:02:22.341409 3. startAlgorithm 시작
- 러닝타임:  12
2018-08-09 15:02:33.976465 4. uploadRankDB 시작
- 러닝타임:  2
- 러닝타임:  14
2018-08-09 15:02:37.059124 실행
2018-08-09 15:02:37.061601 3. startAlgorithm 시작
- 러닝타임:  12
2018-08-09 15:02:48.732152 4. uploadRankDB 시작
- 러닝타임:  2
- 러닝타임:  14
2018-08-09 15:02:51.819947 실행
2018-08-09 15:02:51.822918 3. startAlgorithm 시작
- 러닝타임:  12
2018-08-09 15:03:03.470521 4. uploadRankDB 시작
- 러닝타임:  2
- 러닝타임:  14
2018-08-09 15:03:06.647078 실행
2018-08-09 15:03:06.649971 3. startAlgorithm 시작
- 러닝타임:  12
2018-08-09 15:03:18.322775 4. uploadRankDB 시작
- 러닝타임:  5
- 러닝타임:  17
2018-08-09 15:03:24.194610 실행
2018-08-09 15:03:24.197955 3. startAlgorithm 시작
- 러닝타임:  12
2018-08-09 15:03:35.869525 4. uploadRankDB 시작
- 러닝타임:  2
- 러닝타임:  14
2018-08-09 15:03:38.842102 실행
2018-08-09 15:03:38.844531 3. startAlgorithm 시작
- 러닝타임:  12
2018-08-09 15:03:50.595289 4. uploadRankDB 시작
- 러닝타임:  4
- 러닝타임:  16
2018-08-09 15:03:55.602286 실행
2018-08-09 15:03:55.605506 3. startAlgorithm 시작
- 러닝타임:  12
2018-08-09 15:04:07.525513 4. uploadRankDB 시작
- 러닝타임:  5
- 러닝타임:  17
2018-08-09 15:04:13.189352 실행
2018-08-09 15:04:13.191855 3. startAlgorithm 시작
- 러닝타임:  12
2018-08-09 15:04:25.532135 4. uploadRankDB 시작
- 러닝타임:  2
- 러닝타임:  14
2018-08-09 15:04:28.381211 실행
2018-08-09 15:04:28.384297 3. startAlgorithm 시작
- 러닝타임:  12
2018-08-09 15:04:40.422109 4. uploadRankDB 시작
- 러닝타임:  6
- 러닝타임:  18
2018-08-09 15:04:46.979294 실행
2018-08-09 15:04:46.982061 3. startAlgorithm 시작
- 러닝타임:  12
2018-08-09 15:04:58.764744 4. uploadRankDB 시작
- 러닝타임:  3
- 러닝타임:  15
2018-08-09 15:05:03.069291 실행
2018-08-09 15:05:03.071877 3. startAlgorithm 시작
- 러닝타임:  12
2018-08-09 15:05:14.933593 4. uploadRankDB 시작
- 러닝타임:  2
- 러닝타임:  14
2018-08-09 15:05:18.051271 실행
2018-08-09 15:05:18.054011 3. startAlgorithm 시작
- 러닝타임:  12
2018-08-09 15:05:29.900806 4. uploadRankDB 시작
- 러닝타임:  2
- 러닝타임:  14
2018-08-09 15:05:33.111096 실행
2018-08-09 15:05:33.121706 3. startAlgorithm 시작
- 러닝타임:  12
2018-08-09 15:05:44.957238 4. uploadRankDB 시작
- 러닝타임:  2
- 러닝타임:  14
2018-08-09 15:05:48.231144 실행
2018-08-09 15:05:48.234467 3. startAlgorithm 시작
- 러닝타임:  12
2018-08-09 15:06:00.200141 4. uploadRankDB 시작
- 러닝타임:  2
- 러닝타임:  14
2018-08-09 15:06:03.525232 실행
2018-08-09 15:06:03.537330 3. startAlgorithm 시작
- 러닝타임:  12
2018-08-09 15:06:15.395666 4. uploadRankDB 시작
- 러닝타임:  2
- 러닝타임:  14
2018-08-09 15:06:18.303726 실행
2018-08-09 15:06:18.306221 3. startAlgorithm 시작
- 러닝타임:  12
2018-08-09 15:06:30.191971 4. uploadRankDB 시작
- 러닝타임:  2
- 러닝타임:  14
2018-08-09 15:06:33.258661 실행
2018-08-09 15:06:33.270259 3. startAlgorithm 시작
- 러닝타임:  12
2018-08-09 15:06:45.167740 4. uploadRankDB 시작
- 러닝타임:  2
- 러닝타임:  14
2018-08-09 15:06:47.973591 실행
2018-08-09 15:06:47.976072 3. startAlgorithm 시작
- 러닝타임:  12
2018-08-09 15:06:59.931029 4. uploadRankDB 시작
- 러닝타임:  3
- 러닝타임:  15
2018-08-09 15:07:04.348606 실행
2018-08-09 15:07:04.351020 3. startAlgorithm 시작
- 러닝타임:  12
2018-08-09 15:07:16.256986 4. uploadRankDB 시작
- 러닝타임:  2
- 러닝타임:  14
2018-08-09 15:07:19.349246 실행
2018-08-09 15:07:19.352522 3. startAlgorithm 시작
- 러닝타임:  12
2018-08-09 15:07:31.288285 4. uploadRankDB 시작
- 러닝타임:  2
- 러닝타임:  14
2018-08-09 15:07:34.320819 실행
2018-08-09 15:07:34.323436 3. startAlgorithm 시작
- 러닝타임:  12
2018-08-09 15:07:46.250326 4. uploadRankDB 시작
- 러닝타임:  2
- 러닝타임:  14
2018-08-09 15:07:49.452685 실행
2018-08-09 15:07:49.455161 3. startAlgorithm 시작
- 러닝타임:  12
2018-08-09 15:08:01.429250 4. uploadRankDB 시작
- 러닝타임:  2
- 러닝타임:  14
2018-08-09 15:08:04.440316 실행
2018-08-09 15:08:04.443160 3. startAlgorithm 시작
- 러닝타임:  12
2018-08-09 15:08:16.855900 4. uploadRankDB 시작
- 러닝타임:  3
- 러닝타임:  15
2018-08-09 15:08:20.434874 실행
2018-08-09 15:08:20.437730 3. startAlgorithm 시작
- 러닝타임:  12
2018-08-09 15:08:32.729106 4. uploadRankDB 시작
- 러닝타임:  4
- 러닝타임:  16
2018-08-09 15:08:37.622319 실행
2018-08-09 15:08:37.624670 3. startAlgorithm 시작
- 러닝타임:  13
2018-08-09 15:08:51.125972 4. uploadRankDB 시작
- 러닝타임:  2
- 러닝타임:  16
2018-08-09 15:08:54.311656 실행
2018-08-09 15:08:54.314367 3. startAlgorithm 시작
- 러닝타임:  13
2018-08-09 15:09:07.332166 4. uploadRankDB 시작
- 러닝타임:  13
- 러닝타임:  26
2018-08-09 15:09:21.097090 실행
2018-08-09 15:09:21.099610 3. startAlgorithm 시작
- 러닝타임:  14
2018-08-09 15:09:35.034747 4. uploadRankDB 시작
- 러닝타임:  7
- 러닝타임:  21
2018-08-09 15:09:43.094047 실행
2018-08-09 15:09:43.096539 3. startAlgorithm 시작
- 러닝타임:  13
2018-08-09 15:09:56.075958 4. uploadRankDB 시작
- 러닝타임:  2
- 러닝타임:  15
2018-08-09 15:09:59.435847 실행
2018-08-09 15:09:59.438603 3. startAlgorithm 시작
- 러닝타임:  13
2018-08-09 15:10:12.395386 4. uploadRankDB 시작
- 러닝타임:  14
- 러닝타임:  27
2018-08-09 15:10:27.152337 실행
2018-08-09 15:10:27.154813 3. startAlgorithm 시작
- 러닝타임:  14
2018-08-09 15:10:41.377433 4. uploadRankDB 시작
- 러닝타임:  7
- 러닝타임:  22
2018-08-09 15:10:49.770368 실행
2018-08-09 15:10:49.773437 3. startAlgorithm 시작
- 러닝타임:  12
2018-08-09 15:11:01.942300 4. uploadRankDB 시작
- 러닝타임:  2
- 러닝타임:  15
2018-08-09 15:11:05.387674 실행
2018-08-09 15:11:05.390493 3. startAlgorithm 시작
- 러닝타임:  12
2018-08-09 15:11:17.538847 4. uploadRankDB 시작
- 러닝타임:  2
- 러닝타임:  14
2018-08-09 15:11:20.539721 실행
2018-08-09 15:11:20.542869 3. startAlgorithm 시작
- 러닝타임:  13
2018-08-09 15:11:33.174016 4. uploadRankDB 시작
- 러닝타임:  5
- 러닝타임:  17
2018-08-09 15:11:38.997132 실행
2018-08-09 15:11:38.999587 3. startAlgorithm 시작
- 러닝타임:  13
2018-08-09 15:11:51.543965 4. uploadRankDB 시작
- 러닝타임:  2
- 러닝타임:  15
2018-08-09 15:11:54.613090 실행
2018-08-09 15:11:54.615588 3. startAlgorithm 시작
- 러닝타임:  13
2018-08-09 15:12:07.319783 4. uploadRankDB 시작
- 러닝타임:  2
- 러닝타임:  15
2018-08-09 15:12:10.291530 실행
2018-08-09 15:12:10.293758 3. startAlgorithm 시작
- 러닝타임:  12
2018-08-09 15:12:22.738266 4. uploadRankDB 시작
- 러닝타임:  3
- 러닝타임:  16
2018-08-09 15:12:27.189104 실행
2018-08-09 15:12:27.192455 3. startAlgorithm 시작
- 러닝타임:  13
2018-08-09 15:12:40.504325 4. uploadRankDB 시작
- 러닝타임:  4
- 러닝타임:  18
2018-08-09 15:12:45.771589 실행
2018-08-09 15:12:45.774169 3. startAlgorithm 시작
- 러닝타임:  13
2018-08-09 15:12:58.967199 4. uploadRankDB 시작
- 러닝타임:  5
- 러닝타임:  18
2018-08-09 15:13:05.037988 실행
2018-08-09 15:13:05.041087 3. startAlgorithm 시작
- 러닝타임:  14
2018-08-09 15:13:19.062186 4. uploadRankDB 시작
- 러닝타임:  2
- 러닝타임:  16
2018-08-09 15:13:22.344055 실행
2018-08-09 15:13:22.346473 3. startAlgorithm 시작
- 러닝타임:  14
2018-08-09 15:13:35.892995 4. uploadRankDB 시작
- 러닝타임:  4
- 러닝타임:  18
2018-08-09 15:13:41.103234 실행
2018-08-09 15:13:41.105513 3. startAlgorithm 시작
- 러닝타임:  14
2018-08-09 15:13:54.834570 4. uploadRankDB 시작
- 러닝타임:  4
- 러닝타임:  18
2018-08-09 15:14:00.007778 실행
2018-08-09 15:14:00.009978 3. startAlgorithm 시작
- 러닝타임:  14
2018-08-09 15:14:13.601827 4. uploadRankDB 시작
- 러닝타임:  2
- 러닝타임:  16
2018-08-09 15:14:17.006660 실행
2018-08-09 15:14:17.008509 3. startAlgorithm 시작
- 러닝타임:  13
2018-08-09 15:14:30.317758 4. uploadRankDB 시작
- 러닝타임:  2
- 러닝타임:  16
2018-08-09 15:14:33.708678 실행
2018-08-09 15:14:33.719334 3. startAlgorithm 시작
- 러닝타임:  13
2018-08-09 15:14:47.097932 4. uploadRankDB 시작
- 러닝타임:  3
- 러닝타임:  16
2018-08-09 15:14:51.017015 실행
2018-08-09 15:14:51.019833 3. startAlgorithm 시작
- 러닝타임:  15
2018-08-09 15:15:05.793362 4. uploadRankDB 시작
- 러닝타임:  3
- 러닝타임:  18
2018-08-09 15:15:10.105114 실행
2018-08-09 15:15:10.113227 3. startAlgorithm 시작
- 러닝타임:  12
2018-08-09 15:15:22.483466 4. uploadRankDB 시작
- 러닝타임:  2
- 러닝타임:  15
2018-08-09 15:15:25.651300 실행
2018-08-09 15:15:25.654324 3. startAlgorithm 시작
- 러닝타임:  12
2018-08-09 15:15:38.033026 4. uploadRankDB 시작
- 러닝타임:  2
- 러닝타임:  14
2018-08-09 15:15:40.901505 실행
2018-08-09 15:15:40.904358 3. startAlgorithm 시작
- 러닝타임:  12
2018-08-09 15:15:53.270644 4. uploadRankDB 시작
- 러닝타임:  2
- 러닝타임:  14
2018-08-09 15:15:56.225357 실행
2018-08-09 15:15:56.228601 3. startAlgorithm 시작
- 러닝타임:  12
2018-08-09 15:16:08.639335 4. uploadRankDB 시작
- 러닝타임:  2
- 러닝타임:  14
2018-08-09 15:16:11.636133 실행
2018-08-09 15:16:11.638876 3. startAlgorithm 시작
- 러닝타임:  14
2018-08-09 15:16:25.470264 4. uploadRankDB 시작
- 러닝타임:  2
- 러닝타임:  16
2018-08-09 15:16:28.345388 실행
2018-08-09 15:16:28.347662 3. startAlgorithm 시작
- 러닝타임:  13
2018-08-09 15:16:41.465828 4. uploadRankDB 시작
- 러닝타임:  5
- 러닝타임:  18
2018-08-09 15:16:47.676914 실행
2018-08-09 15:16:47.679718 3. startAlgorithm 시작
- 러닝타임:  13
2018-08-09 15:17:00.763446 4. uploadRankDB 시작
- 러닝타임:  2
- 러닝타임:  15
2018-08-09 15:17:03.809397 실행
2018-08-09 15:17:03.820856 3. startAlgorithm 시작
- 러닝타임:  13
2018-08-09 15:17:16.836326 4. uploadRankDB 시작
- 러닝타임:  2
- 러닝타임:  15
2018-08-09 15:17:19.810095 실행
2018-08-09 15:17:19.812402 3. startAlgorithm 시작
- 러닝타임:  13
2018-08-09 15:17:32.885169 4. uploadRankDB 시작
- 러닝타임:  2
- 러닝타임:  15
2018-08-09 15:17:36.060605 실행
2018-08-09 15:17:36.062897 3. startAlgorithm 시작
- 러닝타임:  13
2018-08-09 15:17:49.212179 4. uploadRankDB 시작
- 러닝타임:  2
- 러닝타임:  15
2018-08-09 15:17:52.194960 실행
2018-08-09 15:17:52.197993 3. startAlgorithm 시작
- 러닝타임:  14
2018-08-09 15:18:05.907860 4. uploadRankDB 시작
- 러닝타임:  2
- 러닝타임:  16
2018-08-09 15:18:08.928757 실행
2018-08-09 15:18:08.937690 3. startAlgorithm 시작
- 러닝타임:  13
2018-08-09 15:18:22.047323 4. uploadRankDB 시작
- 러닝타임:  2
- 러닝타임:  15
2018-08-09 15:18:25.028997 실행
2018-08-09 15:18:25.032239 3. startAlgorithm 시작
- 러닝타임:  13
2018-08-09 15:18:38.033576 4. uploadRankDB 시작
- 러닝타임:  2
- 러닝타임:  15
2018-08-09 15:18:41.091701 실행
2018-08-09 15:18:41.094238 3. startAlgorithm 시작
- 러닝타임:  13
2018-08-09 15:18:54.008689 4. uploadRankDB 시작
- 러닝타임:  2
- 러닝타임:  15
2018-08-09 15:18:56.967240 실행
2018-08-09 15:18:56.970535 3. startAlgorithm 시작
- 러닝타임:  13
2018-08-09 15:19:09.786788 4. uploadRankDB 시작
- 러닝타임:  2
- 러닝타임:  15
2018-08-09 15:19:12.693486 실행
2018-08-09 15:19:12.695928 3. startAlgorithm 시작
- 러닝타임:  13
2018-08-09 15:19:25.738977 4. uploadRankDB 시작
- 러닝타임:  5
- 러닝타임:  18
2018-08-09 15:19:31.583954 실행
2018-08-09 15:19:31.586495 3. startAlgorithm 시작
- 러닝타임:  13
2018-08-09 15:19:44.681389 4. uploadRankDB 시작
- 러닝타임:  2
- 러닝타임:  15
2018-08-09 15:19:48.050746 실행
2018-08-09 15:19:48.053616 3. startAlgorithm 시작
- 러닝타임:  13
2018-08-09 15:20:00.967443 4. uploadRankDB 시작
- 러닝타임:  2
- 러닝타임:  15
2018-08-09 15:20:03.948055 실행
2018-08-09 15:20:03.950496 3. startAlgorithm 시작
- 러닝타임:  13
2018-08-09 15:20:16.916145 4. uploadRankDB 시작
- 러닝타임:  6
- 러닝타임:  19
2018-08-09 15:20:23.559870 실행
2018-08-09 15:20:23.562926 3. startAlgorithm 시작
- 러닝타임:  13
2018-08-09 15:20:36.551988 4. uploadRankDB 시작
- 러닝타임:  2
- 러닝타임:  15
2018-08-09 15:20:39.447343 실행
2018-08-09 15:20:39.450733 3. startAlgorithm 시작
- 러닝타임:  13
2018-08-09 15:20:52.734602 4. uploadRankDB 시작
- 러닝타임:  4
- 러닝타임:  18
2018-08-09 15:20:58.000144 실행
2018-08-09 15:20:58.003139 3. startAlgorithm 시작
- 러닝타임:  13
2018-08-09 15:21:11.179650 4. uploadRankDB 시작
- 러닝타임:  3
- 러닝타임:  16
2018-08-09 15:21:15.150556 실행
2018-08-09 15:21:15.153783 3. startAlgorithm 시작
- 러닝타임:  13
2018-08-09 15:21:28.626514 4. uploadRankDB 시작
- 러닝타임:  2
- 러닝타임:  15
2018-08-09 15:21:31.576660 실행
2018-08-09 15:21:31.579135 3. startAlgorithm 시작
- 러닝타임:  13
2018-08-09 15:21:44.528691 4. uploadRankDB 시작
- 러닝타임:  9
- 러닝타임:  22
2018-08-09 15:21:54.476903 실행
2018-08-09 15:21:54.480119 3. startAlgorithm 시작
- 러닝타임:  13
2018-08-09 15:22:07.343322 4. uploadRankDB 시작
- 러닝타임:  4
- 러닝타임:  17
2018-08-09 15:22:11.993221 실행
2018-08-09 15:22:11.995825 3. startAlgorithm 시작
- 러닝타임:  13
2018-08-09 15:22:25.019056 4. uploadRankDB 시작
- 러닝타임:  3
- 러닝타임:  16
2018-08-09 15:22:28.528773 실행
2018-08-09 15:22:28.532167 3. startAlgorithm 시작
- 러닝타임:  13
2018-08-09 15:22:41.265844 4. uploadRankDB 시작
- 러닝타임:  2
- 러닝타임:  15
2018-08-09 15:22:44.106453 실행
2018-08-09 15:22:44.114400 3. startAlgorithm 시작
- 러닝타임:  12
2018-08-09 15:22:56.178660 4. uploadRankDB 시작
- 러닝타임:  2
- 러닝타임:  14
2018-08-09 15:22:59.031716 실행
2018-08-09 15:22:59.034635 3. startAlgorithm 시작
- 러닝타임:  12
2018-08-09 15:23:11.091336 4. uploadRankDB 시작
- 러닝타임:  2
- 러닝타임:  14
2018-08-09 15:23:14.013332 실행
2018-08-09 15:23:14.016025 3. startAlgorithm 시작
- 러닝타임:  12
2018-08-09 15:23:26.433809 4. uploadRankDB 시작
- 러닝타임:  4
- 러닝타임:  16
2018-08-09 15:23:31.193646 실행
2018-08-09 15:23:31.196167 3. startAlgorithm 시작
- 러닝타임:  13
2018-08-09 15:23:43.883444 4. uploadRankDB 시작
- 러닝타임:  2
- 러닝타임:  15
2018-08-09 15:23:46.910503 실행
2018-08-09 15:23:46.913706 3. startAlgorithm 시작
- 러닝타임:  14
2018-08-09 15:24:00.706328 4. uploadRankDB 시작
- 러닝타임:  3
- 러닝타임:  17
2018-08-09 15:24:04.916724 실행
2018-08-09 15:24:04.924992 3. startAlgorithm 시작
- 러닝타임:  14
2018-08-09 15:24:19.004717 4. uploadRankDB 시작
- 러닝타임:  2
- 러닝타임:  16
2018-08-09 15:24:22.046694 실행
2018-08-09 15:24:22.049248 3. startAlgorithm 시작
- 러닝타임:  15
2018-08-09 15:24:36.687227 4. uploadRankDB 시작
- 러닝타임:  3
- 러닝타임:  18
2018-08-09 15:24:41.041873 실행
2018-08-09 15:24:41.044964 3. startAlgorithm 시작
- 러닝타임:  13
2018-08-09 15:24:54.406515 4. uploadRankDB 시작
- 러닝타임:  2
- 러닝타임:  15
2018-08-09 15:24:57.324942 실행
2018-08-09 15:24:57.333744 3. startAlgorithm 시작
- 러닝타임:  14
2018-08-09 15:25:11.138372 4. uploadRankDB 시작
- 러닝타임:  3
- 러닝타임:  17
2018-08-09 15:25:15.352265 실행
2018-08-09 15:25:15.355010 3. startAlgorithm 시작
- 러닝타임:  14
2018-08-09 15:25:29.687041 4. uploadRankDB 시작
- 러닝타임:  5
- 러닝타임:  20
2018-08-09 15:25:36.150061 실행
2018-08-09 15:25:36.158789 3. startAlgorithm 시작
- 러닝타임:  13
2018-08-09 15:25:49.152889 4. uploadRankDB 시작
- 러닝타임:  2
- 러닝타임:  15
2018-08-09 15:25:52.075011 실행
2018-08-09 15:25:52.077554 3. startAlgorithm 시작
- 러닝타임:  13
2018-08-09 15:26:05.175510 4. uploadRankDB 시작
- 러닝타임:  2
- 러닝타임:  15
2018-08-09 15:26:08.366698 실행
2018-08-09 15:26:08.369958 3. startAlgorithm 시작
- 러닝타임:  14
2018-08-09 15:26:21.928780 4. uploadRankDB 시작
- 러닝타임:  2
- 러닝타임:  16
2018-08-09 15:26:24.927014 실행
2018-08-09 15:26:24.930266 3. startAlgorithm 시작
- 러닝타임:  14
2018-08-09 15:26:38.952773 4. uploadRankDB 시작
- 러닝타임:  3
- 러닝타임:  17
2018-08-09 15:26:43.073424 실행
2018-08-09 15:26:43.076117 3. startAlgorithm 시작
- 러닝타임:  14
2018-08-09 15:26:56.813686 4. uploadRankDB 시작
- 러닝타임:  2
- 러닝타임:  16
2018-08-09 15:27:00.018356 실행
2018-08-09 15:27:00.020862 3. startAlgorithm 시작
- 러닝타임:  15
2018-08-09 15:27:14.920619 4. uploadRankDB 시작
- 러닝타임:  2
- 러닝타임:  17
2018-08-09 15:27:17.994687 실행
2018-08-09 15:27:17.997600 3. startAlgorithm 시작
- 러닝타임:  13
2018-08-09 15:27:31.318224 4. uploadRankDB 시작
- 러닝타임:  3
- 러닝타임:  16
2018-08-09 15:27:35.462627 실행
2018-08-09 15:27:35.465585 3. startAlgorithm 시작
- 러닝타임:  14
2018-08-09 15:27:49.262048 4. uploadRankDB 시작
- 러닝타임:  2
- 러닝타임:  16
2018-08-09 15:27:52.553626 실행
2018-08-09 15:27:52.556411 3. startAlgorithm 시작
- 러닝타임:  14
2018-08-09 15:28:06.543292 4. uploadRankDB 시작
- 러닝타임:  2
- 러닝타임:  16
2018-08-09 15:28:09.664764 실행
2018-08-09 15:28:09.667348 3. startAlgorithm 시작
- 러닝타임:  14
2018-08-09 15:28:24.043362 4. uploadRankDB 시작
- 러닝타임:  2
- 러닝타임:  16
2018-08-09 15:28:27.165926 실행
2018-08-09 15:28:27.168886 3. startAlgorithm 시작
- 러닝타임:  13
2018-08-09 15:28:40.502688 4. uploadRankDB 시작
- 러닝타임:  2
- 러닝타임:  16
2018-08-09 15:28:43.724319 실행
2018-08-09 15:28:43.727096 3. startAlgorithm 시작
- 러닝타임:  13
2018-08-09 15:28:56.883128 4. uploadRankDB 시작
- 러닝타임:  2
- 러닝타임:  15
2018-08-09 15:28:59.742875 실행
2018-08-09 15:28:59.745975 3. startAlgorithm 시작
- 러닝타임:  14
2018-08-09 15:29:13.896775 4. uploadRankDB 시작
- 러닝타임:  4
- 러닝타임:  18
2018-08-09 15:29:18.782483 실행
2018-08-09 15:29:18.784863 3. startAlgorithm 시작
- 러닝타임:  14
2018-08-09 15:29:33.052379 4. uploadRankDB 시작
- 러닝타임:  2
- 러닝타임:  16
2018-08-09 15:29:36.194047 실행
2018-08-09 15:29:36.196472 3. startAlgorithm 시작
- 러닝타임:  14
2018-08-09 15:29:50.380952 4. uploadRankDB 시작
- 러닝타임:  2
- 러닝타임:  16
2018-08-09 15:29:53.626907 실행
2018-08-09 15:29:53.629926 3. startAlgorithm 시작
- 러닝타임:  14
2018-08-09 15:30:07.250899 4. uploadRankDB 시작
- 러닝타임:  3
- 러닝타임:  17
2018-08-09 15:30:11.719873 실행
2018-08-09 15:30:11.723458 3. startAlgorithm 시작
- 러닝타임:  13
2018-08-09 15:30:24.927552 4. uploadRankDB 시작
- 러닝타임:  2
- 러닝타임:  15
2018-08-09 15:30:28.015093 실행
2018-08-09 15:30:28.017950 3. startAlgorithm 시작
- 러닝타임:  13
2018-08-09 15:30:41.257769 4. uploadRankDB 시작
- 러닝타임:  3
- 러닝타임:  16
2018-08-09 15:30:45.381102 실행
2018-08-09 15:30:45.383961 3. startAlgorithm 시작
- 러닝타임:  14
2018-08-09 15:30:59.310367 4. uploadRankDB 시작
- 러닝타임:  2
- 러닝타임:  16
2018-08-09 15:31:02.447354 실행
2018-08-09 15:31:02.450262 3. startAlgorithm 시작
- 러닝타임:  14
2018-08-09 15:31:16.382727 4. uploadRankDB 시작
- 러닝타임:  2
- 러닝타임:  16
2018-08-09 15:31:19.682594 실행
2018-08-09 15:31:19.684991 3. startAlgorithm 시작
- 러닝타임:  14
2018-08-09 15:31:33.916351 4. uploadRankDB 시작
- 러닝타임:  2
- 러닝타임:  16
2018-08-09 15:31:37.042644 실행
2018-08-09 15:31:37.045625 3. startAlgorithm 시작
- 러닝타임:  13
2018-08-09 15:31:50.471516 4. uploadRankDB 시작
- 러닝타임:  3
- 러닝타임:  17
2018-08-09 15:31:54.887288 실행
2018-08-09 15:31:54.889762 3. startAlgorithm 시작
- 러닝타임:  14
2018-08-09 15:32:09.255086 4. uploadRankDB 시작
- 러닝타임:  2
- 러닝타임:  16
2018-08-09 15:32:12.348541 실행
2018-08-09 15:32:12.351405 3. startAlgorithm 시작
- 러닝타임:  14
2018-08-09 15:32:26.078332 4. uploadRankDB 시작
- 러닝타임:  2
- 러닝타임:  16
2018-08-09 15:32:29.113812 실행
2018-08-09 15:32:29.116428 3. startAlgorithm 시작
- 러닝타임:  14
2018-08-09 15:32:43.380823 4. uploadRankDB 시작
- 러닝타임:  2
- 러닝타임:  16
2018-08-09 15:32:46.286161 실행
2018-08-09 15:32:46.288688 3. startAlgorithm 시작
- 러닝타임:  15
2018-08-09 15:33:00.939870 4. uploadRankDB 시작
- 러닝타임:  2
- 러닝타임:  17
2018-08-09 15:33:03.852027 실행
2018-08-09 15:33:03.863910 3. startAlgorithm 시작
- 러닝타임:  14
2018-08-09 15:33:18.124477 4. uploadRankDB 시작
- 러닝타임:  3
- 러닝타임:  17
2018-08-09 15:33:22.281773 실행
2018-08-09 15:33:22.283657 3. startAlgorithm 시작
- 러닝타임:  14
2018-08-09 15:33:35.819522 4. uploadRankDB 시작
- 러닝타임:  2
- 러닝타임:  16
2018-08-09 15:33:38.796189 실행
2018-08-09 15:33:38.798132 3. startAlgorithm 시작
- 러닝타임:  19
2018-08-09 15:33:58.169667 4. uploadRankDB 시작
- 러닝타임:  2
- 러닝타임:  21
2018-08-09 15:34:01.027030 실행
2018-08-09 15:34:01.029074 3. startAlgorithm 시작
- 러닝타임:  14
2018-08-09 15:34:14.872563 4. uploadRankDB 시작
- 러닝타임:  4
- 러닝타임:  18
2018-08-09 15:34:19.990754 실행
2018-08-09 15:34:19.994276 3. startAlgorithm 시작
- 러닝타임:  13
2018-08-09 15:34:33.467526 4. uploadRankDB 시작
- 러닝타임:  2
- 러닝타임:  15
2018-08-09 15:34:36.316807 실행
2018-08-09 15:34:36.320038 3. startAlgorithm 시작
- 러닝타임:  13
2018-08-09 15:34:49.790400 4. uploadRankDB 시작
- 러닝타임:  2
- 러닝타임:  15
2018-08-09 15:34:52.736650 실행
2018-08-09 15:34:52.739634 3. startAlgorithm 시작
- 러닝타임:  14
2018-08-09 15:35:06.967220 4. uploadRankDB 시작
- 러닝타임:  2
- 러닝타임:  16
2018-08-09 15:35:09.982639 실행
2018-08-09 15:35:09.985073 3. startAlgorithm 시작
- 러닝타임:  14
2018-08-09 15:35:24.245833 4. uploadRankDB 시작
- 러닝타임:  6
- 러닝타임:  20
2018-08-09 15:35:30.862289 실행
2018-08-09 15:35:30.864911 3. startAlgorithm 시작
- 러닝타임:  14
2018-08-09 15:35:44.675323 4. uploadRankDB 시작
- 러닝타임:  3
- 러닝타임:  17
2018-08-09 15:35:48.610477 실행
2018-08-09 15:35:48.613325 3. startAlgorithm 시작
- 러닝타임:  14
2018-08-09 15:36:02.505341 4. uploadRankDB 시작
- 러닝타임:  3
- 러닝타임:  17
2018-08-09 15:36:06.280953 실행
2018-08-09 15:36:06.283719 3. startAlgorithm 시작
- 러닝타임:  14
2018-08-09 15:36:20.328123 4. uploadRankDB 시작
- 러닝타임:  2
- 러닝타임:  16
2018-08-09 15:36:23.614926 실행
2018-08-09 15:36:23.617313 3. startAlgorithm 시작
- 러닝타임:  14
2018-08-09 15:36:37.968668 4. uploadRankDB 시작
- 러닝타임:  3
- 러닝타임:  17
2018-08-09 15:36:41.811438 실행
2018-08-09 15:36:41.813941 3. startAlgorithm 시작
- 러닝타임:  14
2018-08-09 15:36:55.916639 4. uploadRankDB 시작
- 러닝타임:  2
- 러닝타임:  16
2018-08-09 15:36:58.894423 실행
2018-08-09 15:36:58.897405 3. startAlgorithm 시작
- 러닝타임:  14
2018-08-09 15:37:13.050198 4. uploadRankDB 시작
- 러닝타임:  6
- 러닝타임:  20
2018-08-09 15:37:20.049774 실행
2018-08-09 15:37:20.052075 3. startAlgorithm 시작
- 러닝타임:  14
2018-08-09 15:37:34.223407 4. uploadRankDB 시작
- 러닝타임:  3
- 러닝타임:  17
2018-08-09 15:37:37.769856 실행
2018-08-09 15:37:37.773027 3. startAlgorithm 시작
- 러닝타임:  14
2018-08-09 15:37:52.077588 4. uploadRankDB 시작
- 러닝타임:  3
- 러닝타임:  18
2018-08-09 15:37:56.503403 실행
2018-08-09 15:37:56.505656 3. startAlgorithm 시작
- 러닝타임:  15
2018-08-09 15:38:11.443529 4. uploadRankDB 시작
- 러닝타임:  2
- 러닝타임:  17
2018-08-09 15:38:14.326773 실행
2018-08-09 15:38:14.335285 3. startAlgorithm 시작
- 러닝타임:  14
2018-08-09 15:38:28.594409 4. uploadRankDB 시작
- 러닝타임:  11
- 러닝타임:  25
2018-08-09 15:38:40.405852 실행
2018-08-09 15:38:40.408480 3. startAlgorithm 시작
- 러닝타임:  14
2018-08-09 15:38:54.546601 4. uploadRankDB 시작
- 러닝타임:  2
- 러닝타임:  16
2018-08-09 15:38:57.779779 실행
2018-08-09 15:38:57.782082 3. startAlgorithm 시작
- 러닝타임:  14
2018-08-09 15:39:11.828647 4. uploadRankDB 시작
- 러닝타임:  2
- 러닝타임:  16
2018-08-09 15:39:15.023790 실행
2018-08-09 15:39:15.026637 3. startAlgorithm 시작
- 러닝타임:  14
2018-08-09 15:39:29.033951 4. uploadRankDB 시작
- 러닝타임:  2
- 러닝타임:  16
2018-08-09 15:39:32.008812 실행
2018-08-09 15:39:32.011981 3. startAlgorithm 시작
- 러닝타임:  14
2018-08-09 15:39:46.053208 4. uploadRankDB 시작
- 러닝타임:  2
- 러닝타임:  16
2018-08-09 15:39:48.942094 실행
2018-08-09 15:39:48.945086 3. startAlgorithm 시작
- 러닝타임:  14
2018-08-09 15:40:02.967878 4. uploadRankDB 시작
- 러닝타임:  2
- 러닝타임:  16
2018-08-09 15:40:05.949658 실행
2018-08-09 15:40:05.952818 3. startAlgorithm 시작
- 러닝타임:  14
2018-08-09 15:40:20.017734 4. uploadRankDB 시작
- 러닝타임:  2
- 러닝타임:  16
2018-08-09 15:40:22.938752 실행
2018-08-09 15:40:22.941226 3. startAlgorithm 시작
- 러닝타임:  14
2018-08-09 15:40:37.232212 4. uploadRankDB 시작
- 러닝타임:  5
- 러닝타임:  19
2018-08-09 15:40:43.294554 실행
2018-08-09 15:40:43.303423 3. startAlgorithm 시작
- 러닝타임:  14
2018-08-09 15:40:57.611006 4. uploadRankDB 시작
- 러닝타임:  3
- 러닝타임:  17
2018-08-09 15:41:01.306980 실행
2018-08-09 15:41:01.309323 3. startAlgorithm 시작
- 러닝타임:  15
2018-08-09 15:41:15.968602 4. uploadRankDB 시작
- 러닝타임:  12
- 러닝타임:  26
2018-08-09 15:41:28.653156 실행
2018-08-09 15:41:28.663006 3. startAlgorithm 시작
- 러닝타임:  14
2018-08-09 15:41:42.881578 4. uploadRankDB 시작
- 러닝타임:  2
- 러닝타임:  16
2018-08-09 15:41:45.880580 실행
2018-08-09 15:41:45.883820 3. startAlgorithm 시작
- 러닝타임:  17
2018-08-09 15:42:03.274273 4. uploadRankDB 시작
- 러닝타임:  3
- 러닝타임:  20
2018-08-09 15:42:06.953284 실행
2018-08-09 15:42:06.956173 3. startAlgorithm 시작
- 러닝타임:  14
2018-08-09 15:42:20.779835 4. uploadRankDB 시작
- 러닝타임:  2
- 러닝타임:  16
2018-08-09 15:42:23.674577 실행
2018-08-09 15:42:23.677123 3. startAlgorithm 시작
- 러닝타임:  14
2018-08-09 15:42:37.434912 4. uploadRankDB 시작
- 러닝타임:  2
- 러닝타임:  16
2018-08-09 15:42:40.575502 실행
2018-08-09 15:42:40.577998 3. startAlgorithm 시작
- 러닝타임:  14
2018-08-09 15:42:54.373774 4. uploadRankDB 시작
- 러닝타임:  3
- 러닝타임:  17
2018-08-09 15:42:58.119583 실행
2018-08-09 15:42:58.122659 3. startAlgorithm 시작
- 러닝타임:  14
2018-08-09 15:43:11.957839 4. uploadRankDB 시작
- 러닝타임:  2
- 러닝타임:  16
2018-08-09 15:43:14.982837 실행
2018-08-09 15:43:14.985923 3. startAlgorithm 시작
- 러닝타임:  14
2018-08-09 15:43:28.823379 4. uploadRankDB 시작
- 러닝타임:  2
- 러닝타임:  16
2018-08-09 15:43:31.876290 실행
2018-08-09 15:43:31.878725 3. startAlgorithm 시작
- 러닝타임:  14
2018-08-09 15:43:45.734408 4. uploadRankDB 시작
- 러닝타임:  2
- 러닝타임:  16
2018-08-09 15:43:48.786606 실행
2018-08-09 15:43:48.789041 3. startAlgorithm 시작
- 러닝타임:  14
2018-08-09 15:44:02.918527 4. uploadRankDB 시작
- 러닝타임:  2
- 러닝타임:  16
2018-08-09 15:44:05.982828 실행
2018-08-09 15:44:05.985226 3. startAlgorithm 시작
- 러닝타임:  15
2018-08-09 15:44:20.539384 4. uploadRankDB 시작
- 러닝타임:  3
- 러닝타임:  18
2018-08-09 15:44:24.727113 실행
2018-08-09 15:44:24.729595 3. startAlgorithm 시작
- 러닝타임:  15
2018-08-09 15:44:39.307217 4. uploadRankDB 시작
- 러닝타임:  2
- 러닝타임:  16
2018-08-09 15:44:42.231600 실행
2018-08-09 15:44:42.234484 3. startAlgorithm 시작
- 러닝타임:  15
2018-08-09 15:44:56.814898 4. uploadRankDB 시작
- 러닝타임:  3
- 러닝타임:  17
2018-08-09 15:45:00.518687 실행
2018-08-09 15:45:00.521927 3. startAlgorithm 시작
- 러닝타임:  15
2018-08-09 15:45:15.219059 4. uploadRankDB 시작
- 러닝타임:  3
- 러닝타임:  18
2018-08-09 15:45:19.420730 실행
2018-08-09 15:45:19.423917 3. startAlgorithm 시작
- 러닝타임:  15
2018-08-09 15:45:34.049135 4. uploadRankDB 시작
- 러닝타임:  2
- 러닝타임:  17
2018-08-09 15:45:37.371377 실행
2018-08-09 15:45:37.374797 3. startAlgorithm 시작
- 러닝타임:  15
2018-08-09 15:45:52.015459 4. uploadRankDB 시작
- 러닝타임:  2
- 러닝타임:  17
2018-08-09 15:45:55.093071 실행
2018-08-09 15:45:55.095909 3. startAlgorithm 시작
- 러닝타임:  15
2018-08-09 15:46:09.742796 4. uploadRankDB 시작
- 러닝타임:  2
- 러닝타임:  17
2018-08-09 15:46:12.707086 실행
2018-08-09 15:46:12.709607 3. startAlgorithm 시작
- 러닝타임:  15
2018-08-09 15:46:27.400502 4. uploadRankDB 시작
- 러닝타임:  3
- 러닝타임:  18
2018-08-09 15:46:31.884257 실행
2018-08-09 15:46:31.887344 3. startAlgorithm 시작
- 러닝타임:  15
2018-08-09 15:46:46.548946 4. uploadRankDB 시작
- 러닝타임:  4
- 러닝타임:  18
2018-08-09 15:46:51.117557 실행
2018-08-09 15:46:51.120158 3. startAlgorithm 시작
- 러닝타임:  15
2018-08-09 15:47:05.842261 4. uploadRankDB 시작
- 러닝타임:  2
- 러닝타임:  17
2018-08-09 15:47:09.260160 실행
2018-08-09 15:47:09.262928 3. startAlgorithm 시작
- 러닝타임:  15
2018-08-09 15:47:23.969432 4. uploadRankDB 시작
- 러닝타임:  3
- 러닝타임:  18
2018-08-09 15:47:28.353925 실행
2018-08-09 15:47:28.356519 3. startAlgorithm 시작
- 러닝타임:  15
2018-08-09 15:47:43.103282 4. uploadRankDB 시작
- 러닝타임:  2
- 러닝타임:  17
2018-08-09 15:47:46.205525 실행
2018-08-09 15:47:46.208057 3. startAlgorithm 시작
- 러닝타임:  15
2018-08-09 15:48:00.962338 4. uploadRankDB 시작
- 러닝타임:  2
- 러닝타임:  17
2018-08-09 15:48:03.967068 실행
2018-08-09 15:48:03.977944 3. startAlgorithm 시작
- 러닝타임:  15
2018-08-09 15:48:18.742031 4. uploadRankDB 시작
- 러닝타임:  2
- 러닝타임:  17
2018-08-09 15:48:21.675600 실행
2018-08-09 15:48:21.678624 3. startAlgorithm 시작
- 러닝타임:  15
2018-08-09 15:48:36.501884 4. uploadRankDB 시작
- 러닝타임:  2
- 러닝타임:  17
2018-08-09 15:48:39.557740 실행
2018-08-09 15:48:39.560463 3. startAlgorithm 시작
- 러닝타임:  15
2018-08-09 15:48:54.411886 4. uploadRankDB 시작
- 러닝타임:  6
- 러닝타임:  21
2018-08-09 15:49:01.519119 실행
2018-08-09 15:49:01.522065 3. startAlgorithm 시작
- 러닝타임:  15
2018-08-09 15:49:16.390989 4. uploadRankDB 시작
- 러닝타임:  2
- 러닝타임:  17
2018-08-09 15:49:19.373352 실행
2018-08-09 15:49:19.375857 3. startAlgorithm 시작
- 러닝타임:  15
2018-08-09 15:49:34.239278 4. uploadRankDB 시작
- 러닝타임:  2
- 러닝타임:  17
2018-08-09 15:49:37.189449 실행
2018-08-09 15:49:37.192232 3. startAlgorithm 시작
- 러닝타임:  15
2018-08-09 15:49:52.035256 4. uploadRankDB 시작
- 러닝타임:  4
- 러닝타임:  18
2018-08-09 15:49:56.565613 실행
2018-08-09 15:49:56.569082 3. startAlgorithm 시작
- 러닝타임:  15
2018-08-09 15:50:11.568436 4. uploadRankDB 시작
- 러닝타임:  2
- 러닝타임:  17
2018-08-09 15:50:14.638217 실행
2018-08-09 15:50:14.641037 3. startAlgorithm 시작
- 러닝타임:  15
2018-08-09 15:50:29.524158 4. uploadRankDB 시작
- 러닝타임:  2
- 러닝타임:  17
2018-08-09 15:50:32.482071 실행
2018-08-09 15:50:32.484829 3. startAlgorithm 시작
- 러닝타임:  15
2018-08-09 15:50:47.445434 4. uploadRankDB 시작
- 러닝타임:  2
- 러닝타임:  17
2018-08-09 15:50:50.638000 실행
2018-08-09 15:50:50.640815 3. startAlgorithm 시작
- 러닝타임:  15
2018-08-09 15:51:05.594524 4. uploadRankDB 시작
- 러닝타임:  3
- 러닝타임:  18
2018-08-09 15:51:09.276882 실행
2018-08-09 15:51:09.279706 3. startAlgorithm 시작
- 러닝타임:  15
2018-08-09 15:51:24.270929 4. uploadRankDB 시작
- 러닝타임:  2
- 러닝타임:  17
2018-08-09 15:51:27.238176 실행
2018-08-09 15:51:27.241013 3. startAlgorithm 시작
- 러닝타임:  15
2018-08-09 15:51:42.198334 4. uploadRankDB 시작
- 러닝타임:  2
- 러닝타임:  17
2018-08-09 15:51:45.241795 실행
2018-08-09 15:51:45.245133 3. startAlgorithm 시작
- 러닝타임:  15
2018-08-09 15:52:00.255857 4. uploadRankDB 시작
- 러닝타임:  4
- 러닝타임:  19
2018-08-09 15:52:04.783984 실행
2018-08-09 15:52:04.786802 3. startAlgorithm 시작
- 러닝타임:  15
2018-08-09 15:52:19.719954 4. uploadRankDB 시작
- 러닝타임:  2
- 러닝타임:  17
2018-08-09 15:52:22.718854 실행
2018-08-09 15:52:22.721470 3. startAlgorithm 시작
- 러닝타임:  14
2018-08-09 15:52:37.117569 4. uploadRankDB 시작
- 러닝타임:  3
- 러닝타임:  18
2018-08-09 15:52:41.272347 실행
2018-08-09 15:52:41.275340 3. startAlgorithm 시작
- 러닝타임:  14
2018-08-09 15:52:55.649121 4. uploadRankDB 시작
- 러닝타임:  4
- 러닝타임:  18
2018-08-09 15:53:00.296871 실행
2018-08-09 15:53:00.299346 3. startAlgorithm 시작
- 러닝타임:  15
2018-08-09 15:53:15.778842 4. uploadRankDB 시작
- 러닝타임:  4
- 러닝타임:  20
2018-08-09 15:53:21.088832 실행
2018-08-09 15:53:21.092341 3. startAlgorithm 시작
- 러닝타임:  15
2018-08-09 15:53:35.607404 4. uploadRankDB 시작
- 러닝타임:  2
- 러닝타임:  16
2018-08-09 15:53:38.591190 실행
2018-08-09 15:53:38.593852 3. startAlgorithm 시작
- 러닝타임:  14
2018-08-09 15:53:53.058222 4. uploadRankDB 시작
- 러닝타임:  2
- 러닝타임:  17
2018-08-09 15:53:56.126206 실행
2018-08-09 15:53:56.135431 3. startAlgorithm 시작
- 러닝타임:  13
2018-08-09 15:54:09.244268 4. uploadRankDB 시작
- 러닝타임:  2
- 러닝타임:  15
2018-08-09 15:54:12.296579 실행
2018-08-09 15:54:12.301387 3. startAlgorithm 시작
- 러닝타임:  25
2018-08-09 15:54:37.167674 4. uploadRankDB 시작
- 러닝타임:  4
- 러닝타임:  29
2018-08-09 15:54:41.878442 실행
2018-08-09 15:54:41.881190 3. startAlgorithm 시작
- 러닝타임:  14
2018-08-09 15:54:56.158108 4. uploadRankDB 시작
- 러닝타임:  4
- 러닝타임:  18
