2018-08-06 13:32:16.658162 MoonStock Program Started!!
2018-08-06 13:32:16.658442 Started!!
1. 위치:  addDayStock
2. 러닝타임:  233
1. 사라진 회사  ['성지건설', '동북아12호', '동북아13호', 'TIGER 금속선물(H)', '세화아이엠씨', 'TREX 펀더멘탈 200', '마이티 코스피100', 'TIGER 베타플러스', '파워 중기국고채', 'ARIRANG 바벨 채권', 'ARIRANG 단기유동성', 'SMART 선진국MSCI World(합성 H)', '흥국 S&P코리아로우볼', 'TIGER 200 생활소비재', 'TIGER 지속배당', 'TIGER 글로벌자원생산기업(합성 H)', 'KODEX MSCI KOREA ESG유니버설', 'TIGER MSCI KOREA ESG유니버설', 'TIGER 200커버드콜ATM', 'ARIRANG 국채선물10년', '신한 달러인덱스 선물 ETN(H)', '신한 인버스 달러인덱스 선물 ETN(H)', '신한 MSCI 인도네시아 선물 ETN(H)', '대신 인버스 철광석 선물 ETN(H)', '미래에셋 미국 시니어론 100 ETN', '미래에셋 원자재 선물 ETN(H)', '삼성 미국 중소형 성장주 ETN(H)', '삼성 미국 중소형 가치주 ETN(H)', '삼성 미국 대형 가치주 ETN', '삼성 미국 중소형 성장주 ETN', '삼성 미국 중소형 가치주 ETN', '삼성 Cushing 에너지인프라 MLP ETN', '삼성 인도 Nifty50 선물 ETN(H)', '삼성 인버스 인도 Nifty50 선물 ETN(H)', '삼성 레버리지 인도 Nifty50 선물 ETN(H)', 'QV 스마트리밸런싱 250/3 ETN', 'QV 롱숏 K150 매수 로우볼 매도 ETN', 'QV 스마트리밸런싱 260/4 ETN', 'QV 인버스 레버리지 S&P500 ETN', 'TRUE 빅5 동일가중 ETN', 'TRUE 목표변동성20 코스피선물 ETN', 'TRUE 섹터탑픽 ETN', 'TRUE 코리아프리미어 ETN', 'TRUE 위안화 중국5년국채 ETN', 'TRUE 인버스 차이나H ETN(H)', 'KB Monthly Best 11 ETN', 'KB KQ Monthly Best 11 ETN', 'KB 우량주 Monthly Best 11 ETN', 'KB KTOP30 ETN', 'KB KQ 우량주30 ETN', '미래에셋 미국 대형주 ETN(H)', '미래에셋 미국 리츠 ETN(H)', '미래에셋 미국 헬스케어 ETN(H)', '미래에셋 유럽 대형주 ETN(H)']
2. 사라진 회사 수 54
1. 위치:  addRealtimeStock
2. 러닝타임:  135
1. 위치:  startAlgorithm
2. 러닝타임:  24
2018-08-06 14:15:32.308798 MoonStock Program Started!!
2018-08-06 14:15:32.308990 Started!!
2018-08-06 14:15:49.459080 MoonStock Program Started!!
2018-08-06 14:15:49.459283 Started!!
1. 위치:  check2
2. 러닝타임:  0
2018-08-06 14:16:05.244043 MoonStock Program Started!!
2018-08-06 14:16:05.244240 Started!!
1. 위치:  addDayStock
2. 러닝타임:  11
1. 사라진 회사  ['성지건설', '동북아12호', '동북아13호', 'TIGER 금속선물(H)', '세화아이엠씨', 'TREX 펀더멘탈 200', '마이티 코스피100', 'TIGER 베타플러스', '파워 중기국고채', 'ARIRANG 바벨 채권', 'ARIRANG 단기유동성', 'SMART 선진국MSCI World(합성 H)', '흥국 S&P코리아로우볼', 'TIGER 지속배당', 'TIGER 글로벌자원생산기업(합성 H)', 'KODEX MSCI KOREA ESG유니버설', 'TIGER MSCI KOREA ESG유니버설', 'TIGER 200커버드콜ATM', 'ARIRANG 국채선물10년', '신한 달러인덱스 선물 ETN(H)', '신한 인버스 달러인덱스 선물 ETN(H)', '신한 MSCI 인도네시아 선물 ETN(H)', '대신 인버스 철광석 선물 ETN(H)', '미래에셋 미국 시니어론 100 ETN', '미래에셋 원자재 선물 ETN(H)', '삼성 미국 중소형 성장주 ETN(H)', '삼성 미국 중소형 가치주 ETN(H)', '삼성 미국 대형 가치주 ETN', '삼성 미국 중소형 성장주 ETN', '삼성 미국 중소형 가치주 ETN', '삼성 Cushing 에너지인프라 MLP ETN', '삼성 인도 Nifty50 선물 ETN(H)', '삼성 인버스 인도 Nifty50 선물 ETN(H)', '삼성 레버리지 인도 Nifty50 선물 ETN(H)', 'QV 스마트리밸런싱 250/3 ETN', 'QV 롱숏 K150 매수 로우볼 매도 ETN', 'QV 스마트리밸런싱 260/4 ETN', 'QV 인버스 레버리지 S&P500 ETN', 'TRUE 빅5 동일가중 ETN', 'TRUE 목표변동성20 코스피선물 ETN', 'TRUE 섹터탑픽 ETN', 'TRUE 코리아프리미어 ETN', 'TRUE 위안화 중국5년국채 ETN', 'TRUE 인버스 차이나H ETN(H)', 'KB Monthly Best 11 ETN', 'KB KQ Monthly Best 11 ETN', 'KB 우량주 Monthly Best 11 ETN', 'KB KTOP30 ETN', 'KB KQ 우량주30 ETN', '미래에셋 미국 대형주 ETN(H)', '미래에셋 미국 리츠 ETN(H)', '미래에셋 미국 헬스케어 ETN(H)', '미래에셋 유럽 대형주 ETN(H)']
2. 사라진 회사 수 53
1. 위치:  addRealtimeStock
2. 러닝타임:  150
1. 위치:  startAlgorithm
2. 러닝타임:  21
2018-08-06 14:27:17.892123 MoonStock Program Started!!
2018-08-06 14:27:17.892319 Started!!
1. 위치:  addDayStock
2. 러닝타임:  11
1. 사라진 회사  ['성지건설', '동북아12호', '동북아13호', 'TIGER 금속선물(H)', '세화아이엠씨', 'TREX 펀더멘탈 200', '마이티 코스피100', 'TIGER 베타플러스', '파워 중기국고채', 'ARIRANG 바벨 채권', 'ARIRANG 단기유동성', 'SMART 선진국MSCI World(합성 H)', 'TIGER 지속배당', 'KODEX MSCI KOREA ESG유니버설', 'TIGER MSCI KOREA ESG유니버설', 'TIGER 200커버드콜ATM', 'ARIRANG 국채선물10년', '신한 인버스 달러인덱스 선물 ETN(H)', '신한 MSCI 인도네시아 선물 ETN(H)', '대신 인버스 철광석 선물 ETN(H)', '미래에셋 미국 시니어론 100 ETN', '미래에셋 원자재 선물 ETN(H)', '삼성 미국 중소형 성장주 ETN(H)', '삼성 미국 중소형 가치주 ETN(H)', '삼성 미국 대형 가치주 ETN', '삼성 미국 중소형 성장주 ETN', '삼성 미국 중소형 가치주 ETN', '삼성 Cushing 에너지인프라 MLP ETN', '삼성 인도 Nifty50 선물 ETN(H)', '삼성 인버스 인도 Nifty50 선물 ETN(H)', '삼성 레버리지 인도 Nifty50 선물 ETN(H)', 'QV 스마트리밸런싱 250/3 ETN', 'QV 롱숏 K150 매수 로우볼 매도 ETN', 'QV 스마트리밸런싱 260/4 ETN', 'QV 인버스 레버리지 S&P500 ETN', 'TRUE 빅5 동일가중 ETN', 'TRUE 목표변동성20 코스피선물 ETN', 'TRUE 섹터탑픽 ETN', 'TRUE 코리아프리미어 ETN', 'TRUE 위안화 중국5년국채 ETN', 'TRUE 인버스 차이나H ETN(H)', 'KB Monthly Best 11 ETN', 'KB KQ Monthly Best 11 ETN', 'KB 우량주 Monthly Best 11 ETN', 'KB KTOP30 ETN', 'KB KQ 우량주30 ETN', '미래에셋 미국 대형주 ETN(H)', '미래에셋 미국 리츠 ETN(H)', '미래에셋 미국 헬스케어 ETN(H)', '미래에셋 유럽 대형주 ETN(H)']
2. 사라진 회사 수 50
1. 위치:  addRealtimeStock
2. 러닝타임:  142
1. 위치:  startAlgorithm
2. 러닝타임:  21
2018-08-06 14:31:03.784772 MoonStock Program Started!!
2018-08-06 14:31:03.784976 Started!!
2018-08-06 14:33:51.361230 MoonStock Program Started!!
2018-08-06 14:33:51.363610 Started!!
1. 위치:  addDayStock
2. 러닝타임:  11
1. 사라진 회사  ['성지건설', '동북아12호', '동북아13호', 'TIGER 금속선물(H)', '세화아이엠씨', 'TREX 펀더멘탈 200', '마이티 코스피100', 'TIGER 베타플러스', '파워 중기국고채', 'ARIRANG 바벨 채권', 'ARIRANG 단기유동성', 'SMART 선진국MSCI World(합성 H)', 'TIGER 지속배당', 'KODEX MSCI KOREA ESG유니버설', 'TIGER MSCI KOREA ESG유니버설', 'TIGER 200커버드콜ATM', 'ARIRANG 국채선물10년', '신한 인버스 달러인덱스 선물 ETN(H)', '신한 MSCI 인도네시아 선물 ETN(H)', '대신 인버스 철광석 선물 ETN(H)', '미래에셋 미국 시니어론 100 ETN', '미래에셋 원자재 선물 ETN(H)', '삼성 미국 중소형 성장주 ETN(H)', '삼성 미국 중소형 가치주 ETN(H)', '삼성 미국 대형 가치주 ETN', '삼성 미국 중소형 성장주 ETN', '삼성 미국 중소형 가치주 ETN', '삼성 Cushing 에너지인프라 MLP ETN', '삼성 인도 Nifty50 선물 ETN(H)', '삼성 인버스 인도 Nifty50 선물 ETN(H)', '삼성 레버리지 인도 Nifty50 선물 ETN(H)', 'QV 스마트리밸런싱 250/3 ETN', 'QV 롱숏 K150 매수 로우볼 매도 ETN', 'QV 스마트리밸런싱 260/4 ETN', 'QV 인버스 레버리지 S&P500 ETN', 'TRUE 빅5 동일가중 ETN', 'TRUE 목표변동성20 코스피선물 ETN', 'TRUE 섹터탑픽 ETN', 'TRUE 코리아프리미어 ETN', 'TRUE 위안화 중국5년국채 ETN', 'TRUE 인버스 차이나H ETN(H)', 'KB Monthly Best 11 ETN', 'KB KQ Monthly Best 11 ETN', 'KB 우량주 Monthly Best 11 ETN', 'KB KTOP30 ETN', 'KB KQ 우량주30 ETN', '미래에셋 미국 대형주 ETN(H)', '미래에셋 미국 리츠 ETN(H)', '미래에셋 미국 헬스케어 ETN(H)', '미래에셋 유럽 대형주 ETN(H)']
2. 사라진 회사 수 50
1. 위치:  addRealtimeStock
2. 러닝타임:  185
2018-08-06 14:37:58.638122 MoonStock Program Started!!
2018-08-06 14:37:58.638321 Started!!
1. 위치:  addDayStock
2. 러닝타임:  13
1. 사라진 회사  ['성지건설', '동북아12호', '동북아13호', 'TIGER 금속선물(H)', '세화아이엠씨', 'TREX 펀더멘탈 200', '마이티 코스피100', 'TIGER 베타플러스', '파워 중기국고채', 'ARIRANG 바벨 채권', 'ARIRANG 단기유동성', 'SMART 선진국MSCI World(합성 H)', 'TIGER 지속배당', 'KODEX MSCI KOREA ESG유니버설', 'TIGER MSCI KOREA ESG유니버설', 'TIGER 200커버드콜ATM', 'ARIRANG 국채선물10년', '신한 인버스 달러인덱스 선물 ETN(H)', '신한 MSCI 인도네시아 선물 ETN(H)', '대신 인버스 철광석 선물 ETN(H)', '미래에셋 미국 시니어론 100 ETN', '미래에셋 원자재 선물 ETN(H)', '삼성 미국 중소형 성장주 ETN(H)', '삼성 미국 중소형 가치주 ETN(H)', '삼성 미국 대형 가치주 ETN', '삼성 미국 중소형 성장주 ETN', '삼성 미국 중소형 가치주 ETN', '삼성 Cushing 에너지인프라 MLP ETN', '삼성 인도 Nifty50 선물 ETN(H)', '삼성 인버스 인도 Nifty50 선물 ETN(H)', '삼성 레버리지 인도 Nifty50 선물 ETN(H)', 'QV 스마트리밸런싱 250/3 ETN', 'QV 롱숏 K150 매수 로우볼 매도 ETN', 'QV 스마트리밸런싱 260/4 ETN', 'QV 인버스 레버리지 S&P500 ETN', 'TRUE 빅5 동일가중 ETN', 'TRUE 목표변동성20 코스피선물 ETN', 'TRUE 섹터탑픽 ETN', 'TRUE 코리아프리미어 ETN', 'TRUE 위안화 중국5년국채 ETN', 'TRUE 인버스 차이나H ETN(H)', 'KB Monthly Best 11 ETN', 'KB KQ Monthly Best 11 ETN', 'KB 우량주 Monthly Best 11 ETN', 'KB KTOP30 ETN', 'KB KQ 우량주30 ETN', '미래에셋 미국 대형주 ETN(H)', '미래에셋 미국 리츠 ETN(H)', '미래에셋 미국 헬스케어 ETN(H)', '미래에셋 유럽 대형주 ETN(H)']
2. 사라진 회사 수 50
1. 위치:  addRealtimeStock
2. 러닝타임:  175
1. 위치:  startAlgorithm
2. 러닝타임:  22
2018-08-06 14:44:01.955753 MoonStock Program Started!!
2018-08-06 14:44:01.955961 Started!!
1. 위치:  addDayStock
2. 러닝타임:  11
1. 사라진 회사  ['성지건설', '동북아12호', '동북아13호', 'TIGER 금속선물(H)', '세화아이엠씨', 'TREX 펀더멘탈 200', '마이티 코스피100', 'TIGER 베타플러스', '파워 중기국고채', 'ARIRANG 바벨 채권', 'ARIRANG 단기유동성', 'SMART 선진국MSCI World(합성 H)', 'TIGER 지속배당', 'KODEX MSCI KOREA ESG유니버설', 'TIGER MSCI KOREA ESG유니버설', 'TIGER 200커버드콜ATM', 'ARIRANG 국채선물10년', '신한 인버스 달러인덱스 선물 ETN(H)', '신한 MSCI 인도네시아 선물 ETN(H)', '대신 인버스 철광석 선물 ETN(H)', '미래에셋 미국 시니어론 100 ETN', '미래에셋 원자재 선물 ETN(H)', '삼성 미국 중소형 성장주 ETN(H)', '삼성 미국 중소형 가치주 ETN(H)', '삼성 미국 대형 가치주 ETN', '삼성 미국 중소형 성장주 ETN', '삼성 미국 중소형 가치주 ETN', '삼성 Cushing 에너지인프라 MLP ETN', '삼성 인도 Nifty50 선물 ETN(H)', '삼성 인버스 인도 Nifty50 선물 ETN(H)', '삼성 레버리지 인도 Nifty50 선물 ETN(H)', 'QV 스마트리밸런싱 250/3 ETN', 'QV 롱숏 K150 매수 로우볼 매도 ETN', 'QV 스마트리밸런싱 260/4 ETN', 'QV 인버스 레버리지 S&P500 ETN', 'TRUE 빅5 동일가중 ETN', 'TRUE 목표변동성20 코스피선물 ETN', 'TRUE 섹터탑픽 ETN', 'TRUE 코리아프리미어 ETN', 'TRUE 위안화 중국5년국채 ETN', 'TRUE 인버스 차이나H ETN(H)', 'KB Monthly Best 11 ETN', 'KB KQ Monthly Best 11 ETN', 'KB 우량주 Monthly Best 11 ETN', 'KB KTOP30 ETN', 'KB KQ 우량주30 ETN', '미래에셋 미국 대형주 ETN(H)', '미래에셋 미국 리츠 ETN(H)', '미래에셋 미국 헬스케어 ETN(H)', '미래에셋 유럽 대형주 ETN(H)']
2. 사라진 회사 수 50
1. 위치:  addRealtimeStock
2. 러닝타임:  171
1. 위치:  startAlgorithm
2. 러닝타임:  23
1. 위치:  main
2. 러닝타임:  209
2018-08-06 14:58:44.028461 MoonStock Program Started!!
2018-08-06 14:58:44.028715 Started!!
1. 위치:  addDayStock
2. 러닝타임:  13
2018-08-06 15:02:43.521620 MoonStock Program Started!!
2018-08-06 15:02:43.521827 Started!!
2018-08-06 15:04:03.337736 MoonStock Program Started!!
2018-08-06 15:04:03.337951 Started!!
2018-08-06 15:04:47.998785 MoonStock Program Started!!
2018-08-06 15:04:47.999048 Started!!
2018-08-06 15:05:29.724522 MoonStock Program Started!!
2018-08-06 15:05:29.724747 Started!!
2018-08-06 15:06:22.643123 MoonStock Program Started!!
2018-08-06 15:06:22.643326 Started!!
2018-08-06 15:34:54.072352 MoonStock Program Started!!
2018-08-06 15:34:54.072605 Started!!
2018-08-06 15:41:38.283369 MoonStock Program Started!!
2018-08-06 15:41:38.283588 Started!!
1. 위치:  addDayStock
2. 러닝타임:  0
1. 위치:  addDayStock
2. 러닝타임:  0
1. 위치:  addDayStock
2. 러닝타임:  0
1. 위치:  addDayStock
2. 러닝타임:  0
1. 위치:  addDayStock
2. 러닝타임:  0
1. 위치:  addDayStock
2. 러닝타임:  0
2018-08-06 15:42:26.656440 MoonStock Program Started!!
2018-08-06 15:42:26.656641 Started!!
1. 위치:  monitorTask
2. 러닝타임:  0
1. 위치:  monitorTask
2. 러닝타임:  0
1. 위치:  monitorTask
2. 러닝타임:  0
1. 위치:  monitorTask
2. 러닝타임:  0
1. 위치:  monitorTask
2. 러닝타임:  0
1. 위치:  monitorTask
2. 러닝타임:  0
1. 위치:  monitorTask
2. 러닝타임:  0
1. 위치:  monitorTask
2. 러닝타임:  0
1. 위치:  monitorTask
2. 러닝타임:  0
1. 위치:  monitorTask
2. 러닝타임:  0
1. 위치:  monitorTask
2. 러닝타임:  0
2018-08-06 15:42:42.050715 MoonStock Program Started!!
2018-08-06 15:42:42.050934 Started!!
2018-08-06 15:48:07.023358 MoonStock Program Started!!
2018-08-06 15:48:07.023565 Started!!
2018-08-06 16:18:41.274860 MoonStock Program Started!!
2018-08-06 16:18:41.275080 Started!!
2018-08-06 16:19:21.926081 MoonStock Program Started!!
2018-08-06 16:19:21.926286 Started!!
2018-08-06 16:19:51.201843 MoonStock Program Started!!
2018-08-06 16:19:51.202051 Started!!
1. 위치:  monitorTask
2. 러닝타임:  0
1. 위치:  monitorTask
2. 러닝타임:  0
1. 위치:  monitorTask
2. 러닝타임:  0
1. 위치:  monitorTask
2. 러닝타임:  0
1. 위치:  monitorTask
2. 러닝타임:  0
1. 위치:  monitorTask
2. 러닝타임:  0
1. 위치:  monitorTask
2. 러닝타임:  0
1. 위치:  monitorTask
2. 러닝타임:  0
1. 위치:  monitorTask
2. 러닝타임:  0
1. 위치:  monitorTask
2. 러닝타임:  0
2018-08-06 16:20:53.177663 MoonStock Program Started!!
2018-08-06 16:20:53.177868 Started!!
1. 위치:  addDayStock
2. 러닝타임:  14
2018-08-06 16:22:15.649251 MoonStock Program Started!!
2018-08-06 16:22:15.649471 Started!!
2018-08-06 16:23:02.228335 MoonStock Program Started!!
2018-08-06 16:23:02.228543 Started!!
1. 위치:  addDayStock
2. 러닝타임:  12
1. 위치:  addDayStock
2. 러닝타임:  20
1. 위치:  addDayStock
2. 러닝타임:  24
1. 사라진 회사  ['성지건설', '동북아12호', '동북아13호', 'TIGER 금속선물(H)', '세화아이엠씨', '마이티 코스피100', 'TIGER 베타플러스', '파워 중기국고채', 'ARIRANG 바벨 채권', 'ARIRANG 단기유동성', 'SMART 선진국MSCI World(합성 H)', 'TIGER 지속배당', 'KODEX MSCI KOREA ESG유니버설', 'TIGER MSCI KOREA ESG유니버설', 'TIGER 200커버드콜ATM', 'ARIRANG 국채선물10년', '신한 인버스 달러인덱스 선물 ETN(H)', '신한 MSCI 인도네시아 선물 ETN(H)', '대신 인버스 철광석 선물 ETN(H)', '미래에셋 미국 시니어론 100 ETN', '미래에셋 원자재 선물 ETN(H)', '삼성 미국 중소형 성장주 ETN(H)', '삼성 미국 중소형 가치주 ETN(H)', '삼성 미국 대형 가치주 ETN', '삼성 미국 중소형 성장주 ETN', '삼성 미국 중소형 가치주 ETN', '삼성 Cushing 에너지인프라 MLP ETN', '삼성 인도 Nifty50 선물 ETN(H)', '삼성 인버스 인도 Nifty50 선물 ETN(H)', '삼성 레버리지 인도 Nifty50 선물 ETN(H)', 'QV 스마트리밸런싱 250/3 ETN', 'QV 롱숏 K150 매수 로우볼 매도 ETN', 'QV 스마트리밸런싱 260/4 ETN', 'QV 인버스 레버리지 S&P500 ETN', 'TRUE 빅5 동일가중 ETN', 'TRUE 목표변동성20 코스피선물 ETN', 'TRUE 섹터탑픽 ETN', 'TRUE 코리아프리미어 ETN', 'TRUE 위안화 중국5년국채 ETN', 'TRUE 인버스 차이나H ETN(H)', 'KB Monthly Best 11 ETN', 'KB KQ Monthly Best 11 ETN', 'KB 우량주 Monthly Best 11 ETN', 'KB KQ 우량주30 ETN', '미래에셋 미국 대형주 ETN(H)', '미래에셋 미국 리츠 ETN(H)', '미래에셋 미국 헬스케어 ETN(H)', '미래에셋 유럽 대형주 ETN(H)']
2. 사라진 회사 수 48
1. 위치:  addRealtimeStock
2. 러닝타임:  191
1. 위치:  addDayStock
2. 러닝타임:  30
1. 위치:  addDayStock
2. 러닝타임:  29
1. 사라진 회사  ['성지건설', '동북아12호', '동북아13호', 'TIGER 금속선물(H)', '세화아이엠씨', '마이티 코스피100', 'TIGER 베타플러스', '파워 중기국고채', 'ARIRANG 바벨 채권', 'ARIRANG 단기유동성', 'SMART 선진국MSCI World(합성 H)', 'TIGER 지속배당', 'KODEX MSCI KOREA ESG유니버설', 'TIGER MSCI KOREA ESG유니버설', 'TIGER 200커버드콜ATM', 'ARIRANG 국채선물10년', '신한 인버스 달러인덱스 선물 ETN(H)', '신한 MSCI 인도네시아 선물 ETN(H)', '대신 인버스 철광석 선물 ETN(H)', '미래에셋 미국 시니어론 100 ETN', '미래에셋 원자재 선물 ETN(H)', '삼성 미국 중소형 성장주 ETN(H)', '삼성 미국 중소형 가치주 ETN(H)', '삼성 미국 대형 가치주 ETN', '삼성 미국 중소형 성장주 ETN', '삼성 미국 중소형 가치주 ETN', '삼성 Cushing 에너지인프라 MLP ETN', '삼성 인도 Nifty50 선물 ETN(H)', '삼성 인버스 인도 Nifty50 선물 ETN(H)', '삼성 레버리지 인도 Nifty50 선물 ETN(H)', 'QV 스마트리밸런싱 250/3 ETN', 'QV 롱숏 K150 매수 로우볼 매도 ETN', 'QV 스마트리밸런싱 260/4 ETN', 'QV 인버스 레버리지 S&P500 ETN', 'TRUE 빅5 동일가중 ETN', 'TRUE 목표변동성20 코스피선물 ETN', 'TRUE 섹터탑픽 ETN', 'TRUE 코리아프리미어 ETN', 'TRUE 위안화 중국5년국채 ETN', 'TRUE 인버스 차이나H ETN(H)', 'KB Monthly Best 11 ETN', 'KB KQ Monthly Best 11 ETN', 'KB 우량주 Monthly Best 11 ETN', 'KB KQ 우량주30 ETN', '미래에셋 미국 대형주 ETN(H)', '미래에셋 미국 리츠 ETN(H)', '미래에셋 미국 헬스케어 ETN(H)', '미래에셋 유럽 대형주 ETN(H)']
2. 사라진 회사 수 48
1. 위치:  addRealtimeStock
2. 러닝타임:  247
1. 위치:  addDayStock
2. 러닝타임:  35
1. 위치:  addDayStock
2. 러닝타임:  39
1. 사라진 회사  ['성지건설', '동북아12호', '동북아13호', 'TIGER 금속선물(H)', '세화아이엠씨', '마이티 코스피100', 'TIGER 베타플러스', '파워 중기국고채', 'ARIRANG 바벨 채권', 'ARIRANG 단기유동성', 'SMART 선진국MSCI World(합성 H)', 'TIGER 지속배당', 'KODEX MSCI KOREA ESG유니버설', 'TIGER MSCI KOREA ESG유니버설', 'TIGER 200커버드콜ATM', 'ARIRANG 국채선물10년', '신한 인버스 달러인덱스 선물 ETN(H)', '신한 MSCI 인도네시아 선물 ETN(H)', '대신 인버스 철광석 선물 ETN(H)', '미래에셋 미국 시니어론 100 ETN', '미래에셋 원자재 선물 ETN(H)', '삼성 미국 중소형 성장주 ETN(H)', '삼성 미국 중소형 가치주 ETN(H)', '삼성 미국 대형 가치주 ETN', '삼성 미국 중소형 성장주 ETN', '삼성 미국 중소형 가치주 ETN', '삼성 Cushing 에너지인프라 MLP ETN', '삼성 인도 Nifty50 선물 ETN(H)', '삼성 인버스 인도 Nifty50 선물 ETN(H)', '삼성 레버리지 인도 Nifty50 선물 ETN(H)', 'QV 스마트리밸런싱 250/3 ETN', 'QV 롱숏 K150 매수 로우볼 매도 ETN', 'QV 스마트리밸런싱 260/4 ETN', 'QV 인버스 레버리지 S&P500 ETN', 'TRUE 빅5 동일가중 ETN', 'TRUE 목표변동성20 코스피선물 ETN', 'TRUE 섹터탑픽 ETN', 'TRUE 코리아프리미어 ETN', 'TRUE 위안화 중국5년국채 ETN', 'TRUE 인버스 차이나H ETN(H)', 'KB Monthly Best 11 ETN', 'KB KQ Monthly Best 11 ETN', 'KB 우량주 Monthly Best 11 ETN', 'KB KQ 우량주30 ETN', '미래에셋 미국 대형주 ETN(H)', '미래에셋 미국 리츠 ETN(H)', '미래에셋 미국 헬스케어 ETN(H)', '미래에셋 유럽 대형주 ETN(H)']
2. 사라진 회사 수 48
1. 위치:  addRealtimeStock
2. 러닝타임:  282
1. 위치:  addDayStock
2. 러닝타임:  40
1. 사라진 회사  ['성지건설', '동북아12호', '동북아13호', 'TIGER 금속선물(H)', '세화아이엠씨', '마이티 코스피100', 'TIGER 베타플러스', '파워 중기국고채', 'ARIRANG 바벨 채권', 'ARIRANG 단기유동성', 'SMART 선진국MSCI World(합성 H)', 'TIGER 지속배당', 'KODEX MSCI KOREA ESG유니버설', 'TIGER MSCI KOREA ESG유니버설', 'TIGER 200커버드콜ATM', 'ARIRANG 국채선물10년', '신한 인버스 달러인덱스 선물 ETN(H)', '신한 MSCI 인도네시아 선물 ETN(H)', '대신 인버스 철광석 선물 ETN(H)', '미래에셋 미국 시니어론 100 ETN', '미래에셋 원자재 선물 ETN(H)', '삼성 미국 중소형 성장주 ETN(H)', '삼성 미국 중소형 가치주 ETN(H)', '삼성 미국 대형 가치주 ETN', '삼성 미국 중소형 성장주 ETN', '삼성 미국 중소형 가치주 ETN', '삼성 Cushing 에너지인프라 MLP ETN', '삼성 인도 Nifty50 선물 ETN(H)', '삼성 인버스 인도 Nifty50 선물 ETN(H)', '삼성 레버리지 인도 Nifty50 선물 ETN(H)', 'QV 스마트리밸런싱 250/3 ETN', 'QV 롱숏 K150 매수 로우볼 매도 ETN', 'QV 스마트리밸런싱 260/4 ETN', 'QV 인버스 레버리지 S&P500 ETN', 'TRUE 빅5 동일가중 ETN', 'TRUE 목표변동성20 코스피선물 ETN', 'TRUE 섹터탑픽 ETN', 'TRUE 코리아프리미어 ETN', 'TRUE 위안화 중국5년국채 ETN', 'TRUE 인버스 차이나H ETN(H)', 'KB Monthly Best 11 ETN', 'KB KQ Monthly Best 11 ETN', 'KB 우량주 Monthly Best 11 ETN', 'KB KQ 우량주30 ETN', '미래에셋 미국 대형주 ETN(H)', '미래에셋 미국 리츠 ETN(H)', '미래에셋 미국 헬스케어 ETN(H)', '미래에셋 유럽 대형주 ETN(H)']
2. 사라진 회사 수 48
1. 위치:  addRealtimeStock
2. 러닝타임:  313
1. 위치:  addDayStock
2. 러닝타임:  41
1. 위치:  addDayStock
2. 러닝타임:  44
2018-08-06 16:34:54.595096 MoonStock Program Started!!
2018-08-06 16:34:54.595293 Started!!
2018-08-06 16:36:13.553452 MoonStock Program Started!!
2018-08-06 16:36:13.553739 Started!!
1. 위치:  monitorTask
2. 러닝타임:  0
1. 위치:  addDayStock
2. 러닝타임:  12
1. 위치:  monitorTask
2. 러닝타임:  0
1. 위치:  addDayStock
2. 러닝타임:  16
1. 위치:  monitorTask
2. 러닝타임:  0
1. 위치:  addDayStock
2. 러닝타임:  25
2018-08-06 17:09:07.862243 MoonStock Program Started!!
2018-08-06 17:09:07.862461 Started!!
2018-08-06 17:09:40.120574 MoonStock Program Started!!
2018-08-06 17:09:40.120783 Started!!
1. 위치:  addDayStock
2. 러닝타임:  12
1. 위치:  addDayStock
2. 러닝타임:  19
1. 사라진 회사  ['성지건설', '동북아12호', '동북아13호', 'TIGER 금속선물(H)', '세화아이엠씨', '마이티 코스피100', 'TIGER 베타플러스', '파워 중기국고채', 'ARIRANG 바벨 채권', 'ARIRANG 단기유동성', 'SMART 선진국MSCI World(합성 H)', 'TIGER 지속배당', 'KODEX MSCI KOREA ESG유니버설', 'TIGER MSCI KOREA ESG유니버설', 'TIGER 200커버드콜ATM', 'ARIRANG 국채선물10년', '신한 인버스 달러인덱스 선물 ETN(H)', '신한 MSCI 인도네시아 선물 ETN(H)', '대신 인버스 철광석 선물 ETN(H)', '미래에셋 미국 시니어론 100 ETN', '미래에셋 원자재 선물 ETN(H)', '삼성 미국 중소형 성장주 ETN(H)', '삼성 미국 중소형 가치주 ETN(H)', '삼성 미국 대형 가치주 ETN', '삼성 미국 중소형 성장주 ETN', '삼성 미국 중소형 가치주 ETN', '삼성 Cushing 에너지인프라 MLP ETN', '삼성 인도 Nifty50 선물 ETN(H)', '삼성 인버스 인도 Nifty50 선물 ETN(H)', '삼성 레버리지 인도 Nifty50 선물 ETN(H)', 'QV 스마트리밸런싱 250/3 ETN', 'QV 롱숏 K150 매수 로우볼 매도 ETN', 'QV 스마트리밸런싱 260/4 ETN', 'QV 인버스 레버리지 S&P500 ETN', 'TRUE 빅5 동일가중 ETN', 'TRUE 목표변동성20 코스피선물 ETN', 'TRUE 섹터탑픽 ETN', 'TRUE 코리아프리미어 ETN', 'TRUE 위안화 중국5년국채 ETN', 'TRUE 인버스 차이나H ETN(H)', 'KB Monthly Best 11 ETN', 'KB KQ Monthly Best 11 ETN', 'KB 우량주 Monthly Best 11 ETN', 'KB KQ 우량주30 ETN', '미래에셋 미국 대형주 ETN(H)', '미래에셋 미국 리츠 ETN(H)', '미래에셋 미국 헬스케어 ETN(H)', '미래에셋 유럽 대형주 ETN(H)']
2. 사라진 회사 수 48
1. 위치:  addRealtimeStock
2. 러닝타임:  178
1. 사라진 회사  ['성지건설', '동북아12호', '동북아13호', 'TIGER 금속선물(H)', '세화아이엠씨', '마이티 코스피100', 'TIGER 베타플러스', '파워 중기국고채', 'ARIRANG 바벨 채권', 'ARIRANG 단기유동성', 'SMART 선진국MSCI World(합성 H)', 'TIGER 지속배당', 'KODEX MSCI KOREA ESG유니버설', 'TIGER MSCI KOREA ESG유니버설', 'TIGER 200커버드콜ATM', 'ARIRANG 국채선물10년', '신한 인버스 달러인덱스 선물 ETN(H)', '신한 MSCI 인도네시아 선물 ETN(H)', '대신 인버스 철광석 선물 ETN(H)', '미래에셋 미국 시니어론 100 ETN', '미래에셋 원자재 선물 ETN(H)', '삼성 미국 중소형 성장주 ETN(H)', '삼성 미국 중소형 가치주 ETN(H)', '삼성 미국 대형 가치주 ETN', '삼성 미국 중소형 성장주 ETN', '삼성 미국 중소형 가치주 ETN', '삼성 Cushing 에너지인프라 MLP ETN', '삼성 인도 Nifty50 선물 ETN(H)', '삼성 인버스 인도 Nifty50 선물 ETN(H)', '삼성 레버리지 인도 Nifty50 선물 ETN(H)', 'QV 스마트리밸런싱 250/3 ETN', 'QV 롱숏 K150 매수 로우볼 매도 ETN', 'QV 스마트리밸런싱 260/4 ETN', 'QV 인버스 레버리지 S&P500 ETN', 'TRUE 빅5 동일가중 ETN', 'TRUE 목표변동성20 코스피선물 ETN', 'TRUE 섹터탑픽 ETN', 'TRUE 코리아프리미어 ETN', 'TRUE 위안화 중국5년국채 ETN', 'TRUE 인버스 차이나H ETN(H)', 'KB Monthly Best 11 ETN', 'KB KQ Monthly Best 11 ETN', 'KB 우량주 Monthly Best 11 ETN', 'KB KQ 우량주30 ETN', '미래에셋 미국 대형주 ETN(H)', '미래에셋 미국 리츠 ETN(H)', '미래에셋 미국 헬스케어 ETN(H)', '미래에셋 유럽 대형주 ETN(H)']
2. 사라진 회사 수 48
1. 위치:  addRealtimeStock
2. 러닝타임:  177
2018-08-06 17:16:14.101666 MoonStock Program Started!!
2018-08-06 17:16:14.101872 Started!!
1. 위치:  addDayStock
2. 러닝타임:  14
1. 위치:  addDayStock
2. 러닝타임:  19
1. 사라진 회사  ['성지건설', '동북아12호', '동북아13호', 'TIGER 금속선물(H)', '세화아이엠씨', '마이티 코스피100', 'TIGER 베타플러스', '파워 중기국고채', 'ARIRANG 바벨 채권', 'ARIRANG 단기유동성', 'SMART 선진국MSCI World(합성 H)', 'TIGER 지속배당', 'KODEX MSCI KOREA ESG유니버설', 'TIGER MSCI KOREA ESG유니버설', 'TIGER 200커버드콜ATM', 'ARIRANG 국채선물10년', '신한 인버스 달러인덱스 선물 ETN(H)', '신한 MSCI 인도네시아 선물 ETN(H)', '대신 인버스 철광석 선물 ETN(H)', '미래에셋 미국 시니어론 100 ETN', '미래에셋 원자재 선물 ETN(H)', '삼성 미국 중소형 성장주 ETN(H)', '삼성 미국 중소형 가치주 ETN(H)', '삼성 미국 대형 가치주 ETN', '삼성 미국 중소형 성장주 ETN', '삼성 미국 중소형 가치주 ETN', '삼성 Cushing 에너지인프라 MLP ETN', '삼성 인도 Nifty50 선물 ETN(H)', '삼성 인버스 인도 Nifty50 선물 ETN(H)', '삼성 레버리지 인도 Nifty50 선물 ETN(H)', 'QV 스마트리밸런싱 250/3 ETN', 'QV 롱숏 K150 매수 로우볼 매도 ETN', 'QV 스마트리밸런싱 260/4 ETN', 'QV 인버스 레버리지 S&P500 ETN', 'TRUE 빅5 동일가중 ETN', 'TRUE 목표변동성20 코스피선물 ETN', 'TRUE 섹터탑픽 ETN', 'TRUE 코리아프리미어 ETN', 'TRUE 위안화 중국5년국채 ETN', 'TRUE 인버스 차이나H ETN(H)', 'KB Monthly Best 11 ETN', 'KB KQ Monthly Best 11 ETN', 'KB 우량주 Monthly Best 11 ETN', 'KB KQ 우량주30 ETN', '미래에셋 미국 대형주 ETN(H)', '미래에셋 미국 리츠 ETN(H)', '미래에셋 미국 헬스케어 ETN(H)', '미래에셋 유럽 대형주 ETN(H)']
2. 사라진 회사 수 48
1. 위치:  addRealtimeStock
2. 러닝타임:  182
1. 위치:  startAlgorithm
2. 러닝타임:  37
1. 위치:  main
2. 러닝타임:  235
1. 사라진 회사  ['성지건설', '동북아12호', '동북아13호', 'TIGER 금속선물(H)', '세화아이엠씨', '마이티 코스피100', 'TIGER 베타플러스', '파워 중기국고채', 'ARIRANG 바벨 채권', 'ARIRANG 단기유동성', 'SMART 선진국MSCI World(합성 H)', 'TIGER 지속배당', 'KODEX MSCI KOREA ESG유니버설', 'TIGER MSCI KOREA ESG유니버설', 'TIGER 200커버드콜ATM', 'ARIRANG 국채선물10년', '신한 인버스 달러인덱스 선물 ETN(H)', '신한 MSCI 인도네시아 선물 ETN(H)', '대신 인버스 철광석 선물 ETN(H)', '미래에셋 미국 시니어론 100 ETN', '미래에셋 원자재 선물 ETN(H)', '삼성 미국 중소형 성장주 ETN(H)', '삼성 미국 중소형 가치주 ETN(H)', '삼성 미국 대형 가치주 ETN', '삼성 미국 중소형 성장주 ETN', '삼성 미국 중소형 가치주 ETN', '삼성 Cushing 에너지인프라 MLP ETN', '삼성 인도 Nifty50 선물 ETN(H)', '삼성 인버스 인도 Nifty50 선물 ETN(H)', '삼성 레버리지 인도 Nifty50 선물 ETN(H)', 'QV 스마트리밸런싱 250/3 ETN', 'QV 롱숏 K150 매수 로우볼 매도 ETN', 'QV 스마트리밸런싱 260/4 ETN', 'QV 인버스 레버리지 S&P500 ETN', 'TRUE 빅5 동일가중 ETN', 'TRUE 목표변동성20 코스피선물 ETN', 'TRUE 섹터탑픽 ETN', 'TRUE 코리아프리미어 ETN', 'TRUE 위안화 중국5년국채 ETN', 'TRUE 인버스 차이나H ETN(H)', 'KB Monthly Best 11 ETN', 'KB KQ Monthly Best 11 ETN', 'KB 우량주 Monthly Best 11 ETN', 'KB KQ 우량주30 ETN', '미래에셋 미국 대형주 ETN(H)', '미래에셋 미국 리츠 ETN(H)', '미래에셋 미국 헬스케어 ETN(H)', '미래에셋 유럽 대형주 ETN(H)']
2. 사라진 회사 수 48
1. 위치:  addRealtimeStock
2. 러닝타임:  191
1. 위치:  startAlgorithm
2. 러닝타임:  43
1. 위치:  addDayStock
2. 러닝타임:  13
1. 사라진 회사  ['성지건설', '동북아12호', '동북아13호', 'TIGER 금속선물(H)', '세화아이엠씨', '마이티 코스피100', 'TIGER 베타플러스', '파워 중기국고채', 'ARIRANG 바벨 채권', 'ARIRANG 단기유동성', 'SMART 선진국MSCI World(합성 H)', 'TIGER 지속배당', 'KODEX MSCI KOREA ESG유니버설', 'TIGER MSCI KOREA ESG유니버설', 'TIGER 200커버드콜ATM', 'ARIRANG 국채선물10년', '신한 인버스 달러인덱스 선물 ETN(H)', '신한 MSCI 인도네시아 선물 ETN(H)', '대신 인버스 철광석 선물 ETN(H)', '미래에셋 미국 시니어론 100 ETN', '미래에셋 원자재 선물 ETN(H)', '삼성 미국 중소형 성장주 ETN(H)', '삼성 미국 중소형 가치주 ETN(H)', '삼성 미국 대형 가치주 ETN', '삼성 미국 중소형 성장주 ETN', '삼성 미국 중소형 가치주 ETN', '삼성 Cushing 에너지인프라 MLP ETN', '삼성 인도 Nifty50 선물 ETN(H)', '삼성 인버스 인도 Nifty50 선물 ETN(H)', '삼성 레버리지 인도 Nifty50 선물 ETN(H)', 'QV 스마트리밸런싱 250/3 ETN', 'QV 롱숏 K150 매수 로우볼 매도 ETN', 'QV 스마트리밸런싱 260/4 ETN', 'QV 인버스 레버리지 S&P500 ETN', 'TRUE 빅5 동일가중 ETN', 'TRUE 목표변동성20 코스피선물 ETN', 'TRUE 섹터탑픽 ETN', 'TRUE 코리아프리미어 ETN', 'TRUE 위안화 중국5년국채 ETN', 'TRUE 인버스 차이나H ETN(H)', 'KB Monthly Best 11 ETN', 'KB KQ Monthly Best 11 ETN', 'KB 우량주 Monthly Best 11 ETN', 'KB KQ 우량주30 ETN', '미래에셋 미국 대형주 ETN(H)', '미래에셋 미국 리츠 ETN(H)', '미래에셋 미국 헬스케어 ETN(H)', '미래에셋 유럽 대형주 ETN(H)']
2. 사라진 회사 수 48
1. 위치:  addRealtimeStock
2. 러닝타임:  150
1. 위치:  addDayStock
2. 러닝타임:  294
1. 위치:  addDayStock
2. 러닝타임:  323
1. 위치:  startAlgorithm
2. 러닝타임:  413
1. 사라진 회사  ['성지건설', '동북아12호', '동북아13호', 'TIGER 금속선물(H)', '세화아이엠씨', '마이티 코스피100', 'TIGER 베타플러스', '파워 중기국고채', 'ARIRANG 바벨 채권', 'ARIRANG 단기유동성', 'SMART 선진국MSCI World(합성 H)', 'TIGER 지속배당', 'KODEX MSCI KOREA ESG유니버설', 'TIGER MSCI KOREA ESG유니버설', 'TIGER 200커버드콜ATM', 'ARIRANG 국채선물10년', '신한 인버스 달러인덱스 선물 ETN(H)', '신한 MSCI 인도네시아 선물 ETN(H)', '대신 인버스 철광석 선물 ETN(H)', '미래에셋 미국 시니어론 100 ETN', '미래에셋 원자재 선물 ETN(H)', '삼성 미국 중소형 성장주 ETN(H)', '삼성 미국 중소형 가치주 ETN(H)', '삼성 미국 대형 가치주 ETN', '삼성 미국 중소형 성장주 ETN', '삼성 미국 중소형 가치주 ETN', '삼성 Cushing 에너지인프라 MLP ETN', '삼성 인도 Nifty50 선물 ETN(H)', '삼성 인버스 인도 Nifty50 선물 ETN(H)', '삼성 레버리지 인도 Nifty50 선물 ETN(H)', 'QV 스마트리밸런싱 250/3 ETN', 'QV 롱숏 K150 매수 로우볼 매도 ETN', 'QV 스마트리밸런싱 260/4 ETN', 'QV 인버스 레버리지 S&P500 ETN', 'TRUE 빅5 동일가중 ETN', 'TRUE 목표변동성20 코스피선물 ETN', 'TRUE 섹터탑픽 ETN', 'TRUE 코리아프리미어 ETN', 'TRUE 위안화 중국5년국채 ETN', 'TRUE 인버스 차이나H ETN(H)', 'KB Monthly Best 11 ETN', 'KB KQ Monthly Best 11 ETN', 'KB 우량주 Monthly Best 11 ETN', 'KB KQ 우량주30 ETN', '미래에셋 미국 대형주 ETN(H)', '미래에셋 미국 리츠 ETN(H)', '미래에셋 미국 헬스케어 ETN(H)', '미래에셋 유럽 대형주 ETN(H)']
2. 사라진 회사 수 48
1. 위치:  addRealtimeStock
2. 러닝타임:  202
1. 위치:  addDayStock
2. 러닝타임:  57
1. 위치:  startAlgorithm
2. 러닝타임:  129
2018-08-06 17:39:44.161394 MoonStock Program Started!!
2018-08-06 17:39:44.180296 Started!!
2018-08-06 17:40:11.058228 MoonStock Program Started!!
2018-08-06 17:40:11.058428 Started!!
1. 위치:  addDayStock
2. 러닝타임:  12
1. 사라진 회사  ['성지건설', '동북아12호', '동북아13호', 'TIGER 금속선물(H)', '세화아이엠씨', '마이티 코스피100', 'TIGER 베타플러스', '파워 중기국고채', 'ARIRANG 바벨 채권', 'ARIRANG 단기유동성', 'SMART 선진국MSCI World(합성 H)', 'TIGER 지속배당', 'KODEX MSCI KOREA ESG유니버설', 'TIGER MSCI KOREA ESG유니버설', 'TIGER 200커버드콜ATM', 'ARIRANG 국채선물10년', '신한 인버스 달러인덱스 선물 ETN(H)', '신한 MSCI 인도네시아 선물 ETN(H)', '대신 인버스 철광석 선물 ETN(H)', '미래에셋 미국 시니어론 100 ETN', '미래에셋 원자재 선물 ETN(H)', '삼성 미국 중소형 성장주 ETN(H)', '삼성 미국 중소형 가치주 ETN(H)', '삼성 미국 대형 가치주 ETN', '삼성 미국 중소형 성장주 ETN', '삼성 미국 중소형 가치주 ETN', '삼성 Cushing 에너지인프라 MLP ETN', '삼성 인도 Nifty50 선물 ETN(H)', '삼성 인버스 인도 Nifty50 선물 ETN(H)', '삼성 레버리지 인도 Nifty50 선물 ETN(H)', 'QV 스마트리밸런싱 250/3 ETN', 'QV 롱숏 K150 매수 로우볼 매도 ETN', 'QV 스마트리밸런싱 260/4 ETN', 'QV 인버스 레버리지 S&P500 ETN', 'TRUE 빅5 동일가중 ETN', 'TRUE 목표변동성20 코스피선물 ETN', 'TRUE 섹터탑픽 ETN', 'TRUE 코리아프리미어 ETN', 'TRUE 위안화 중국5년국채 ETN', 'TRUE 인버스 차이나H ETN(H)', 'KB Monthly Best 11 ETN', 'KB KQ Monthly Best 11 ETN', 'KB 우량주 Monthly Best 11 ETN', 'KB KQ 우량주30 ETN', '미래에셋 미국 대형주 ETN(H)', '미래에셋 미국 리츠 ETN(H)', '미래에셋 미국 헬스케어 ETN(H)', '미래에셋 유럽 대형주 ETN(H)']
2. 사라진 회사 수 48
1. 위치:  addRealtimeStock
2. 러닝타임:  143
1. 위치:  startAlgorithm
2. 러닝타임:  10
1. 위치:  main
2. 러닝타임:  169
1. 위치:  addDayStock
2. 러닝타임:  11
1. 사라진 회사  ['성지건설', '동북아12호', '동북아13호', 'TIGER 금속선물(H)', '세화아이엠씨', '마이티 코스피100', 'TIGER 베타플러스', '파워 중기국고채', 'ARIRANG 바벨 채권', 'ARIRANG 단기유동성', 'SMART 선진국MSCI World(합성 H)', 'TIGER 지속배당', 'KODEX MSCI KOREA ESG유니버설', 'TIGER MSCI KOREA ESG유니버설', 'TIGER 200커버드콜ATM', 'ARIRANG 국채선물10년', '신한 인버스 달러인덱스 선물 ETN(H)', '신한 MSCI 인도네시아 선물 ETN(H)', '대신 인버스 철광석 선물 ETN(H)', '미래에셋 미국 시니어론 100 ETN', '미래에셋 원자재 선물 ETN(H)', '삼성 미국 중소형 성장주 ETN(H)', '삼성 미국 중소형 가치주 ETN(H)', '삼성 미국 대형 가치주 ETN', '삼성 미국 중소형 성장주 ETN', '삼성 미국 중소형 가치주 ETN', '삼성 Cushing 에너지인프라 MLP ETN', '삼성 인도 Nifty50 선물 ETN(H)', '삼성 인버스 인도 Nifty50 선물 ETN(H)', '삼성 레버리지 인도 Nifty50 선물 ETN(H)', 'QV 스마트리밸런싱 250/3 ETN', 'QV 롱숏 K150 매수 로우볼 매도 ETN', 'QV 스마트리밸런싱 260/4 ETN', 'QV 인버스 레버리지 S&P500 ETN', 'TRUE 빅5 동일가중 ETN', 'TRUE 목표변동성20 코스피선물 ETN', 'TRUE 섹터탑픽 ETN', 'TRUE 코리아프리미어 ETN', 'TRUE 위안화 중국5년국채 ETN', 'TRUE 인버스 차이나H ETN(H)', 'KB Monthly Best 11 ETN', 'KB KQ Monthly Best 11 ETN', 'KB 우량주 Monthly Best 11 ETN', 'KB KQ 우량주30 ETN', '미래에셋 미국 대형주 ETN(H)', '미래에셋 미국 리츠 ETN(H)', '미래에셋 미국 헬스케어 ETN(H)', '미래에셋 유럽 대형주 ETN(H)']
2. 사라진 회사 수 48
1. 위치:  addRealtimeStock
2. 러닝타임:  161
1. 위치:  startAlgorithm
2. 러닝타임:  11
1. 위치:  addDayStock
2. 러닝타임:  13
2018-08-06 17:56:24.399674 MoonStock Program Started!!
2018-08-06 17:56:24.399854 Started!!
1. 위치:  addDayStock
2. 러닝타임:  11
1. 위치:  addRealtimeStock
2. 러닝타임:  133
1. 위치:  startAlgorithm
2. 러닝타임:  10
1. 위치:  main
2. 러닝타임:  157
2018-08-06 18:00:41.471628 MoonStock Program Started!!
2018-08-06 18:00:41.471817 Started!!
2018-08-06 18:01:15.761920 MoonStock Program Started!!
2018-08-06 18:01:15.762119 Started!!
1. 위치:  addDayStock
2. 러닝타임:  11
2018-08-06 18:02:30.123394 MoonStock Program Started!!
2018-08-06 18:02:30.126145 Started!!
1. 위치:  addDayStock
2. 러닝타임:  11
2018-08-06 18:04:30.814027 MoonStock Program Started!!
2018-08-06 18:04:30.815878 Started!!
1. 위치:  addDayStock
2. 러닝타임:  11
2018-08-06 18:06:03.841964 MoonStock Program Started!!
2018-08-06 18:06:03.842160 Started!!
- 러닝타임:  11
2018-08-06 18:06:48.129212 MoonStock Program Started!!
2018-08-06 18:06:48.129414 Started!!
- 러닝타임:  12
- 러닝타임:  136
- 러닝타임:  11
- 러닝타임:  160
2018-08-06 18:13:57.205482 MoonStock Program Started!!
2018-08-06 18:13:57.205733 Started!!
2018-08-06 18:14:09.496013 MoonStock Program Started!!
2018-08-06 18:14:09.496224 Started!!
- 러닝타임:  12
- 러닝타임:  143
- 러닝타임:  10
- 러닝타임:  167
2018-08-06 18:22:43.520413 MoonStock Program Started!!
2018-08-06 18:22:43.520610 Started!!
- 러닝타임:  12
- 러닝타임:  147
- 러닝타임:  9
- 러닝타임:  169
- 러닝타임:  12
2018-08-06 18:28:48.122947 MoonStock Program Started!!
2018-08-06 18:28:48.123148 Started!!
- 러닝타임:  2
- 러닝타임:  2
2018-08-06 18:29:32.094545 MoonStock Program Started!!
2018-08-06 18:29:32.096897 Started!!
- 러닝타임:  2
- 러닝타임:  2
- 러닝타임:  3
- 러닝타임:  3
- 러닝타임:  3
- 러닝타임:  2
- 러닝타임:  5
- 러닝타임:  2
- 러닝타임:  4
- 러닝타임:  4
- 러닝타임:  5
- 러닝타임:  2
- 러닝타임:  2
- 러닝타임:  2
- 러닝타임:  2
- 러닝타임:  2
- 러닝타임:  2
2018-08-06 18:31:20.083331 MoonStock Program Started!!
2018-08-06 18:31:20.083553 Started!!
- 러닝타임:  2
- 러닝타임:  2
2018-08-06 18:31:33.724852 MoonStock Program Started!!
2018-08-06 18:31:33.725051 Started!!
- 러닝타임:  2
- 러닝타임:  2
- 러닝타임:  2
- 러닝타임:  3
- 러닝타임:  2
- 러닝타임:  4
- 러닝타임:  3
- 러닝타임:  2
- 러닝타임:  2
- 러닝타임:  2
- 러닝타임:  5
- 러닝타임:  3
- 러닝타임:  2
- 러닝타임:  3
- 러닝타임:  2
- 러닝타임:  2
- 러닝타임:  2
- 러닝타임:  3
- 러닝타임:  2
- 러닝타임:  2
- 러닝타임:  2
- 러닝타임:  2
- 러닝타임:  4
- 러닝타임:  3
- 러닝타임:  3
- 러닝타임:  2
- 러닝타임:  3
- 러닝타임:  5
- 러닝타임:  3
- 러닝타임:  4
- 러닝타임:  2
- 러닝타임:  4
- 러닝타임:  2
- 러닝타임:  2
- 러닝타임:  2
- 러닝타임:  2
- 러닝타임:  2
- 러닝타임:  3
- 러닝타임:  2
- 러닝타임:  5
- 러닝타임:  3
- 러닝타임:  3
- 러닝타임:  3
- 러닝타임:  3
- 러닝타임:  2
- 러닝타임:  2
- 러닝타임:  2
- 러닝타임:  2
- 러닝타임:  2
- 러닝타임:  2
- 러닝타임:  3
- 러닝타임:  3
- 러닝타임:  2
- 러닝타임:  2
- 러닝타임:  2
- 러닝타임:  2
- 러닝타임:  2
- 러닝타임:  3
- 러닝타임:  2
- 러닝타임:  2
- 러닝타임:  2
- 러닝타임:  2
- 러닝타임:  3
- 러닝타임:  2
- 러닝타임:  4
- 러닝타임:  2
- 러닝타임:  2
- 러닝타임:  2
- 러닝타임:  2
- 러닝타임:  3
- 러닝타임:  4
- 러닝타임:  2
- 러닝타임:  2
2018-08-06 18:47:37.192231 MoonStock Program Started!!
2018-08-06 18:47:37.192421 Started!!
- 러닝타임:  2
- 러닝타임:  2
- 러닝타임:  2
- 러닝타임:  2
2018-08-06 18:48:42.572894 MoonStock Program Started!!
2018-08-06 18:48:42.573087 Started!!
- 러닝타임:  2
- 러닝타임:  2
2018-08-06 18:50:41.139676 MoonStock Program Started!!
2018-08-06 18:50:41.140081 Started!!
- 러닝타임:  2
- 러닝타임:  2
- 러닝타임:  6
- 러닝타임:  6
- 러닝타임:  2
- 러닝타임:  2
2018-08-06 18:51:15.688047 MoonStock Program Started!!
2018-08-06 18:51:15.688244 Started!!
- 러닝타임:  2
- 러닝타임:  2
2018-08-06 18:51:39.618325 MoonStock Program Started!!
2018-08-06 18:51:39.618595 Started!!
- 러닝타임:  2
- 러닝타임:  2
- 러닝타임:  2
- 러닝타임:  2
- 러닝타임:  2
- 러닝타임:  2
- 러닝타임:  2
- 러닝타임:  2
- 러닝타임:  3
- 러닝타임:  3
- 러닝타임:  3
- 러닝타임:  3
- 러닝타임:  4
- 러닝타임:  4
- 러닝타임:  2
- 러닝타임:  2
- 러닝타임:  2
- 러닝타임:  2
2018-08-06 18:53:31.900365 MoonStock Program Started!!
2018-08-06 18:53:31.900558 Started!!
- 러닝타임:  2
- 러닝타임:  2
2018-08-06 18:54:18.735997 MoonStock Program Started!!
2018-08-06 18:54:18.736188 Started!!
- 러닝타임:  3
- 러닝타임:  3
2018-08-06 18:55:32.993555 MoonStock Program Started!!
2018-08-06 18:55:32.993825 Started!!
- 러닝타임:  2
- 러닝타임:  2
2018-08-06 18:56:12.306278 MoonStock Program Started!!
2018-08-06 18:56:12.306471 Started!!
- 러닝타임:  2
- 러닝타임:  2
2018-08-06 18:56:31.431079 MoonStock Program Started!!
2018-08-06 18:56:31.431434 Started!!
- 러닝타임:  2
- 러닝타임:  2
2018-08-06 18:56:47.210882 MoonStock Program Started!!
2018-08-06 18:56:47.211074 Started!!
- 러닝타임:  5
- 러닝타임:  5
2018-08-06 18:57:13.690023 MoonStock Program Started!!
2018-08-06 18:57:13.690247 Started!!
- 러닝타임:  4
- 러닝타임:  4
- 러닝타임:  2
- 러닝타임:  2
2018-08-06 18:58:13.071040 MoonStock Program Started!!
2018-08-06 18:58:13.071229 Started!!
- 러닝타임:  2
- 러닝타임:  2
- 러닝타임:  2
- 러닝타임:  2
- 러닝타임:  2
- 러닝타임:  2
- 러닝타임:  2
- 러닝타임:  2
- 러닝타임:  2
- 러닝타임:  2
- 러닝타임:  3
- 러닝타임:  3
2018-08-06 18:59:18.673663 MoonStock Program Started!!
2018-08-06 18:59:18.673857 Started!!
- 러닝타임:  2
- 러닝타임:  2
2018-08-06 21:12:54.104038 MoonStock Program Started!!
2018-08-06 21:12:54.104287 Started!!
- 러닝타임:  2
- 러닝타임:  2
- 러닝타임:  2
- 러닝타임:  2
2018-08-06 21:39:36.682358 MoonStock Program Started!!
2018-08-06 21:39:36.682575 Started!!
- 러닝타임:  2
- 러닝타임:  2
2018-08-06 21:42:14.272222 MoonStock Program Started!!
2018-08-06 21:42:14.272648 Started!!
- 러닝타임:  2
- 러닝타임:  2
- 러닝타임:  7
- 러닝타임:  7
- 러닝타임:  2
- 러닝타임:  2
- 러닝타임:  2
- 러닝타임:  2
- 러닝타임:  2
- 러닝타임:  2
- 러닝타임:  3
- 러닝타임:  3
- 러닝타임:  2
- 러닝타임:  2
- 러닝타임:  2
- 러닝타임:  2
- 러닝타임:  2
- 러닝타임:  2
- 러닝타임:  3
- 러닝타임:  3
- 러닝타임:  2
- 러닝타임:  2
- 러닝타임:  4
- 러닝타임:  4
- 러닝타임:  2
- 러닝타임:  2
- 러닝타임:  2
- 러닝타임:  2
- 러닝타임:  2
- 러닝타임:  2
- 러닝타임:  4
- 러닝타임:  4
- 러닝타임:  2
- 러닝타임:  2
- 러닝타임:  2
- 러닝타임:  2
- 러닝타임:  2
- 러닝타임:  2
- 러닝타임:  2
- 러닝타임:  2
- 러닝타임:  4
- 러닝타임:  4
- 러닝타임:  5
- 러닝타임:  5
- 러닝타임:  3
- 러닝타임:  3
- 러닝타임:  2
- 러닝타임:  2
- 러닝타임:  2
- 러닝타임:  2
- 러닝타임:  2
- 러닝타임:  2
- 러닝타임:  3
- 러닝타임:  3
- 러닝타임:  3
- 러닝타임:  3
- 러닝타임:  2
- 러닝타임:  2
- 러닝타임:  2
- 러닝타임:  2
- 러닝타임:  3
- 러닝타임:  3
- 러닝타임:  3
- 러닝타임:  3
- 러닝타임:  2
- 러닝타임:  2
- 러닝타임:  2
- 러닝타임:  2
- 러닝타임:  2
- 러닝타임:  2
- 러닝타임:  2
- 러닝타임:  2
- 러닝타임:  2
- 러닝타임:  2
- 러닝타임:  2
- 러닝타임:  2
- 러닝타임:  2
- 러닝타임:  2
- 러닝타임:  2
- 러닝타임:  2
- 러닝타임:  3
- 러닝타임:  3
- 러닝타임:  3
- 러닝타임:  3
- 러닝타임:  2
- 러닝타임:  2
- 러닝타임:  2
- 러닝타임:  2
- 러닝타임:  3
- 러닝타임:  3
- 러닝타임:  2
- 러닝타임:  2
- 러닝타임:  4
- 러닝타임:  4
- 러닝타임:  2
- 러닝타임:  2
- 러닝타임:  3
- 러닝타임:  3
- 러닝타임:  2
- 러닝타임:  2
- 러닝타임:  2
- 러닝타임:  2
- 러닝타임:  2
- 러닝타임:  2
- 러닝타임:  3
- 러닝타임:  3
- 러닝타임:  3
- 러닝타임:  3
- 러닝타임:  4
- 러닝타임:  4
- 러닝타임:  2
- 러닝타임:  2
- 러닝타임:  4
- 러닝타임:  4
- 러닝타임:  2
- 러닝타임:  2
- 러닝타임:  2
- 러닝타임:  2
- 러닝타임:  5
- 러닝타임:  5
- 러닝타임:  3
- 러닝타임:  3
- 러닝타임:  3
- 러닝타임:  3
- 러닝타임:  2
- 러닝타임:  2
- 러닝타임:  3
- 러닝타임:  3
- 러닝타임:  3
- 러닝타임:  3
- 러닝타임:  2
- 러닝타임:  2
- 러닝타임:  2
- 러닝타임:  2
- 러닝타임:  2
- 러닝타임:  2
- 러닝타임:  2
- 러닝타임:  2
- 러닝타임:  2
- 러닝타임:  2
- 러닝타임:  3
- 러닝타임:  3
- 러닝타임:  3
- 러닝타임:  3
- 러닝타임:  3
- 러닝타임:  3
- 러닝타임:  3
- 러닝타임:  3
- 러닝타임:  4
- 러닝타임:  4
- 러닝타임:  4
- 러닝타임:  4
- 러닝타임:  2
- 러닝타임:  2
- 러닝타임:  2
- 러닝타임:  2
- 러닝타임:  2
- 러닝타임:  2
- 러닝타임:  3
- 러닝타임:  3
- 러닝타임:  2
- 러닝타임:  2
- 러닝타임:  2
- 러닝타임:  2
- 러닝타임:  2
- 러닝타임:  2
- 러닝타임:  2
- 러닝타임:  2
- 러닝타임:  2
- 러닝타임:  2
- 러닝타임:  2
- 러닝타임:  2
- 러닝타임:  3
- 러닝타임:  3
- 러닝타임:  2
- 러닝타임:  2
- 러닝타임:  2
- 러닝타임:  2
- 러닝타임:  2
- 러닝타임:  2
- 러닝타임:  4
- 러닝타임:  4
- 러닝타임:  2
- 러닝타임:  2
- 러닝타임:  5
- 러닝타임:  5
- 러닝타임:  3
- 러닝타임:  3
- 러닝타임:  2
- 러닝타임:  2
- 러닝타임:  3
- 러닝타임:  3
- 러닝타임:  2
- 러닝타임:  2
- 러닝타임:  3
- 러닝타임:  3
- 러닝타임:  2
- 러닝타임:  2
- 러닝타임:  3
- 러닝타임:  3
- 러닝타임:  4
- 러닝타임:  4
- 러닝타임:  2
- 러닝타임:  2
- 러닝타임:  2
- 러닝타임:  2
- 러닝타임:  2
- 러닝타임:  2
- 러닝타임:  2
- 러닝타임:  2
- 러닝타임:  2
- 러닝타임:  2
- 러닝타임:  2
- 러닝타임:  2
- 러닝타임:  2
- 러닝타임:  2
- 러닝타임:  3
- 러닝타임:  3
- 러닝타임:  2
- 러닝타임:  2
- 러닝타임:  2
- 러닝타임:  2
- 러닝타임:  3
- 러닝타임:  3
- 러닝타임:  2
- 러닝타임:  2
- 러닝타임:  2
- 러닝타임:  2
- 러닝타임:  6
- 러닝타임:  6
- 러닝타임:  3
- 러닝타임:  3
- 러닝타임:  3
- 러닝타임:  3
- 러닝타임:  6
- 러닝타임:  6
- 러닝타임:  2
- 러닝타임:  2
- 러닝타임:  3
- 러닝타임:  3
- 러닝타임:  2
- 러닝타임:  2
- 러닝타임:  2
- 러닝타임:  2
- 러닝타임:  4
- 러닝타임:  4
- 러닝타임:  3
- 러닝타임:  3
- 러닝타임:  2
- 러닝타임:  2
- 러닝타임:  2
- 러닝타임:  2
- 러닝타임:  2
- 러닝타임:  2
- 러닝타임:  2
- 러닝타임:  2
- 러닝타임:  3
- 러닝타임:  3
- 러닝타임:  4
- 러닝타임:  4
- 러닝타임:  2
- 러닝타임:  2
- 러닝타임:  2
- 러닝타임:  2
- 러닝타임:  4
- 러닝타임:  4
- 러닝타임:  2
- 러닝타임:  2
- 러닝타임:  2
- 러닝타임:  2
- 러닝타임:  2
- 러닝타임:  2
- 러닝타임:  2
- 러닝타임:  2
- 러닝타임:  3
- 러닝타임:  3
- 러닝타임:  3
- 러닝타임:  3
- 러닝타임:  3
- 러닝타임:  3
- 러닝타임:  3
- 러닝타임:  3
- 러닝타임:  4
- 러닝타임:  4
- 러닝타임:  2
- 러닝타임:  2
- 러닝타임:  2
- 러닝타임:  2
- 러닝타임:  4
- 러닝타임:  4
- 러닝타임:  4
- 러닝타임:  4
- 러닝타임:  2
- 러닝타임:  2
- 러닝타임:  3
- 러닝타임:  3
- 러닝타임:  4
- 러닝타임:  4
- 러닝타임:  3
- 러닝타임:  3
- 러닝타임:  2
- 러닝타임:  2
- 러닝타임:  3
- 러닝타임:  3
- 러닝타임:  3
- 러닝타임:  3
- 러닝타임:  3
- 러닝타임:  3
- 러닝타임:  4
- 러닝타임:  4
- 러닝타임:  3
- 러닝타임:  3
- 러닝타임:  3
- 러닝타임:  3
- 러닝타임:  3
- 러닝타임:  3
- 러닝타임:  3
- 러닝타임:  3
- 러닝타임:  3
- 러닝타임:  3
- 러닝타임:  2
- 러닝타임:  2
- 러닝타임:  2
- 러닝타임:  2
- 러닝타임:  3
- 러닝타임:  3
- 러닝타임:  3
- 러닝타임:  3
- 러닝타임:  3
- 러닝타임:  3
- 러닝타임:  3
- 러닝타임:  3
- 러닝타임:  2
- 러닝타임:  2
- 러닝타임:  2
- 러닝타임:  2
- 러닝타임:  2
- 러닝타임:  2
- 러닝타임:  3
- 러닝타임:  3
- 러닝타임:  6
- 러닝타임:  6
- 러닝타임:  2
- 러닝타임:  2
- 러닝타임:  2
- 러닝타임:  2
- 러닝타임:  6
- 러닝타임:  6
- 러닝타임:  3
- 러닝타임:  3
- 러닝타임:  3
- 러닝타임:  3
- 러닝타임:  3
- 러닝타임:  3
- 러닝타임:  2
- 러닝타임:  3
- 러닝타임:  4
- 러닝타임:  4
- 러닝타임:  2
- 러닝타임:  2
- 러닝타임:  3
- 러닝타임:  3
- 러닝타임:  3
- 러닝타임:  3
- 러닝타임:  2
- 러닝타임:  2
- 러닝타임:  3
- 러닝타임:  3
- 러닝타임:  2
- 러닝타임:  2
- 러닝타임:  3
- 러닝타임:  3
- 러닝타임:  5
- 러닝타임:  5
- 러닝타임:  3
- 러닝타임:  3
- 러닝타임:  3
- 러닝타임:  3
- 러닝타임:  2
- 러닝타임:  2
- 러닝타임:  2
- 러닝타임:  2
- 러닝타임:  5
- 러닝타임:  5
- 러닝타임:  3
- 러닝타임:  3
- 러닝타임:  2
- 러닝타임:  2
- 러닝타임:  4
- 러닝타임:  4
- 러닝타임:  3
- 러닝타임:  3
- 러닝타임:  2
- 러닝타임:  2
- 러닝타임:  2
- 러닝타임:  2
- 러닝타임:  2
- 러닝타임:  2
- 러닝타임:  2
- 러닝타임:  2
- 러닝타임:  5
- 러닝타임:  5
- 러닝타임:  4
- 러닝타임:  4
- 러닝타임:  3
- 러닝타임:  3
- 러닝타임:  3
- 러닝타임:  3
- 러닝타임:  2
- 러닝타임:  2
- 러닝타임:  4
- 러닝타임:  4
- 러닝타임:  2
- 러닝타임:  2
- 러닝타임:  2
- 러닝타임:  2
- 러닝타임:  2
- 러닝타임:  2
- 러닝타임:  2
- 러닝타임:  2
- 러닝타임:  2
- 러닝타임:  2
- 러닝타임:  2
- 러닝타임:  2
- 러닝타임:  3
- 러닝타임:  3
- 러닝타임:  3
- 러닝타임:  3
- 러닝타임:  2
- 러닝타임:  2
- 러닝타임:  5
- 러닝타임:  5
- 러닝타임:  2
- 러닝타임:  2
- 러닝타임:  2
- 러닝타임:  2
- 러닝타임:  2
- 러닝타임:  2
- 러닝타임:  3
- 러닝타임:  3
- 러닝타임:  2
- 러닝타임:  2
- 러닝타임:  3
- 러닝타임:  3
- 러닝타임:  4
- 러닝타임:  4
- 러닝타임:  2
- 러닝타임:  2
- 러닝타임:  2
- 러닝타임:  2
- 러닝타임:  2
- 러닝타임:  2
- 러닝타임:  2
- 러닝타임:  2
- 러닝타임:  2
- 러닝타임:  2
- 러닝타임:  2
- 러닝타임:  2
- 러닝타임:  2
- 러닝타임:  2
- 러닝타임:  2
- 러닝타임:  2
- 러닝타임:  2
- 러닝타임:  2
- 러닝타임:  2
- 러닝타임:  2
- 러닝타임:  2
- 러닝타임:  2
- 러닝타임:  2
- 러닝타임:  2
- 러닝타임:  5
- 러닝타임:  5
- 러닝타임:  2
- 러닝타임:  2
- 러닝타임:  2
- 러닝타임:  2
- 러닝타임:  4
- 러닝타임:  4
- 러닝타임:  2
- 러닝타임:  2
- 러닝타임:  3
- 러닝타임:  3
- 러닝타임:  2
- 러닝타임:  2
- 러닝타임:  3
- 러닝타임:  3
- 러닝타임:  2
- 러닝타임:  2
- 러닝타임:  3
- 러닝타임:  3
- 러닝타임:  2
- 러닝타임:  2
- 러닝타임:  2
- 러닝타임:  2
- 러닝타임:  2
- 러닝타임:  2
- 러닝타임:  3
- 러닝타임:  3
- 러닝타임:  2
- 러닝타임:  2
- 러닝타임:  2
- 러닝타임:  2
- 러닝타임:  2
- 러닝타임:  2
- 러닝타임:  2
- 러닝타임:  2
- 러닝타임:  2
- 러닝타임:  2
- 러닝타임:  2
- 러닝타임:  2
- 러닝타임:  2
- 러닝타임:  2
- 러닝타임:  2
- 러닝타임:  2
- 러닝타임:  2
- 러닝타임:  2
- 러닝타임:  2
- 러닝타임:  2
- 러닝타임:  2
- 러닝타임:  2
- 러닝타임:  2
- 러닝타임:  2
- 러닝타임:  2
- 러닝타임:  2
- 러닝타임:  2
- 러닝타임:  2
- 러닝타임:  2
- 러닝타임:  2
- 러닝타임:  2
- 러닝타임:  2
- 러닝타임:  3
- 러닝타임:  3
- 러닝타임:  2
- 러닝타임:  2
- 러닝타임:  2
- 러닝타임:  2
- 러닝타임:  3
- 러닝타임:  3
- 러닝타임:  2
- 러닝타임:  2
- 러닝타임:  4
- 러닝타임:  4
- 러닝타임:  3
- 러닝타임:  3
- 러닝타임:  2
- 러닝타임:  2
- 러닝타임:  2
- 러닝타임:  2
- 러닝타임:  4
- 러닝타임:  4
- 러닝타임:  5
- 러닝타임:  5
- 러닝타임:  4
- 러닝타임:  4
- 러닝타임:  2
- 러닝타임:  2
- 러닝타임:  2
- 러닝타임:  2
- 러닝타임:  2
- 러닝타임:  2
- 러닝타임:  2
- 러닝타임:  2
- 러닝타임:  2
- 러닝타임:  2
- 러닝타임:  2
- 러닝타임:  2
- 러닝타임:  2
- 러닝타임:  2
- 러닝타임:  2
- 러닝타임:  2
- 러닝타임:  2
- 러닝타임:  2
- 러닝타임:  2
- 러닝타임:  2
- 러닝타임:  2
- 러닝타임:  2
- 러닝타임:  2
- 러닝타임:  2
- 러닝타임:  2
- 러닝타임:  2
- 러닝타임:  3
- 러닝타임:  3
- 러닝타임:  2
- 러닝타임:  2
- 러닝타임:  2
- 러닝타임:  2
- 러닝타임:  2
- 러닝타임:  2
- 러닝타임:  2
- 러닝타임:  2
- 러닝타임:  3
- 러닝타임:  3
- 러닝타임:  2
- 러닝타임:  2
