2018-08-07 00:23:02.200495 MoonStock Program Started!!
2018-08-07 00:23:02.200944 Started!!
2018-08-07 00:23:31.118051 MoonStock Program Started!!
2018-08-07 00:23:31.118298 Started!!
2018-08-07 00:26:13.245858 MoonStock Program Started!!
2018-08-07 00:26:13.246261 Started!!
- 러닝타임:  209
- 러닝타임:  128
2018-08-07 00:49:17.468296 MoonStock Program Started!!
2018-08-07 00:49:17.468782 Started!!
2018-08-07 02:11:51.223586 MoonStock Program Started!!
2018-08-07 02:11:51.223796 Started!!
- 러닝타임:  16
- 러닝타임:  16
2018-08-07 02:15:06.671853 MoonStock Program Started!!
2018-08-07 02:15:06.672072 Started!!
- 러닝타임:  16
- 러닝타임:  16
- 러닝타임:  17
- 러닝타임:  17
2018-08-07 02:24:07.972632 MoonStock Program Started!!
2018-08-07 02:24:07.972824 Started!!
- 러닝타임:  10
- 러닝타임:  10
2018-08-07 02:25:13.714497 MoonStock Program Started!!
2018-08-07 02:25:13.714721 Started!!
- 러닝타임:  10
- 러닝타임:  10
2018-08-07 02:26:52.563608 MoonStock Program Started!!
2018-08-07 02:26:52.564032 Started!!
- 러닝타임:  10
- 러닝타임:  10
2018-08-07 02:32:36.198131 MoonStock Program Started!!
2018-08-07 02:32:36.198560 Started!!
- 러닝타임:  10
- 러닝타임:  10
2018-08-07 10:21:13.558555 MoonStock Program Started!!
2018-08-07 10:21:13.559054 Started!!
2018-08-07 10:21:44.700213 MoonStock Program Started!!
2018-08-07 10:21:44.700437 Started!!
- 러닝타임:  11
- 러닝타임:  11
2018-08-07 10:34:59.071094 MoonStock Program Started!!
2018-08-07 10:34:59.083759 Started!!
2018-08-07 10:35:48.378300 MoonStock Program Started!!
2018-08-07 10:35:48.378736 Started!!
- 러닝타임:  10
2018-08-07 10:37:16.286079 MoonStock Program Started!!
2018-08-07 10:37:16.286505 Started!!
- 러닝타임:  10
2018-08-07 10:38:11.300823 MoonStock Program Started!!
2018-08-07 10:38:11.301443 Started!!
- 러닝타임:  10
- 러닝타임:  10
2018-08-07 10:39:46.963092 MoonStock Program Started!!
2018-08-07 10:39:46.963302 Started!!
- 러닝타임:  10
2018-08-07 10:51:27.745585 MoonStock Program Started!!
2018-08-07 10:51:27.755261 Started!!
- 러닝타임:  11
- 러닝타임:  11
2018-08-07 10:59:45.969355 MoonStock Program Started!!
2018-08-07 10:59:45.969655 Started!!
- 러닝타임:  10
- 러닝타임:  10
2018-08-07 13:05:31.931446 MoonStock Program Started!!
2018-08-07 13:05:31.932204 Started!!
2018-08-07 13:06:26.018865 MoonStock Program Started!!
2018-08-07 13:06:26.019070 Started!!
2018-08-07 13:06:56.460775 MoonStock Program Started!!
2018-08-07 13:06:56.461002 Started!!
2018-08-07 13:09:31.104369 MoonStock Program Started!!
2018-08-07 13:09:31.104572 Started!!
- 러닝타임:  11
- 러닝타임:  11
- 러닝타임:  10
- 러닝타임:  10
- 러닝타임:  10
- 러닝타임:  10
- 러닝타임:  10
- 러닝타임:  10
- 러닝타임:  10
- 러닝타임:  10
- 러닝타임:  12
- 러닝타임:  12
2018-08-07 13:12:47.655783 MoonStock Program Started!!
2018-08-07 13:12:47.656007 Started!!
- 러닝타임:  10
- 러닝타임:  10
- 러닝타임:  10
- 러닝타임:  10
- 러닝타임:  10
- 러닝타임:  10
- 러닝타임:  15
- 러닝타임:  15
- 러닝타임:  13
- 러닝타임:  13
2018-08-07 13:16:14.733070 MoonStock Program Started!!
2018-08-07 13:16:14.733488 Started!!
2018-08-07 13:18:31.929947 MoonStock Program Started!!
2018-08-07 13:18:31.930152 Started!!
1. addDayStock 시작
2018-08-07 13:19:54.736415 MoonStock Program Started!!
2018-08-07 13:19:54.736624 Started!!
2018-08-07 13:19:54.746300 1. addDayStock 시작
2018-08-07 13:21:38.797429 MoonStock Program Started!!
2018-08-07 13:21:38.797643 Started!!
2018-08-07 13:21:38.806560 1. addDayStock 시작
- 러닝타임:  159
2018-08-07 13:24:17.564856 2. addRealtimeStock 시작
- 러닝타임:  188
2018-08-07 13:27:25.540598 3. startAlgorithm 시작
- 러닝타임:  10
2018-08-07 13:27:35.372049 4. uploadRankDB 시작
2018-08-07 13:29:25.926252 MoonStock Program Started!!
2018-08-07 13:29:25.926478 Started!!
2018-08-07 13:29:25.935019 1. addDayStock 시작
- 러닝타임:  12
2018-08-07 13:29:37.846655 2. addRealtimeStock 시작
- 러닝타임:  134
2018-08-07 13:31:52.274343 3. startAlgorithm 시작
- 러닝타임:  10
2018-08-07 13:32:02.239153 4. uploadRankDB 시작
2018-08-07 13:34:48.268096 MoonStock Program Started!!
2018-08-07 13:34:48.268369 Started!!
2018-08-07 13:34:48.276718 1. addDayStock 시작
- 러닝타임:  11
2018-08-07 13:34:58.897049 2. addRealtimeStock 시작
- 러닝타임:  159
2018-08-07 13:37:37.626397 3. startAlgorithm 시작
- 러닝타임:  11
2018-08-07 13:37:48.419699 4. uploadRankDB 시작
2018-08-07 13:39:58.251389 MoonStock Program Started!!
2018-08-07 13:39:58.251618 Started!!
2018-08-07 13:39:58.265415 4. uploadRankDB 시작
- 러닝타임:  2
- 러닝타임:  2
2018-08-07 13:40:50.581175 MoonStock Program Started!!
2018-08-07 13:40:50.590745 Started!!
2018-08-07 13:40:50.594397 1. addDayStock 시작
- 러닝타임:  12
2018-08-07 13:41:02.252604 2. addRealtimeStock 시작
- 러닝타임:  138
2018-08-07 13:43:19.921997 3. startAlgorithm 시작
- 러닝타임:  11
2018-08-07 13:43:31.274839 4. uploadRankDB 시작
- 러닝타임:  2
- 러닝타임:  163
2018-08-07 13:50:50.666711 1. addDayStock 시작
- 러닝타임:  12
2018-08-07 13:51:02.679059 2. addRealtimeStock 시작
2018-08-07 13:52:32.548217 MoonStock Program Started!!
2018-08-07 13:52:32.548647 Started!!
2018-08-07 13:52:32.558256 1. addDayStock 시작
- 러닝타임:  11
2018-08-07 13:52:43.166450 2. addRealtimeStock 시작
- 러닝타임:  130
2018-08-07 13:54:53.645722 3. startAlgorithm 시작
- 러닝타임:  10
2018-08-07 13:55:03.506074 4. uploadRankDB 시작
- 러닝타임:  4
- 러닝타임:  155
2018-08-07 14:02:33.264453 1. addDayStock 시작
- 러닝타임:  11
2018-08-07 14:02:44.374481 2. addRealtimeStock 시작
2018-08-07 14:03:34.992893 MoonStock Program Started!!
2018-08-07 14:03:34.993129 Started!!
2018-08-07 14:03:35.001816 1. addDayStock 시작
- 러닝타임:  11
2018-08-07 14:03:45.608423 2. addRealtimeStock 시작
- 러닝타임:  129
2018-08-07 14:05:54.146718 3. startAlgorithm 시작
- 러닝타임:  10
2018-08-07 14:06:04.146445 4. uploadRankDB 시작
- 러닝타임:  2
- 러닝타임:  151
2018-08-07 14:06:55.134251 MoonStock Program Started!!
2018-08-07 14:06:55.134675 Started!!
2018-08-07 14:06:55.144198 1. addDayStock 시작
- 러닝타임:  11
2018-08-07 14:07:05.756164 2. addRealtimeStock 시작
- 러닝타임:  129
2018-08-07 14:09:14.853429 3. startAlgorithm 시작
- 러닝타임:  10
2018-08-07 14:09:24.619175 4. uploadRankDB 시작
- 러닝타임:  3
- 러닝타임:  153
2018-08-07 14:09:28.714195 1. addDayStock 시작
- 러닝타임:  11
2018-08-07 14:09:39.609249 2. addRealtimeStock 시작
- 러닝타임:  180
2018-08-07 14:12:39.854525 3. startAlgorithm 시작
- 러닝타임:  10
2018-08-07 14:12:49.644560 4. uploadRankDB 시작
- 러닝타임:  2
- 러닝타임:  203
2018-08-07 14:12:52.765714 1. addDayStock 시작
- 러닝타임:  12
2018-08-07 14:13:04.611848 2. addRealtimeStock 시작
2018-08-07 14:14:27.715173 1. addDayStock 시작
- 러닝타임:  13
2018-08-07 14:14:40.964232 2. addRealtimeStock 시작
- 러닝타임:  180
2018-08-07 14:16:04.512052 3. startAlgorithm 시작
- 러닝타임:  11
2018-08-07 14:16:15.955088 4. uploadRankDB 시작
- 러닝타임:  2
- 러닝타임:  205
2018-08-07 14:16:18.994535 1. addDayStock 시작
- 러닝타임:  12
2018-08-07 14:16:31.297903 2. addRealtimeStock 시작
2018-08-07 14:17:51.764251 1. addDayStock 시작
- 러닝타임:  192
2018-08-07 14:17:53.126324 3. startAlgorithm 시작
2018-08-07 14:21:17.989978 1. addDayStock 시작
- 러닝타임:  406
2018-08-07 14:24:38.254081 2. addRealtimeStock 시작
- 러닝타임:  432
2018-08-07 14:25:05.539552 4. uploadRankDB 시작
- 러닝타임:  5
- 러닝타임:  642
2018-08-07 14:25:11.212873 1. addDayStock 시작
- 러닝타임:  126
2018-08-07 14:26:44.662476 3. startAlgorithm 시작
- 러닝타임:  377
2018-08-07 14:27:34.528586 2. addRealtimeStock 시작
- 러닝타임:  155
2018-08-07 14:30:09.771479 3. startAlgorithm 시작
2018-08-07 14:30:10.211717 1. addDayStock 시작
- 러닝타임:  478
2018-08-07 14:33:08.949887 2. addRealtimeStock 시작
2018-08-07 14:57:55.174033 MoonStock Program Started!!
2018-08-07 14:57:55.174276 Started!!
2018-08-07 14:57:55.180139 재실행
2018-08-07 14:57:55.184362 3. startAlgorithm 시작
- 러닝타임:  10
2018-08-07 14:58:05.183183 4. uploadRankDB 시작
- 러닝타임:  2
- 러닝타임:  12
2018-08-07 14:58:08.417913 재실행
2018-08-07 14:58:08.422004 3. startAlgorithm 시작
- 러닝타임:  10
2018-08-07 14:58:18.623207 4. uploadRankDB 시작
- 러닝타임:  3
- 러닝타임:  14
2018-08-07 14:58:23.081705 재실행
2018-08-07 14:58:23.085245 3. startAlgorithm 시작
- 러닝타임:  10
2018-08-07 14:58:33.378040 4. uploadRankDB 시작
- 러닝타임:  3
- 러닝타임:  14
2018-08-07 14:58:37.662688 재실행
2018-08-07 14:58:37.665396 3. startAlgorithm 시작
- 러닝타임:  10
2018-08-07 14:58:47.524860 4. uploadRankDB 시작
- 러닝타임:  2
- 러닝타임:  12
2018-08-07 14:58:50.386714 재실행
2018-08-07 14:58:50.390251 3. startAlgorithm 시작
- 러닝타임:  10
2018-08-07 14:59:00.346740 4. uploadRankDB 시작
- 러닝타임:  2
- 러닝타임:  12
2018-08-07 14:59:03.681781 재실행
2018-08-07 14:59:03.685437 3. startAlgorithm 시작
- 러닝타임:  10
2018-08-07 14:59:13.657520 4. uploadRankDB 시작
- 러닝타임:  3
- 러닝타임:  13
2018-08-07 14:59:17.969262 재실행
2018-08-07 14:59:17.972929 3. startAlgorithm 시작
- 러닝타임:  10
2018-08-07 14:59:27.860468 4. uploadRankDB 시작
- 러닝타임:  5
- 러닝타임:  15
2018-08-07 14:59:34.212067 재실행
2018-08-07 14:59:34.215592 3. startAlgorithm 시작
- 러닝타임:  10
2018-08-07 14:59:44.101934 4. uploadRankDB 시작
- 러닝타임:  4
- 러닝타임:  14
2018-08-07 14:59:48.830009 재실행
2018-08-07 14:59:48.832667 3. startAlgorithm 시작
- 러닝타임:  14
2018-08-07 15:00:02.767337 4. uploadRankDB 시작
- 러닝타임:  3
- 러닝타임:  17
2018-08-07 15:00:07.186209 재실행
2018-08-07 15:00:07.191713 3. startAlgorithm 시작
2018-08-07 15:00:20.890098 MoonStock Program Started!!
2018-08-07 15:00:20.890316 Started!!
2018-08-07 15:00:20.896202 실행
2018-08-07 15:00:20.900388 1. addDayStock 시작
- 러닝타임:  11
2018-08-07 15:00:31.773969 2. addRealtimeStock 시작
- 러닝타임:  164
2018-08-07 15:03:15.501131 3. startAlgorithm 시작
- 러닝타임:  11
2018-08-07 15:03:26.594524 4. uploadRankDB 시작
- 러닝타임:  4
- 러닝타임:  190
2018-08-07 15:03:31.766528 실행
2018-08-07 15:03:31.769393 1. addDayStock 시작
- 러닝타임:  15
2018-08-07 15:03:46.884299 2. addRealtimeStock 시작
- 러닝타임:  199
2018-08-07 15:07:05.641739 3. startAlgorithm 시작
- 러닝타임:  20
2018-08-07 15:07:25.959191 4. uploadRankDB 시작
- 러닝타임:  3
- 러닝타임:  237
2018-08-07 15:07:30.107213 실행
2018-08-07 15:07:30.111168 1. addDayStock 시작
- 러닝타임:  22
2018-08-07 15:07:52.473537 2. addRealtimeStock 시작
- 러닝타임:  205
2018-08-07 15:11:17.435658 3. startAlgorithm 시작
- 러닝타임:  11
2018-08-07 15:11:28.647874 4. uploadRankDB 시작
- 러닝타임:  4
- 러닝타임:  243
2018-08-07 15:11:33.914392 실행
2018-08-07 15:11:33.917752 1. addDayStock 시작
- 러닝타임:  15
2018-08-07 15:11:48.793694 2. addRealtimeStock 시작
- 러닝타임:  186
2018-08-07 15:14:55.023626 3. startAlgorithm 시작
- 러닝타임:  11
2018-08-07 15:15:05.600265 4. uploadRankDB 시작
- 러닝타임:  2
- 러닝타임:  214
2018-08-07 15:15:08.679418 실행
2018-08-07 15:15:08.682705 1. addDayStock 시작
- 러닝타임:  11
2018-08-07 15:15:20.035713 2. addRealtimeStock 시작
- 러닝타임:  148
2018-08-07 15:17:47.943406 3. startAlgorithm 시작
- 러닝타임:  11
2018-08-07 15:17:58.464655 4. uploadRankDB 시작
- 러닝타임:  3
- 러닝타임:  173
2018-08-07 15:18:02.589453 실행
2018-08-07 15:18:02.593153 1. addDayStock 시작
- 러닝타임:  11
2018-08-07 15:18:14.059056 2. addRealtimeStock 시작
- 러닝타임:  136
2018-08-07 15:20:29.816289 3. startAlgorithm 시작
- 러닝타임:  11
2018-08-07 15:20:40.424582 4. uploadRankDB 시작
- 러닝타임:  3
- 러닝타임:  161
2018-08-07 15:20:44.306983 실행
2018-08-07 15:20:44.309616 1. addDayStock 시작
- 러닝타임:  12
2018-08-07 15:20:56.077354 2. addRealtimeStock 시작
- 러닝타임:  128
2018-08-07 15:23:04.551035 3. startAlgorithm 시작
- 러닝타임:  11
2018-08-07 15:23:15.100743 4. uploadRankDB 시작
- 러닝타임:  2
- 러닝타임:  153
2018-08-07 15:23:18.260354 실행
2018-08-07 15:23:18.264120 1. addDayStock 시작
- 러닝타임:  11
2018-08-07 15:23:29.545123 2. addRealtimeStock 시작
- 러닝타임:  147
2018-08-07 15:25:56.962737 3. startAlgorithm 시작
- 러닝타임:  11
2018-08-07 15:26:08.110470 4. uploadRankDB 시작
- 러닝타임:  3
- 러닝타임:  173
2018-08-07 15:26:12.377519 실행
2018-08-07 15:26:12.381164 1. addDayStock 시작
- 러닝타임:  11
2018-08-07 15:26:23.360929 2. addRealtimeStock 시작
- 러닝타임:  154
2018-08-07 15:28:57.678597 3. startAlgorithm 시작
- 러닝타임:  10
2018-08-07 15:29:07.282133 4. uploadRankDB 시작
- 러닝타임:  5
- 러닝타임:  180
2018-08-07 15:29:13.047264 실행
2018-08-07 15:29:13.050681 1. addDayStock 시작
- 러닝타임:  10
2018-08-07 15:29:23.277677 2. addRealtimeStock 시작
- 러닝타임:  137
2018-08-07 15:31:40.378780 3. startAlgorithm 시작
- 러닝타임:  10
2018-08-07 15:31:49.929672 4. uploadRankDB 시작
- 러닝타임:  2
- 러닝타임:  159
2018-08-07 15:31:52.836666 실행
2018-08-07 15:31:52.840325 1. addDayStock 시작
- 러닝타임:  10
2018-08-07 15:32:03.174679 2. addRealtimeStock 시작
- 러닝타임:  149
2018-08-07 15:34:32.290232 3. startAlgorithm 시작
- 러닝타임:  10
2018-08-07 15:34:41.851986 4. uploadRankDB 시작
- 러닝타임:  5
- 러닝타임:  174
2018-08-07 15:34:47.600545 실행
2018-08-07 15:34:47.604181 1. addDayStock 시작
- 러닝타임:  10
2018-08-07 15:34:57.852543 2. addRealtimeStock 시작
- 러닝타임:  129
2018-08-07 15:37:06.685473 3. startAlgorithm 시작
- 러닝타임:  10
2018-08-07 15:37:16.399014 4. uploadRankDB 시작
- 러닝타임:  3
- 러닝타임:  152
2018-08-07 15:37:20.618569 실행
2018-08-07 15:37:20.622180 1. addDayStock 시작
- 러닝타임:  10
2018-08-07 15:37:30.814234 2. addRealtimeStock 시작
- 러닝타임:  162
2018-08-07 15:40:13.212738 3. startAlgorithm 시작
- 러닝타임:  12
2018-08-07 15:40:25.147616 4. uploadRankDB 시작
- 러닝타임:  2
- 러닝타임:  186
2018-08-07 15:40:28.103740 실행
2018-08-07 15:40:28.107399 1. addDayStock 시작
- 러닝타임:  13
2018-08-07 15:40:41.423777 2. addRealtimeStock 시작
- 러닝타임:  159
2018-08-07 15:43:20.744487 3. startAlgorithm 시작
- 러닝타임:  12
2018-08-07 15:43:33.136228 4. uploadRankDB 시작
2018-08-07 15:44:28.365739 MoonStock Program Started!!
2018-08-07 15:44:28.365966 Started!!
2018-08-07 15:44:28.367877 실행
2018-08-07 15:44:28.370667 1. addDayStock 시작
- 러닝타임:  14
2018-08-07 15:44:42.725462 2. addRealtimeStock 시작
- 러닝타임:  158
2018-08-07 15:47:21.161209 3. startAlgorithm 시작
- 러닝타임:  10
2018-08-07 15:47:31.545036 4. uploadRankDB 시작
- 러닝타임:  2
- 러닝타임:  185
2018-08-07 15:47:34.617694 실행
2018-08-07 15:47:34.621451 1. addDayStock 시작
- 러닝타임:  13
2018-08-07 15:47:47.541050 2. addRealtimeStock 시작
- 러닝타임:  159
2018-08-07 15:50:26.282984 3. startAlgorithm 시작
- 러닝타임:  12
2018-08-07 15:50:38.380663 4. uploadRankDB 시작
- 러닝타임:  2
- 러닝타임:  186
2018-08-07 15:50:41.483103 실행
2018-08-07 15:50:41.486569 1. addDayStock 시작
- 러닝타임:  13
2018-08-07 15:50:54.933351 2. addRealtimeStock 시작
- 러닝타임:  159
2018-08-07 15:53:33.586916 3. startAlgorithm 시작
- 러닝타임:  11
2018-08-07 15:53:44.682705 4. uploadRankDB 시작
- 러닝타임:  3
- 러닝타임:  186
2018-08-07 15:53:48.656878 실행
2018-08-07 15:53:48.660219 1. addDayStock 시작
- 러닝타임:  12
2018-08-07 15:54:00.708761 2. addRealtimeStock 시작
- 러닝타임:  168
2018-08-07 15:56:48.432398 3. startAlgorithm 시작
- 러닝타임:  12
2018-08-07 15:57:00.757705 4. uploadRankDB 시작
- 러닝타임:  2
- 러닝타임:  194
2018-08-07 15:57:03.632633 실행
2018-08-07 15:57:03.647212 1. addDayStock 시작
- 러닝타임:  12
2018-08-07 15:57:15.663408 2. addRealtimeStock 시작
- 러닝타임:  156
2018-08-07 15:59:51.487059 3. startAlgorithm 시작
- 러닝타임:  11
2018-08-07 16:00:02.565983 4. uploadRankDB 시작
- 러닝타임:  3
- 러닝타임:  182
2018-08-07 16:00:07.015321 실행
2018-08-07 16:00:07.018704 1. addDayStock 시작
- 러닝타임:  12
2018-08-07 16:00:18.677646 2. addRealtimeStock 시작
- 러닝타임:  145
2018-08-07 16:02:43.338594 3. startAlgorithm 시작
- 러닝타임:  11
2018-08-07 16:02:54.739240 4. uploadRankDB 시작
- 러닝타임:  2
- 러닝타임:  170
2018-08-07 16:02:57.629853 실행
2018-08-07 16:02:57.632958 1. addDayStock 시작
- 러닝타임:  12
2018-08-07 16:03:10.132021 2. addRealtimeStock 시작
- 러닝타임:  151
2018-08-07 16:05:41.085319 3. startAlgorithm 시작
- 러닝타임:  11
2018-08-07 16:05:52.532028 4. uploadRankDB 시작
- 러닝타임:  5
- 러닝타임:  180
2018-08-07 16:05:58.902117 실행
2018-08-07 16:05:58.905905 1. addDayStock 시작
- 러닝타임:  12
2018-08-07 16:06:11.172587 2. addRealtimeStock 시작
- 러닝타임:  152
2018-08-07 16:08:43.283407 3. startAlgorithm 시작
- 러닝타임:  11
2018-08-07 16:08:54.787076 4. uploadRankDB 시작
- 러닝타임:  4
- 러닝타임:  179
2018-08-07 16:08:59.301810 실행
2018-08-07 16:08:59.305537 1. addDayStock 시작
- 러닝타임:  13
2018-08-07 16:09:12.028609 2. addRealtimeStock 시작
- 러닝타임:  147
2018-08-07 16:11:39.120590 3. startAlgorithm 시작
- 러닝타임:  11
2018-08-07 16:11:50.568995 4. uploadRankDB 시작
- 러닝타임:  2
- 러닝타임:  174
2018-08-07 16:11:53.850292 실행
2018-08-07 16:11:53.853547 1. addDayStock 시작
- 러닝타임:  12
2018-08-07 16:12:06.320552 2. addRealtimeStock 시작
- 러닝타임:  142
2018-08-07 16:14:27.884016 3. startAlgorithm 시작
- 러닝타임:  11
2018-08-07 16:14:39.166022 4. uploadRankDB 시작
- 러닝타임:  3
- 러닝타임:  168
2018-08-07 16:14:42.875865 실행
2018-08-07 16:14:42.879843 1. addDayStock 시작
- 러닝타임:  12
2018-08-07 16:14:55.254432 2. addRealtimeStock 시작
- 러닝타임:  151
2018-08-07 16:17:26.038893 3. startAlgorithm 시작
- 러닝타임:  11
2018-08-07 16:17:37.406754 4. uploadRankDB 시작
- 러닝타임:  5
- 러닝타임:  179
2018-08-07 16:17:43.035601 실행
2018-08-07 16:17:43.038287 1. addDayStock 시작
- 러닝타임:  14
2018-08-07 16:17:56.622807 2. addRealtimeStock 시작
- 러닝타임:  164
2018-08-07 16:20:40.936003 3. startAlgorithm 시작
- 러닝타임:  11
2018-08-07 16:20:51.647075 4. uploadRankDB 시작
- 러닝타임:  3
- 러닝타임:  192
2018-08-07 16:20:55.991499 실행
2018-08-07 16:20:55.996047 1. addDayStock 시작
- 러닝타임:  12
2018-08-07 16:21:08.377865 2. addRealtimeStock 시작
- 러닝타임:  148
2018-08-07 16:23:36.378487 3. startAlgorithm 시작
- 러닝타임:  10
2018-08-07 16:23:46.706439 4. uploadRankDB 시작
- 러닝타임:  2
- 러닝타임:  173
2018-08-07 16:23:49.753818 실행
2018-08-07 16:23:49.770416 1. addDayStock 시작
- 러닝타임:  11
2018-08-07 16:24:01.118093 2. addRealtimeStock 시작
- 러닝타임:  150
2018-08-07 16:26:31.515097 3. startAlgorithm 시작
- 러닝타임:  11
2018-08-07 16:26:42.502492 4. uploadRankDB 시작
- 러닝타임:  2
- 러닝타임:  175
2018-08-07 16:26:45.744062 실행
2018-08-07 16:26:45.747735 1. addDayStock 시작
- 러닝타임:  13
2018-08-07 16:26:59.191547 2. addRealtimeStock 시작
- 러닝타임:  162
2018-08-07 16:29:41.378362 3. startAlgorithm 시작
- 러닝타임:  11
2018-08-07 16:29:52.490376 4. uploadRankDB 시작
- 러닝타임:  8
- 러닝타임:  195
2018-08-07 16:30:01.797022 실행
2018-08-07 16:30:01.800982 1. addDayStock 시작
- 러닝타임:  18
2018-08-07 16:30:20.034560 2. addRealtimeStock 시작
- 러닝타임:  168
2018-08-07 16:33:07.892246 3. startAlgorithm 시작
- 러닝타임:  11
2018-08-07 16:33:18.979234 4. uploadRankDB 시작
- 러닝타임:  2
- 러닝타임:  200
2018-08-07 16:33:22.379202 실행
2018-08-07 16:33:22.383012 1. addDayStock 시작
- 러닝타임:  12
2018-08-07 16:33:34.116673 2. addRealtimeStock 시작
- 러닝타임:  145
2018-08-07 16:35:58.750041 3. startAlgorithm 시작
- 러닝타임:  11
2018-08-07 16:36:09.867574 4. uploadRankDB 시작
- 러닝타임:  3
- 러닝타임:  171
2018-08-07 16:36:14.207230 실행
2018-08-07 16:36:14.210592 1. addDayStock 시작
- 러닝타임:  12
2018-08-07 16:36:26.045009 2. addRealtimeStock 시작
- 러닝타임:  146
2018-08-07 16:38:52.295795 3. startAlgorithm 시작
- 러닝타임:  10
2018-08-07 16:39:02.103357 4. uploadRankDB 시작
- 러닝타임:  5
- 러닝타임:  172
2018-08-07 16:39:07.655124 실행
2018-08-07 16:39:07.658831 1. addDayStock 시작
- 러닝타임:  10
2018-08-07 16:39:17.820836 2. addRealtimeStock 시작
- 러닝타임:  138
2018-08-07 16:41:36.009446 3. startAlgorithm 시작
- 러닝타임:  10
2018-08-07 16:41:45.777671 4. uploadRankDB 시작
- 러닝타임:  2
- 러닝타임:  160
2018-08-07 16:41:48.815848 실행
2018-08-07 16:41:48.819487 1. addDayStock 시작
- 러닝타임:  10
2018-08-07 16:41:59.123179 2. addRealtimeStock 시작
- 러닝타임:  159
2018-08-07 16:44:38.144753 3. startAlgorithm 시작
- 러닝타임:  10
2018-08-07 16:44:47.845473 4. uploadRankDB 시작
- 러닝타임:  2
- 러닝타임:  182
2018-08-07 16:44:51.348907 실행
2018-08-07 16:44:51.351187 1. addDayStock 시작
- 러닝타임:  10
2018-08-07 16:45:01.619163 2. addRealtimeStock 시작
- 러닝타임:  127
2018-08-07 16:47:08.186477 3. startAlgorithm 시작
- 러닝타임:  10
2018-08-07 16:47:17.957930 4. uploadRankDB 시작
- 러닝타임:  2
- 러닝타임:  148
2018-08-07 16:47:20.812698 실행
2018-08-07 16:47:20.816326 1. addDayStock 시작
- 러닝타임:  11
2018-08-07 16:47:31.443973 2. addRealtimeStock 시작
- 러닝타임:  130
2018-08-07 16:49:41.110055 3. startAlgorithm 시작
- 러닝타임:  11
2018-08-07 16:49:52.414411 4. uploadRankDB 시작
- 러닝타임:  5
- 러닝타임:  156
2018-08-07 16:49:58.000611 실행
2018-08-07 16:49:58.004375 1. addDayStock 시작
- 러닝타임:  12
2018-08-07 16:50:10.142221 2. addRealtimeStock 시작
- 러닝타임:  138
2018-08-07 16:52:27.880167 3. startAlgorithm 시작
- 러닝타임:  11
2018-08-07 16:52:39.176852 4. uploadRankDB 시작
- 러닝타임:  2
- 러닝타임:  163
2018-08-07 16:52:42.129799 실행
2018-08-07 16:52:42.132030 1. addDayStock 시작
- 러닝타임:  12
2018-08-07 16:52:54.280959 2. addRealtimeStock 시작
- 러닝타임:  151
2018-08-07 16:55:24.937028 3. startAlgorithm 시작
- 러닝타임:  12
2018-08-07 16:55:36.733615 4. uploadRankDB 시작
- 러닝타임:  2
- 러닝타임:  176
2018-08-07 16:55:39.629574 실행
2018-08-07 16:55:39.632612 1. addDayStock 시작
- 러닝타임:  14
2018-08-07 16:55:53.600778 2. addRealtimeStock 시작
- 러닝타임:  145
2018-08-07 16:58:18.106175 3. startAlgorithm 시작
- 러닝타임:  12
2018-08-07 16:58:29.788633 4. uploadRankDB 시작
- 러닝타임:  4
- 러닝타임:  174
2018-08-07 16:58:34.679045 실행
2018-08-07 16:58:34.681594 1. addDayStock 시작
- 러닝타임:  14
2018-08-07 16:58:48.450476 2. addRealtimeStock 시작
- 러닝타임:  162
2018-08-07 17:01:30.896978 3. startAlgorithm 시작
- 러닝타임:  11
2018-08-07 17:01:42.250174 4. uploadRankDB 시작
- 러닝타임:  2
- 러닝타임:  190
2018-08-07 17:01:45.318247 실행
2018-08-07 17:01:45.321000 1. addDayStock 시작
- 러닝타임:  15
2018-08-07 17:02:00.211258 2. addRealtimeStock 시작
- 러닝타임:  183
2018-08-07 17:05:03.354857 3. startAlgorithm 시작
- 러닝타임:  12
2018-08-07 17:05:15.108815 4. uploadRankDB 시작
- 러닝타임:  2
- 러닝타임:  212
2018-08-07 17:05:18.280973 실행
2018-08-07 17:05:18.283940 1. addDayStock 시작
- 러닝타임:  14
2018-08-07 17:05:32.057716 2. addRealtimeStock 시작
- 러닝타임:  223
2018-08-07 17:09:14.570848 3. startAlgorithm 시작
- 러닝타임:  12
2018-08-07 17:09:26.777371 4. uploadRankDB 시작
- 러닝타임:  2
- 러닝타임:  250
2018-08-07 17:09:29.624349 실행
2018-08-07 17:09:29.627930 1. addDayStock 시작
- 러닝타임:  12
2018-08-07 17:09:41.805779 2. addRealtimeStock 시작
- 러닝타임:  171
2018-08-07 17:12:32.985363 3. startAlgorithm 시작
- 러닝타임:  12
2018-08-07 17:12:44.522304 4. uploadRankDB 시작
- 러닝타임:  3
- 러닝타임:  198
2018-08-07 17:12:48.158795 실행
2018-08-07 17:12:48.162720 1. addDayStock 시작
- 러닝타임:  12
2018-08-07 17:13:00.543738 2. addRealtimeStock 시작
- 러닝타임:  204
2018-08-07 17:16:24.948690 3. startAlgorithm 시작
- 러닝타임:  12
2018-08-07 17:16:36.757100 4. uploadRankDB 시작
- 러닝타임:  2
- 러닝타임:  231
2018-08-07 17:16:39.769265 실행
2018-08-07 17:16:39.782320 1. addDayStock 시작
- 러닝타임:  12
2018-08-07 17:16:52.048196 2. addRealtimeStock 시작
- 러닝타임:  179
2018-08-07 17:19:51.373959 3. startAlgorithm 시작
- 러닝타임:  11
2018-08-07 17:20:02.810749 4. uploadRankDB 시작
- 러닝타임:  4
- 러닝타임:  207
2018-08-07 17:20:07.940294 실행
2018-08-07 17:20:07.943550 1. addDayStock 시작
- 러닝타임:  13
2018-08-07 17:20:20.474222 2. addRealtimeStock 시작
- 러닝타임:  156
2018-08-07 17:22:56.772478 3. startAlgorithm 시작
- 러닝타임:  12
2018-08-07 17:23:08.534500 4. uploadRankDB 시작
- 러닝타임:  3
- 러닝타임:  184
2018-08-07 17:23:12.614516 실행
2018-08-07 17:23:12.618161 1. addDayStock 시작
- 러닝타임:  12
2018-08-07 17:23:24.491249 2. addRealtimeStock 시작
- 러닝타임:  141
2018-08-07 17:25:45.128922 3. startAlgorithm 시작
- 러닝타임:  12
2018-08-07 17:25:57.286568 4. uploadRankDB 시작
- 러닝타임:  2
- 러닝타임:  167
2018-08-07 17:26:00.358889 실행
2018-08-07 17:26:00.361945 1. addDayStock 시작
- 러닝타임:  13
2018-08-07 17:26:12.974229 2. addRealtimeStock 시작
- 러닝타임:  148
2018-08-07 17:28:40.795989 3. startAlgorithm 시작
- 러닝타임:  12
2018-08-07 17:28:52.823484 4. uploadRankDB 시작
- 러닝타임:  2
- 러닝타임:  175
2018-08-07 17:28:55.944579 실행
2018-08-07 17:28:55.947314 1. addDayStock 시작
- 러닝타임:  13
2018-08-07 17:29:08.571838 2. addRealtimeStock 시작
- 러닝타임:  143
2018-08-07 17:31:31.250913 3. startAlgorithm 시작
- 러닝타임:  11
2018-08-07 17:31:42.575195 4. uploadRankDB 시작
- 러닝타임:  3
- 러닝타임:  170
2018-08-07 17:31:46.637588 실행
2018-08-07 17:31:46.640750 1. addDayStock 시작
- 러닝타임:  12
2018-08-07 17:31:58.220609 2. addRealtimeStock 시작
2018-08-07 18:49:06.500814 MoonStock Program Started!!
2018-08-07 18:49:06.501127 Started!!
2018-08-07 18:49:06.501295 실행
2018-08-07 18:49:06.507843 1. addDayStock 시작
- 러닝타임:  12
2018-08-07 18:49:18.958177 2. addRealtimeStock 시작
- 러닝타임:  104
2018-08-07 18:51:03.433551 3. startAlgorithm 시작
- 러닝타임:  12
2018-08-07 18:51:14.950261 4. uploadRankDB 시작
- 러닝타임:  3
- 러닝타임:  132
2018-08-07 18:51:19.101802 실행
2018-08-07 18:51:19.104718 1. addDayStock 시작
- 러닝타임:  12
2018-08-07 18:51:31.504511 2. addRealtimeStock 시작
- 러닝타임:  96
2018-08-07 18:53:07.048321 3. startAlgorithm 시작
- 러닝타임:  14
2018-08-07 18:53:21.267838 4. uploadRankDB 시작
- 러닝타임:  2
- 러닝타임:  124
2018-08-07 18:53:24.188593 실행
2018-08-07 18:53:24.191651 1. addDayStock 시작
- 러닝타임:  13
2018-08-07 18:53:37.198585 2. addRealtimeStock 시작
- 러닝타임:  99
2018-08-07 18:55:15.829488 3. startAlgorithm 시작
- 러닝타임:  11
2018-08-07 18:55:27.042505 4. uploadRankDB 시작
- 러닝타임:  2
- 러닝타임:  125
2018-08-07 18:55:30.046288 실행
2018-08-07 18:55:30.048849 1. addDayStock 시작
- 러닝타임:  17
2018-08-07 18:55:46.644700 2. addRealtimeStock 시작
- 러닝타임:  126
2018-08-07 18:57:52.887983 3. startAlgorithm 시작
- 러닝타임:  14
2018-08-07 18:58:06.427190 4. uploadRankDB 시작
- 러닝타임:  2
- 러닝타임:  159
2018-08-07 18:58:09.592411 실행
2018-08-07 18:58:09.594921 1. addDayStock 시작
- 러닝타임:  13
2018-08-07 18:58:22.122130 2. addRealtimeStock 시작
- 러닝타임:  101
2018-08-07 19:00:03.358630 3. startAlgorithm 시작
- 러닝타임:  12
2018-08-07 19:00:15.186437 4. uploadRankDB 시작
- 러닝타임:  2
- 러닝타임:  128
2018-08-07 19:00:18.144821 실행
2018-08-07 19:00:18.147911 1. addDayStock 시작
- 러닝타임:  12
2018-08-07 19:00:30.245262 2. addRealtimeStock 시작
- 러닝타임:  97
2018-08-07 19:02:07.070240 3. startAlgorithm 시작
- 러닝타임:  12
2018-08-07 19:02:19.111380 4. uploadRankDB 시작
- 러닝타임:  2
- 러닝타임:  123
2018-08-07 19:02:21.960698 실행
2018-08-07 19:02:21.963856 1. addDayStock 시작
- 러닝타임:  12
2018-08-07 19:02:33.909065 2. addRealtimeStock 시작
- 러닝타임:  98
2018-08-07 19:04:12.273504 3. startAlgorithm 시작
- 러닝타임:  12
2018-08-07 19:04:24.591168 4. uploadRankDB 시작
- 러닝타임:  2
- 러닝타임:  125
2018-08-07 19:04:27.523652 실행
2018-08-07 19:04:27.526699 1. addDayStock 시작
- 러닝타임:  12
2018-08-07 19:04:39.848098 2. addRealtimeStock 시작
- 러닝타임:  103
2018-08-07 19:06:22.550580 3. startAlgorithm 시작
- 러닝타임:  11
2018-08-07 19:06:33.985416 4. uploadRankDB 시작
- 러닝타임:  2
- 러닝타임:  128
2018-08-07 19:06:36.962528 실행
2018-08-07 19:06:36.965122 1. addDayStock 시작
- 러닝타임:  12
2018-08-07 19:06:48.522609 2. addRealtimeStock 시작
- 러닝타임:  110
2018-08-07 19:08:38.757739 3. startAlgorithm 시작
- 러닝타임:  10
2018-08-07 19:08:48.457099 4. uploadRankDB 시작
- 러닝타임:  3
- 러닝타임:  134
2018-08-07 19:08:52.092860 실행
2018-08-07 19:08:52.095468 1. addDayStock 시작
2018-08-07 19:27:54.523887 MoonStock Program Started!!
2018-08-07 19:27:54.524156 Started!!
2018-08-07 19:27:54.529838 실행
2018-08-07 19:27:54.532891 1. addDayStock 시작
- 러닝타임:  11
2018-08-07 19:28:05.820272 2. addRealtimeStock 시작
- 러닝타임:  99
2018-08-07 19:29:45.222757 3. startAlgorithm 시작
- 러닝타임:  13
2018-08-07 19:29:57.983954 4. uploadRankDB 시작
- 러닝타임:  7
- 러닝타임:  130
2018-08-07 19:30:05.497289 실행
2018-08-07 19:30:05.499763 1. addDayStock 시작
- 러닝타임:  15
2018-08-07 19:30:20.086522 2. addRealtimeStock 시작
- 러닝타임:  100
2018-08-07 19:32:00.541331 3. startAlgorithm 시작
- 러닝타임:  12
2018-08-07 19:32:12.060016 4. uploadRankDB 시작
- 러닝타임:  2
- 러닝타임:  129
2018-08-07 19:32:15.297733 실행
2018-08-07 19:32:15.300349 1. addDayStock 시작
- 러닝타임:  12
2018-08-07 19:32:27.198593 2. addRealtimeStock 시작
- 러닝타임:  99
2018-08-07 19:34:06.497542 3. startAlgorithm 시작
- 러닝타임:  14
2018-08-07 19:34:20.226535 4. uploadRankDB 시작
- 러닝타임:  2
- 러닝타임:  127
2018-08-07 19:34:23.221391 실행
2018-08-07 19:34:23.224361 1. addDayStock 시작
- 러닝타임:  14
2018-08-07 19:34:36.905685 2. addRealtimeStock 시작
- 러닝타임:  99
2018-08-07 19:36:15.515144 3. startAlgorithm 시작
- 러닝타임:  11
2018-08-07 19:36:26.665779 4. uploadRankDB 시작
- 러닝타임:  3
- 러닝타임:  127
2018-08-07 19:36:31.007634 실행
2018-08-07 19:36:31.010265 1. addDayStock 시작
- 러닝타임:  13
2018-08-07 19:36:43.673672 2. addRealtimeStock 시작
- 러닝타임:  105
2018-08-07 19:38:28.339065 3. startAlgorithm 시작
- 러닝타임:  11
2018-08-07 19:38:39.392891 4. uploadRankDB 시작
- 러닝타임:  4
- 러닝타임:  133
2018-08-07 19:38:44.588948 실행
2018-08-07 19:38:44.591516 1. addDayStock 시작
- 러닝타임:  11
2018-08-07 19:38:55.911696 2. addRealtimeStock 시작
- 러닝타임:  117
2018-08-07 19:40:52.510584 3. startAlgorithm 시작
- 러닝타임:  11
2018-08-07 19:41:03.847124 4. uploadRankDB 시작
- 러닝타임:  2
- 러닝타임:  141
2018-08-07 19:41:06.692085 실행
2018-08-07 19:41:06.694063 1. addDayStock 시작
- 러닝타임:  12
2018-08-07 19:41:18.607323 2. addRealtimeStock 시작
- 러닝타임:  115
2018-08-07 19:43:13.293113 3. startAlgorithm 시작
- 러닝타임:  11
2018-08-07 19:43:24.652738 4. uploadRankDB 시작
- 러닝타임:  2
- 러닝타임:  140
2018-08-07 19:43:27.859108 실행
2018-08-07 19:43:27.861709 1. addDayStock 시작
- 러닝타임:  12
2018-08-07 19:43:39.785840 2. addRealtimeStock 시작
- 러닝타임:  151
2018-08-07 19:46:10.670452 3. startAlgorithm 시작
- 러닝타임:  11
2018-08-07 19:46:22.107782 4. uploadRankDB 시작
- 러닝타임:  4
- 러닝타임:  179
2018-08-07 19:46:27.579867 실행
2018-08-07 19:46:27.582985 1. addDayStock 시작
- 러닝타임:  15
2018-08-07 19:46:42.445087 2. addRealtimeStock 시작
- 러닝타임:  165
2018-08-07 19:49:27.343959 3. startAlgorithm 시작
- 러닝타임:  18
2018-08-07 19:49:44.901858 4. uploadRankDB 시작
- 러닝타임:  2
- 러닝타임:  199
2018-08-07 19:49:48.029883 실행
2018-08-07 19:49:48.032617 1. addDayStock 시작
- 러닝타임:  14
2018-08-07 19:50:02.058750 2. addRealtimeStock 시작
- 러닝타임:  110
2018-08-07 19:51:52.330629 3. startAlgorithm 시작
- 러닝타임:  11
2018-08-07 19:52:03.700058 4. uploadRankDB 시작
- 러닝타임:  2
- 러닝타임:  138
2018-08-07 19:52:06.609229 실행
2018-08-07 19:52:06.612161 1. addDayStock 시작
- 러닝타임:  12
2018-08-07 19:52:18.554673 2. addRealtimeStock 시작
- 러닝타임:  115
2018-08-07 19:54:13.722382 3. startAlgorithm 시작
- 러닝타임:  12
2018-08-07 19:54:25.736854 4. uploadRankDB 시작
- 러닝타임:  2
- 러닝타임:  141
2018-08-07 19:54:28.773561 실행
2018-08-07 19:54:28.776290 1. addDayStock 시작
- 러닝타임:  12
2018-08-07 19:54:40.866829 2. addRealtimeStock 시작
- 러닝타임:  111
2018-08-07 19:56:32.091608 3. startAlgorithm 시작
- 러닝타임:  11
2018-08-07 19:56:42.860124 4. uploadRankDB 시작
- 러닝타임:  2
- 러닝타임:  136
2018-08-07 19:56:45.893462 실행
2018-08-07 19:56:45.896640 1. addDayStock 시작
- 러닝타임:  11
2018-08-07 19:56:57.084708 2. addRealtimeStock 시작
- 러닝타임:  134
2018-08-07 19:59:10.958543 3. startAlgorithm 시작
- 러닝타임:  11
2018-08-07 19:59:21.735343 4. uploadRankDB 시작
- 러닝타임:  4
- 러닝타임:  160
2018-08-07 19:59:27.089372 실행
2018-08-07 19:59:27.093036 1. addDayStock 시작
- 러닝타임:  12
2018-08-07 19:59:39.265154 2. addRealtimeStock 시작
- 러닝타임:  119
2018-08-07 20:01:37.951506 3. startAlgorithm 시작
- 러닝타임:  11
2018-08-07 20:01:49.310062 4. uploadRankDB 시작
- 러닝타임:  3
- 러닝타임:  145
2018-08-07 20:01:53.013388 실행
2018-08-07 20:01:53.015950 1. addDayStock 시작
- 러닝타임:  12
2018-08-07 20:02:05.345030 2. addRealtimeStock 시작
- 러닝타임:  148
2018-08-07 20:04:33.477813 3. startAlgorithm 시작
- 러닝타임:  14
2018-08-07 20:04:47.540099 4. uploadRankDB 시작
- 러닝타임:  2
- 러닝타임:  177
2018-08-07 20:04:50.621977 실행
2018-08-07 20:04:50.625472 1. addDayStock 시작
- 러닝타임:  19
2018-08-07 20:05:09.862842 2. addRealtimeStock 시작
- 러닝타임:  130
2018-08-07 20:07:19.508639 3. startAlgorithm 시작
- 러닝타임:  13
2018-08-07 20:07:32.303639 4. uploadRankDB 시작
- 러닝타임:  4
- 러닝타임:  166
2018-08-07 20:07:37.567091 실행
2018-08-07 20:07:37.570293 1. addDayStock 시작
- 러닝타임:  13
2018-08-07 20:07:50.124264 2. addRealtimeStock 시작
