2018-08-14 15:29:00.315434 MoonStock Program Started!!
2018-08-14 15:29:00.315684 Started!!
2018-08-14 15:29:00.315795 실행
2018-08-14 15:29:00.325584 1. addDayStock 시작
- 러닝타임:  230
2018-08-14 15:32:50.034394 2. addRealtimeStock 시작
- 러닝타임:  135
2018-08-14 15:35:05.076670 3. startAlgorithm 시작
- 러닝타임:  10
2018-08-14 15:35:15.312413 4. uploadRankDB 시작
- 러닝타임:  2
- 러닝타임:  377
2018-08-14 15:35:18.310616 실행
2018-08-14 15:35:18.312994 1. addDayStock 시작
- 러닝타임:  12
2018-08-14 15:35:30.627003 2. addRealtimeStock 시작
- 러닝타임:  132
2018-08-14 15:37:43.005846 3. startAlgorithm 시작
- 러닝타임:  10
2018-08-14 15:37:53.275434 4. uploadRankDB 시작
- 러닝타임:  2
- 러닝타임:  157
2018-08-14 15:37:56.126107 실행
2018-08-14 15:37:56.128030 1. addDayStock 시작
- 러닝타임:  12
2018-08-14 15:38:08.157508 2. addRealtimeStock 시작
- 러닝타임:  144
2018-08-14 15:40:32.572187 3. startAlgorithm 시작
- 러닝타임:  12
2018-08-14 15:40:44.344806 4. uploadRankDB 시작
- 러닝타임:  2
- 러닝타임:  170
2018-08-14 15:40:47.170514 실행
2018-08-14 15:40:47.172226 1. addDayStock 시작
- 러닝타임:  13
2018-08-14 15:41:00.463360 2. addRealtimeStock 시작
- 러닝타임:  148
2018-08-14 15:43:28.556290 3. startAlgorithm 시작
- 러닝타임:  12
2018-08-14 15:43:40.118603 4. uploadRankDB 시작
- 러닝타임:  2
- 러닝타임:  175
2018-08-14 15:43:43.182723 실행
2018-08-14 15:43:43.184684 1. addDayStock 시작
- 러닝타임:  16
2018-08-14 15:43:58.724267 2. addRealtimeStock 시작
- 러닝타임:  151
2018-08-14 15:46:29.576052 3. startAlgorithm 시작
- 러닝타임:  11
2018-08-14 15:46:40.283604 4. uploadRankDB 시작
- 러닝타임:  2
- 러닝타임:  179
2018-08-14 15:46:43.185391 실행
2018-08-14 15:46:43.187287 1. addDayStock 시작
- 러닝타임:  13
2018-08-14 15:46:56.363720 2. addRealtimeStock 시작
- 러닝타임:  153
2018-08-14 15:49:29.376866 3. startAlgorithm 시작
- 러닝타임:  11
2018-08-14 15:49:40.796910 4. uploadRankDB 시작
- 러닝타임:  2
- 러닝타임:  179
2018-08-14 15:49:43.646458 실행
2018-08-14 15:49:43.648873 1. addDayStock 시작
- 러닝타임:  14
2018-08-14 15:49:57.612319 2. addRealtimeStock 시작
- 러닝타임:  143
2018-08-14 15:52:20.907087 3. startAlgorithm 시작
- 러닝타임:  11
2018-08-14 15:52:31.565996 4. uploadRankDB 시작
- 러닝타임:  2
- 러닝타임:  170
2018-08-14 15:52:34.396940 실행
2018-08-14 15:52:34.401016 1. addDayStock 시작
- 러닝타임:  14
2018-08-14 15:52:48.193138 2. addRealtimeStock 시작
- 러닝타임:  135
2018-08-14 15:55:02.744604 3. startAlgorithm 시작
- 러닝타임:  12
2018-08-14 15:55:14.496446 4. uploadRankDB 시작
- 러닝타임:  2
- 러닝타임:  162
2018-08-14 15:55:17.291495 실행
2018-08-14 15:55:17.293801 1. addDayStock 시작
- 러닝타임:  13
2018-08-14 15:55:29.810727 2. addRealtimeStock 시작
- 러닝타임:  134
2018-08-14 15:57:44.284308 3. startAlgorithm 시작
- 러닝타임:  11
2018-08-14 15:57:55.286550 4. uploadRankDB 시작
- 러닝타임:  2
- 러닝타임:  160
2018-08-14 15:57:58.171090 실행
2018-08-14 15:57:58.172861 1. addDayStock 시작
- 러닝타임:  12
2018-08-14 15:58:10.553488 2. addRealtimeStock 시작
- 러닝타임:  139
2018-08-14 16:00:29.581527 3. startAlgorithm 시작
- 러닝타임:  11
2018-08-14 16:00:40.182696 4. uploadRankDB 시작
- 러닝타임:  2
- 러닝타임:  164
2018-08-14 16:00:43.377974 실행
2018-08-14 16:00:43.380158 1. addDayStock 시작
- 러닝타임:  12
2018-08-14 16:00:55.652330 2. addRealtimeStock 시작
- 러닝타임:  127
2018-08-14 16:03:02.803178 3. startAlgorithm 시작
- 러닝타임:  11
2018-08-14 16:03:13.709948 4. uploadRankDB 시작
- 러닝타임:  3
- 러닝타임:  153
2018-08-14 16:03:17.234921 실행
2018-08-14 16:03:17.236875 1. addDayStock 시작
- 러닝타임:  13
2018-08-14 16:03:29.755611 2. addRealtimeStock 시작
- 러닝타임:  138
2018-08-14 16:05:48.244674 3. startAlgorithm 시작
- 러닝타임:  10
2018-08-14 16:05:58.738626 4. uploadRankDB 시작
- 러닝타임:  2
- 러닝타임:  163
2018-08-14 16:06:01.636871 실행
2018-08-14 16:06:01.639100 1. addDayStock 시작
- 러닝타임:  12
2018-08-14 16:06:13.929094 2. addRealtimeStock 시작
- 러닝타임:  136
2018-08-14 16:08:30.238804 3. startAlgorithm 시작
- 러닝타임:  12
2018-08-14 16:08:41.804185 4. uploadRankDB 시작
- 러닝타임:  2
- 러닝타임:  162
2018-08-14 16:08:44.687466 실행
2018-08-14 16:08:44.689767 1. addDayStock 시작
- 러닝타임:  14
2018-08-14 16:08:58.341630 2. addRealtimeStock 시작
- 러닝타임:  147
2018-08-14 16:11:25.734398 3. startAlgorithm 시작
- 러닝타임:  11
2018-08-14 16:11:36.877599 4. uploadRankDB 시작
- 러닝타임:  2
- 러닝타임:  174
2018-08-14 16:11:39.812434 실행
2018-08-14 16:11:39.814615 1. addDayStock 시작
- 러닝타임:  14
2018-08-14 16:11:53.502023 2. addRealtimeStock 시작
- 러닝타임:  135
2018-08-14 16:14:08.144316 3. startAlgorithm 시작
- 러닝타임:  12
2018-08-14 16:14:20.492871 4. uploadRankDB 시작
- 러닝타임:  2
- 러닝타임:  163
2018-08-14 16:14:23.950887 실행
2018-08-14 16:14:23.955587 1. addDayStock 시작
- 러닝타임:  13
2018-08-14 16:14:37.447926 2. addRealtimeStock 시작
- 러닝타임:  147
2018-08-14 16:17:04.615172 3. startAlgorithm 시작
- 러닝타임:  11
2018-08-14 16:17:15.345881 4. uploadRankDB 시작
- 러닝타임:  2
- 러닝타임:  174
2018-08-14 16:17:18.531262 실행
2018-08-14 16:17:18.533446 1. addDayStock 시작
- 러닝타임:  13
2018-08-14 16:17:31.257594 2. addRealtimeStock 시작
- 러닝타임:  140
2018-08-14 16:19:50.977462 3. startAlgorithm 시작
- 러닝타임:  12
2018-08-14 16:20:03.306028 4. uploadRankDB 시작
- 러닝타임:  2
- 러닝타임:  167
2018-08-14 16:20:06.167162 실행
2018-08-14 16:20:06.169729 1. addDayStock 시작
- 러닝타임:  15
2018-08-14 16:20:20.842982 2. addRealtimeStock 시작
- 러닝타임:  143
2018-08-14 16:22:44.024710 3. startAlgorithm 시작
- 러닝타임:  11
2018-08-14 16:22:55.276424 4. uploadRankDB 시작
- 러닝타임:  2
- 러닝타임:  171
2018-08-14 16:22:58.355102 실행
2018-08-14 16:22:58.357379 1. addDayStock 시작
- 러닝타임:  13
2018-08-14 16:23:11.724010 2. addRealtimeStock 시작
- 러닝타임:  143
2018-08-14 16:25:34.961982 3. startAlgorithm 시작
- 러닝타임:  13
2018-08-14 16:25:47.884902 4. uploadRankDB 시작
- 러닝타임:  2
- 러닝타임:  171
2018-08-14 16:25:50.803873 실행
2018-08-14 16:25:50.805742 1. addDayStock 시작
- 러닝타임:  14
2018-08-14 16:26:04.429384 2. addRealtimeStock 시작
- 러닝타임:  145
2018-08-14 16:28:29.585077 3. startAlgorithm 시작
- 러닝타임:  11
2018-08-14 16:28:41.001788 4. uploadRankDB 시작
- 러닝타임:  2
- 러닝타임:  172
2018-08-14 16:28:43.832254 실행
2018-08-14 16:28:43.834125 1. addDayStock 시작
- 러닝타임:  14
2018-08-14 16:28:57.805960 2. addRealtimeStock 시작
- 러닝타임:  145
2018-08-14 16:31:22.927832 3. startAlgorithm 시작
- 러닝타임:  11
2018-08-14 16:31:34.067217 4. uploadRankDB 시작
- 러닝타임:  2
- 러닝타임:  172
2018-08-14 16:31:37.036941 실행
2018-08-14 16:31:37.039232 1. addDayStock 시작
- 러닝타임:  13
2018-08-14 16:31:50.125470 2. addRealtimeStock 시작
- 러닝타임:  150
2018-08-14 16:34:20.230997 3. startAlgorithm 시작
- 러닝타임:  12
2018-08-14 16:34:31.913965 4. uploadRankDB 시작
- 러닝타임:  2
- 러닝타임:  177
2018-08-14 16:34:34.792715 실행
2018-08-14 16:34:34.794655 1. addDayStock 시작
- 러닝타임:  14
2018-08-14 16:34:48.372936 2. addRealtimeStock 시작
- 러닝타임:  147
2018-08-14 16:37:15.361462 3. startAlgorithm 시작
- 러닝타임:  13
2018-08-14 16:37:28.034847 4. uploadRankDB 시작
- 러닝타임:  2
- 러닝타임:  175
2018-08-14 16:37:31.124124 실행
2018-08-14 16:37:31.126046 1. addDayStock 시작
- 러닝타임:  13
2018-08-14 16:37:44.433702 2. addRealtimeStock 시작
- 러닝타임:  136
2018-08-14 16:40:00.096556 3. startAlgorithm 시작
- 러닝타임:  11
2018-08-14 16:40:11.496279 4. uploadRankDB 시작
- 러닝타임:  2
- 러닝타임:  162
2018-08-14 16:40:14.364889 실행
2018-08-14 16:40:14.371041 1. addDayStock 시작
- 러닝타임:  14
2018-08-14 16:40:27.938354 2. addRealtimeStock 시작
- 러닝타임:  145
2018-08-14 16:42:52.801483 3. startAlgorithm 시작
- 러닝타임:  12
2018-08-14 16:43:04.726298 4. uploadRankDB 시작
- 러닝타임:  2
- 러닝타임:  172
2018-08-14 16:43:07.577069 실행
2018-08-14 16:43:07.579161 1. addDayStock 시작
- 러닝타임:  14
2018-08-14 16:43:21.350506 2. addRealtimeStock 시작
- 러닝타임:  141
2018-08-14 16:45:42.037025 3. startAlgorithm 시작
- 러닝타임:  13
2018-08-14 16:45:54.575787 4. uploadRankDB 시작
- 러닝타임:  2
- 러닝타임:  169
2018-08-14 16:45:57.440506 실행
2018-08-14 16:45:57.444699 1. addDayStock 시작
- 러닝타임:  13
2018-08-14 16:46:10.943881 2. addRealtimeStock 시작
- 러닝타임:  140
2018-08-14 16:48:31.185080 3. startAlgorithm 시작
- 러닝타임:  12
2018-08-14 16:48:42.710349 4. uploadRankDB 시작
- 러닝타임:  2
- 러닝타임:  167
2018-08-14 16:48:45.780603 실행
2018-08-14 16:48:45.782444 1. addDayStock 시작
- 러닝타임:  14
2018-08-14 16:48:59.828371 2. addRealtimeStock 시작
- 러닝타임:  134
2018-08-14 16:51:13.900454 3. startAlgorithm 시작
- 러닝타임:  12
2018-08-14 16:51:25.570039 4. uploadRankDB 시작
- 러닝타임:  2
- 러닝타임:  162
2018-08-14 16:51:28.685834 실행
2018-08-14 16:51:28.687866 1. addDayStock 시작
- 러닝타임:  15
2018-08-14 16:51:43.424420 2. addRealtimeStock 시작
- 러닝타임:  139
2018-08-14 16:54:02.079260 3. startAlgorithm 시작
- 러닝타임:  11
2018-08-14 16:54:12.931287 4. uploadRankDB 시작
- 러닝타임:  2
- 러닝타임:  166
2018-08-14 16:54:15.777200 실행
2018-08-14 16:54:15.779052 1. addDayStock 시작
- 러닝타임:  12
2018-08-14 16:54:27.698851 2. addRealtimeStock 시작
- 러닝타임:  131
2018-08-14 16:56:38.591627 3. startAlgorithm 시작
- 러닝타임:  11
2018-08-14 16:56:49.403351 4. uploadRankDB 시작
- 러닝타임:  2
- 러닝타임:  156
2018-08-14 16:56:52.324765 실행
2018-08-14 16:56:52.326720 1. addDayStock 시작
- 러닝타임:  13
2018-08-14 16:57:05.510504 2. addRealtimeStock 시작
- 러닝타임:  136
2018-08-14 16:59:21.711593 3. startAlgorithm 시작
- 러닝타임:  11
2018-08-14 16:59:32.454594 4. uploadRankDB 시작
2018-08-14 17:35:03.703457 MoonStock Program Started!!
2018-08-14 17:35:03.703823 Started!!
2018-08-14 17:35:03.703974 실행
2018-08-14 17:35:03.706497 1. addDayStock 시작
- 러닝타임:  13
2018-08-14 17:35:16.586965 2. addRealtimeStock 시작
- 러닝타임:  133
2018-08-14 17:37:29.350764 3. startAlgorithm 시작
- 러닝타임:  11
2018-08-14 17:37:40.728832 4. uploadRankDB 시작
- 러닝타임:  2
- 러닝타임:  159
2018-08-14 17:37:43.898876 실행
2018-08-14 17:37:43.900679 1. addDayStock 시작
- 러닝타임:  14
2018-08-14 17:37:57.764839 2. addRealtimeStock 시작
- 러닝타임:  132
2018-08-14 17:40:10.168623 3. startAlgorithm 시작
- 러닝타임:  11
2018-08-14 17:40:21.487522 4. uploadRankDB 시작
- 러닝타임:  2
- 러닝타임:  159
2018-08-14 17:40:24.358188 실행
2018-08-14 17:40:24.360205 1. addDayStock 시작
- 러닝타임:  14
2018-08-14 17:40:38.766388 2. addRealtimeStock 시작
- 러닝타임:  128
2018-08-14 17:42:46.283435 3. startAlgorithm 시작
- 러닝타임:  11
2018-08-14 17:42:56.878290 4. uploadRankDB 시작
- 러닝타임:  2
- 러닝타임:  154
2018-08-14 17:42:59.738626 실행
2018-08-14 17:42:59.740459 1. addDayStock 시작
- 러닝타임:  13
2018-08-14 17:43:12.721065 2. addRealtimeStock 시작
- 러닝타임:  133
2018-08-14 17:45:25.574774 3. startAlgorithm 시작
- 러닝타임:  10
2018-08-14 17:45:35.787800 4. uploadRankDB 시작
- 러닝타임:  2
- 러닝타임:  158
2018-08-14 17:45:38.998624 실행
2018-08-14 17:45:39.000569 1. addDayStock 시작
- 러닝타임:  13
2018-08-14 17:45:51.788753 2. addRealtimeStock 시작
- 러닝타임:  129
2018-08-14 17:48:00.968653 3. startAlgorithm 시작
- 러닝타임:  10
2018-08-14 17:48:11.263772 4. uploadRankDB 시작
- 러닝타임:  2
- 러닝타임:  154
2018-08-14 17:48:14.380102 실행
2018-08-14 17:48:14.381822 1. addDayStock 시작
- 러닝타임:  14
2018-08-14 17:48:28.593976 2. addRealtimeStock 시작
- 러닝타임:  141
2018-08-14 17:50:49.672133 3. startAlgorithm 시작
- 러닝타임:  12
2018-08-14 17:51:01.627800 4. uploadRankDB 시작
- 러닝타임:  2
- 러닝타임:  169
2018-08-14 17:51:04.517528 실행
2018-08-14 17:51:04.519674 1. addDayStock 시작
- 러닝타임:  13
2018-08-14 17:51:17.859619 2. addRealtimeStock 시작
- 러닝타임:  138
2018-08-14 17:53:36.138314 3. startAlgorithm 시작
- 러닝타임:  12
2018-08-14 17:53:48.027557 4. uploadRankDB 시작
- 러닝타임:  3
- 러닝타임:  166
2018-08-14 17:53:51.938903 실행
2018-08-14 17:53:51.940899 1. addDayStock 시작
- 러닝타임:  13
2018-08-14 17:54:04.501036 2. addRealtimeStock 시작
- 러닝타임:  135
2018-08-14 17:56:19.854806 3. startAlgorithm 시작
- 러닝타임:  12
2018-08-14 17:56:31.668263 4. uploadRankDB 시작
- 러닝타임:  2
- 러닝타임:  162
2018-08-14 17:56:34.508528 실행
2018-08-14 17:56:34.511042 1. addDayStock 시작
- 러닝타임:  14
2018-08-14 17:56:48.348307 2. addRealtimeStock 시작
- 러닝타임:  131
2018-08-14 17:58:59.791787 3. startAlgorithm 시작
- 러닝타임:  11
2018-08-14 17:59:10.826161 4. uploadRankDB 시작
- 러닝타임:  2
- 러닝타임:  158
2018-08-14 17:59:13.737089 실행
2018-08-14 17:59:13.738973 1. addDayStock 시작
- 러닝타임:  14
2018-08-14 17:59:28.083941 2. addRealtimeStock 시작
- 러닝타임:  132
2018-08-14 18:01:39.856446 3. startAlgorithm 시작
- 러닝타임:  11
2018-08-14 18:01:50.503393 4. uploadRankDB 시작
- 러닝타임:  3
- 러닝타임:  159
2018-08-14 18:01:54.178863 실행
2018-08-14 18:01:54.181252 1. addDayStock 시작
- 러닝타임:  14
2018-08-14 18:02:08.308325 2. addRealtimeStock 시작
- 러닝타임:  137
2018-08-14 18:04:25.048266 3. startAlgorithm 시작
- 러닝타임:  12
2018-08-14 18:04:36.768802 4. uploadRankDB 시작
- 러닝타임:  2
- 러닝타임:  165
2018-08-14 18:04:39.685523 실행
2018-08-14 18:04:39.687834 1. addDayStock 시작
- 러닝타임:  14
2018-08-14 18:04:53.328314 2. addRealtimeStock 시작
