2018-08-15 12:25:44.622303 MoonStock Program Started!!
2018-08-15 12:25:44.622557 Started!!
2018-08-15 12:25:44.622799 실행
2018-08-15 12:26:02.134263 MoonStock Program Started!!
2018-08-15 12:26:02.134453 Started!!
2018-08-15 12:26:02.135323 실행
2018-08-15 12:26:02.137475 1. addDayStock 시작
- 러닝타임:  189
2018-08-15 12:29:11.178737 2. addRealtimeStock 시작
- 러닝타임:  104
2018-08-15 12:30:54.814602 3. startAlgorithm 시작
- 러닝타임:  10
2018-08-15 12:31:04.431110 4. uploadRankDB 시작
- 러닝타임:  2
- 러닝타임:  304
2018-08-15 12:31:07.539309 실행
2018-08-15 12:31:07.541163 1. addDayStock 시작
2018-08-15 12:32:12.499919 MoonStock Program Started!!
2018-08-15 12:32:12.500114 Started!!
2018-08-15 12:32:12.500951 실행
2018-08-15 12:32:12.508696 4. uploadRankDB 시작
- 러닝타임:  2
- 러닝타임:  2
2018-08-15 12:32:15.835542 실행
2018-08-15 12:32:15.841571 4. uploadRankDB 시작
2018-08-15 12:33:55.784866 MoonStock Program Started!!
2018-08-15 12:33:55.785070 Started!!
2018-08-15 12:33:55.785976 실행
2018-08-15 12:33:55.793713 4. uploadRankDB 시작
- 러닝타임:  4
- 러닝타임:  4
2018-08-15 12:34:00.589008 실행
2018-08-15 12:34:00.595140 4. uploadRankDB 시작
2018-08-15 12:36:57.019034 MoonStock Program Started!!
2018-08-15 12:36:57.019236 Started!!
2018-08-15 12:36:57.019340 실행
2018-08-15 12:36:57.021602 1. addDayStock 시작
2018-08-15 12:37:37.219263 MoonStock Program Started!!
2018-08-15 12:37:37.219652 Started!!
2018-08-15 12:37:37.220625 실행
2018-08-15 12:37:37.222853 1. addDayStock 시작
2018-08-15 12:39:42.412907 MoonStock Program Started!!
2018-08-15 12:39:42.413213 Started!!
2018-08-15 12:39:42.414177 실행
2018-08-15 12:39:42.417109 1. addDayStock 시작
2018-08-15 12:41:49.946937 MoonStock Program Started!!
2018-08-15 12:41:49.947152 Started!!
2018-08-15 12:41:49.948012 실행
2018-08-15 12:41:49.950018 1. addDayStock 시작
2018-08-15 12:42:41.994064 MoonStock Program Started!!
2018-08-15 12:42:41.994262 Started!!
2018-08-15 12:42:41.995257 실행
2018-08-15 12:42:41.997681 1. addDayStock 시작
2018-08-15 12:43:10.596759 MoonStock Program Started!!
2018-08-15 12:43:10.596949 Started!!
2018-08-15 12:43:10.597746 실행
2018-08-15 12:43:10.599870 1. addDayStock 시작
2018-08-15 12:43:29.103460 MoonStock Program Started!!
2018-08-15 12:43:29.103718 Started!!
2018-08-15 12:43:29.104653 실행
2018-08-15 12:43:29.106702 1. addDayStock 시작
2018-08-15 12:46:55.330233 MoonStock Program Started!!
2018-08-15 12:46:55.330427 Started!!
2018-08-15 12:46:55.331392 실행
2018-08-15 12:46:55.333522 1. addDayStock 시작
2018-08-15 12:48:34.881258 MoonStock Program Started!!
2018-08-15 12:48:34.881447 Started!!
2018-08-15 12:48:34.882346 실행
2018-08-15 12:48:34.884755 2. addRealtimeStock 시작
2018-08-15 12:49:14.841365 MoonStock Program Started!!
2018-08-15 12:49:14.841568 Started!!
2018-08-15 12:49:14.842461 실행
2018-08-15 12:49:14.844749 2. addRealtimeStock 시작
2018-08-15 12:49:29.521998 MoonStock Program Started!!
2018-08-15 12:49:29.522203 Started!!
2018-08-15 12:49:29.523033 실행
2018-08-15 12:49:29.525289 2. addRealtimeStock 시작
2018-08-15 12:50:43.235633 MoonStock Program Started!!
2018-08-15 12:50:43.235823 Started!!
2018-08-15 12:50:43.236811 실행
2018-08-15 12:50:43.239495 2. addRealtimeStock 시작
2018-08-15 12:51:40.928770 MoonStock Program Started!!
2018-08-15 12:51:40.928954 Started!!
2018-08-15 12:51:40.929921 실행
2018-08-15 12:51:40.932442 2. addRealtimeStock 시작
- 러닝타임:  103
2018-08-15 12:53:24.220951 3. startAlgorithm 시작
- 러닝타임:  10
2018-08-15 12:53:34.422494 4. uploadRankDB 시작
- 러닝타임:  2
- 러닝타임:  116
2018-08-15 12:53:37.704458 실행
2018-08-15 12:53:37.706467 2. addRealtimeStock 시작
2018-08-15 12:54:59.401342 MoonStock Program Started!!
2018-08-15 12:54:59.401534 Started!!
2018-08-15 12:54:59.402445 실행
2018-08-15 12:54:59.404764 2. addRealtimeStock 시작
2018-08-15 12:56:47.041895 MoonStock Program Started!!
2018-08-15 12:56:47.042084 Started!!
2018-08-15 12:56:47.042983 실행
2018-08-15 12:56:47.045623 2. addRealtimeStock 시작
2018-08-15 12:57:18.048381 MoonStock Program Started!!
2018-08-15 12:57:18.048568 Started!!
2018-08-15 12:57:18.049562 실행
2018-08-15 12:57:18.051990 2. addRealtimeStock 시작
2018-08-15 13:01:22.122909 MoonStock Program Started!!
2018-08-15 13:01:22.123093 Started!!
2018-08-15 13:01:22.124109 실행
2018-08-15 13:01:22.126398 2. addRealtimeStock 시작
2018-08-15 13:02:53.265756 MoonStock Program Started!!
2018-08-15 13:02:53.265953 Started!!
2018-08-15 13:02:53.266817 실행
2018-08-15 13:02:53.269236 2. addRealtimeStock 시작
2018-08-15 13:03:13.266464 MoonStock Program Started!!
2018-08-15 13:03:13.266655 Started!!
2018-08-15 13:03:13.267624 실행
2018-08-15 13:03:13.270069 2. addRealtimeStock 시작
2018-08-15 13:03:58.662237 MoonStock Program Started!!
2018-08-15 13:03:58.662655 Started!!
2018-08-15 13:03:58.662844 실행
2018-08-15 13:03:58.665090 2. addRealtimeStock 시작
2018-08-15 13:04:19.389485 MoonStock Program Started!!
2018-08-15 13:04:19.389683 Started!!
2018-08-15 13:04:19.390556 실행
2018-08-15 13:04:19.393048 2. addRealtimeStock 시작
2018-08-15 13:04:55.308140 MoonStock Program Started!!
2018-08-15 13:04:55.308336 Started!!
2018-08-15 13:04:55.309297 실행
2018-08-15 13:04:55.311926 2. addRealtimeStock 시작
2018-08-15 13:06:10.268177 MoonStock Program Started!!
2018-08-15 13:06:10.268377 Started!!
2018-08-15 13:06:10.269360 실행
2018-08-15 13:06:10.271671 1. addDayStock 시작
- 러닝타임:  183
2018-08-15 13:09:13.243555 2. addRealtimeStock 시작
- 러닝타임:  101
2018-08-15 13:10:54.536490 3. startAlgorithm 시작
- 러닝타임:  10
2018-08-15 13:11:04.253824 4. uploadRankDB 시작
- 러닝타임:  2
- 러닝타임:  296
2018-08-15 13:11:07.472209 실행
2018-08-15 13:11:07.474334 1. addDayStock 시작
- 러닝타임:  183
2018-08-15 13:14:10.507291 2. addRealtimeStock 시작
- 러닝타임:  105
2018-08-15 13:15:55.047818 3. startAlgorithm 시작
- 러닝타임:  11
2018-08-15 13:16:05.801642 4. uploadRankDB 시작
- 러닝타임:  2
- 러닝타임:  300
2018-08-15 13:16:08.953029 실행
2018-08-15 13:16:08.955041 1. addDayStock 시작
- 러닝타임:  184
2018-08-15 13:19:13.454092 2. addRealtimeStock 시작
- 러닝타임:  106
2018-08-15 13:20:59.090308 3. startAlgorithm 시작
- 러닝타임:  10
2018-08-15 13:21:09.222950 4. uploadRankDB 시작
- 러닝타임:  4
- 러닝타임:  304
2018-08-15 13:21:13.850090 실행
2018-08-15 13:21:13.851977 1. addDayStock 시작
- 러닝타임:  184
2018-08-15 13:24:17.610242 2. addRealtimeStock 시작
- 러닝타임:  99
2018-08-15 13:25:56.211077 3. startAlgorithm 시작
- 러닝타임:  9
2018-08-15 13:26:05.677772 4. uploadRankDB 시작
- 러닝타임:  2
- 러닝타임:  294
2018-08-15 13:26:08.706962 실행
2018-08-15 13:26:08.708779 1. addDayStock 시작
- 러닝타임:  184
2018-08-15 13:29:12.604226 2. addRealtimeStock 시작
2018-08-15 13:30:33.908042 MoonStock Program Started!!
2018-08-15 13:30:33.908332 Started!!
2018-08-15 13:30:33.909159 실행
2018-08-15 13:30:33.911238 1. addDayStock 시작
- 러닝타임:  185
2018-08-15 13:33:39.385013 2. addRealtimeStock 시작
- 러닝타임:  102
2018-08-15 13:35:21.077804 3. startAlgorithm 시작
- 러닝타임:  10
2018-08-15 13:35:30.707370 4. uploadRankDB 시작
- 러닝타임:  6
- 러닝타임:  303
2018-08-15 13:35:37.549465 실행
2018-08-15 13:35:37.551359 1. addDayStock 시작
- 러닝타임:  188
2018-08-15 13:38:45.943035 2. addRealtimeStock 시작
- 러닝타임:  102
2018-08-15 13:40:28.195145 3. startAlgorithm 시작
- 러닝타임:  10
2018-08-15 13:40:37.808732 4. uploadRankDB 시작
- 러닝타임:  2
- 러닝타임:  302
2018-08-15 13:40:40.999598 실행
2018-08-15 13:40:41.001438 1. addDayStock 시작
- 러닝타임:  181
2018-08-15 13:43:41.940696 2. addRealtimeStock 시작
- 러닝타임:  99
2018-08-15 13:45:20.490066 3. startAlgorithm 시작
- 러닝타임:  10
2018-08-15 13:45:30.119530 4. uploadRankDB 시작
- 러닝타임:  2
- 러닝타임:  291
2018-08-15 13:45:33.364802 실행
2018-08-15 13:45:33.366632 1. addDayStock 시작
- 러닝타임:  183
2018-08-15 13:48:36.593307 2. addRealtimeStock 시작
- 러닝타임:  99
2018-08-15 13:50:15.748302 3. startAlgorithm 시작
- 러닝타임:  10
2018-08-15 13:50:25.350792 4. uploadRankDB 시작
- 러닝타임:  2
- 러닝타임:  294
2018-08-15 13:50:28.759942 실행
2018-08-15 13:50:28.761753 1. addDayStock 시작
2018-08-15 13:53:07.859826 MoonStock Program Started!!
2018-08-15 13:53:07.860029 Started!!
2018-08-15 13:53:07.860979 실행
2018-08-15 13:53:07.863489 1. addDayStock 시작
- 러닝타임:  194
- 러닝타임:  194
2018-08-15 13:56:22.430078 실행
2018-08-15 13:56:22.431902 1. addDayStock 시작
2018-08-15 14:00:09.744046 MoonStock Program Started!!
2018-08-15 14:00:09.744223 Started!!
2018-08-15 14:00:09.745144 실행
2018-08-15 14:00:09.747608 1. addDayStock 시작
- 러닝타임:  223
- 러닝타임:  223
2018-08-15 14:03:53.375884 실행
2018-08-15 14:03:53.378115 1. addDayStock 시작
- 러닝타임:  207
- 러닝타임:  207
2018-08-15 14:07:21.201476 실행
2018-08-15 14:07:21.203765 1. addDayStock 시작
2018-08-15 14:09:30.618299 MoonStock Program Started!!
2018-08-15 14:09:30.618512 Started!!
2018-08-15 14:09:30.619331 실행
2018-08-15 14:09:30.621471 1. addDayStock 시작
2018-08-15 14:10:03.224073 MoonStock Program Started!!
2018-08-15 14:10:03.224268 Started!!
2018-08-15 14:10:03.225326 실행
2018-08-15 14:10:03.228105 1. addDayStock 시작
- 러닝타임:  200
- 러닝타임:  200
2018-08-15 14:13:24.360121 실행
2018-08-15 14:13:24.362063 1. addDayStock 시작
- 러닝타임:  199
- 러닝타임:  199
2018-08-15 14:16:44.686560 실행
2018-08-15 14:16:44.688629 1. addDayStock 시작
- 러닝타임:  215
- 러닝타임:  215
2018-08-15 14:20:20.538594 실행
2018-08-15 14:20:20.540869 1. addDayStock 시작
2018-08-15 14:23:15.071813 MoonStock Program Started!!
2018-08-15 14:23:15.072035 Started!!
2018-08-15 14:23:15.072791 실행
2018-08-15 14:23:15.074844 1. addDayStock 시작
2018-08-15 14:23:47.304804 MoonStock Program Started!!
2018-08-15 14:23:47.305008 Started!!
2018-08-15 14:23:47.305949 실행
2018-08-15 14:23:47.308205 1. addDayStock 시작
2018-08-15 14:25:29.480835 MoonStock Program Started!!
2018-08-15 14:25:29.481116 Started!!
2018-08-15 14:25:29.482012 실행
2018-08-15 14:25:29.485078 1. addDayStock 시작
- 러닝타임:  222
- 러닝타임:  222
2018-08-15 14:29:12.970586 실행
2018-08-15 14:29:12.972920 1. addDayStock 시작
- 러닝타임:  199
- 러닝타임:  199
2018-08-15 14:32:33.227018 실행
2018-08-15 14:32:33.228975 1. addDayStock 시작
- 러닝타임:  195
- 러닝타임:  195
2018-08-15 14:35:49.024824 실행
2018-08-15 14:35:49.026576 1. addDayStock 시작
- 러닝타임:  201
- 러닝타임:  201
2018-08-15 14:39:10.696766 실행
2018-08-15 14:39:10.699719 1. addDayStock 시작
- 러닝타임:  193
- 러닝타임:  193
2018-08-15 14:42:24.254066 실행
2018-08-15 14:42:24.256111 1. addDayStock 시작
2018-08-15 14:43:31.182972 MoonStock Program Started!!
2018-08-15 14:43:31.183206 Started!!
2018-08-15 14:43:31.184012 실행
2018-08-15 14:43:31.186617 1. addDayStock 시작
2018-08-15 14:44:47.149713 MoonStock Program Started!!
2018-08-15 14:44:47.149955 Started!!
2018-08-15 14:44:47.150876 실행
2018-08-15 14:44:47.153217 1. addDayStock 시작
- 러닝타임:  0
2018-08-15 14:44:47.425242 2. addRealtimeStock 시작
- 러닝타임:  105
2018-08-15 14:46:32.128577 3. startAlgorithm 시작
- 러닝타임:  11
2018-08-15 14:46:43.319269 4. uploadRankDB 시작
- 러닝타임:  4
- 러닝타임:  120
2018-08-15 14:46:47.824171 실행
2018-08-15 14:46:47.826062 1. addDayStock 시작
- 러닝타임:  0
2018-08-15 14:46:48.114793 2. addRealtimeStock 시작
2018-08-15 14:46:57.985498 MoonStock Program Started!!
2018-08-15 14:46:57.985717 Started!!
2018-08-15 14:46:57.986570 실행
2018-08-15 14:46:57.989088 1. addDayStock 시작
- 러닝타임:  188
2018-08-15 14:50:06.453328 2. addRealtimeStock 시작
- 러닝타임:  103
2018-08-15 14:51:49.779581 3. startAlgorithm 시작
- 러닝타임:  10
2018-08-15 14:51:59.609126 4. uploadRankDB 시작
- 러닝타임:  2
- 러닝타임:  304
2018-08-15 14:52:02.796100 실행
2018-08-15 14:52:02.798070 1. addDayStock 시작
2018-08-15 14:53:42.953474 MoonStock Program Started!!
2018-08-15 14:53:42.953683 Started!!
2018-08-15 14:53:42.953795 실행
2018-08-15 14:53:42.955849 1. addDayStock 시작
- 러닝타임:  0
- 러닝타임:  0
2018-08-15 14:53:44.214362 실행
2018-08-15 14:53:44.216862 1. addDayStock 시작
- 러닝타임:  0
- 러닝타임:  0
2018-08-15 14:53:45.476306 실행
2018-08-15 14:53:45.478318 1. addDayStock 시작
- 러닝타임:  0
- 러닝타임:  0
2018-08-15 14:53:46.739799 실행
2018-08-15 14:53:46.741651 1. addDayStock 시작
- 러닝타임:  0
- 러닝타임:  0
2018-08-15 14:53:47.994994 실행
2018-08-15 14:53:47.996756 1. addDayStock 시작
- 러닝타임:  0
- 러닝타임:  0
2018-08-15 14:53:49.252312 실행
2018-08-15 14:53:49.254349 1. addDayStock 시작
- 러닝타임:  0
- 러닝타임:  0
2018-08-15 14:53:50.506129 실행
2018-08-15 14:53:50.507999 1. addDayStock 시작
- 러닝타임:  0
- 러닝타임:  0
2018-08-15 14:53:51.762410 실행
2018-08-15 14:53:51.764131 1. addDayStock 시작
- 러닝타임:  0
- 러닝타임:  0
2018-08-15 14:53:53.014559 실행
2018-08-15 14:53:53.016746 1. addDayStock 시작
- 러닝타임:  0
- 러닝타임:  0
2018-08-15 14:53:54.286007 실행
2018-08-15 14:53:54.287895 1. addDayStock 시작
- 러닝타임:  0
- 러닝타임:  0
2018-08-15 14:53:55.544993 실행
2018-08-15 14:53:55.547221 1. addDayStock 시작
- 러닝타임:  0
- 러닝타임:  0
2018-08-15 14:53:56.828064 실행
2018-08-15 14:53:56.829924 1. addDayStock 시작
- 러닝타임:  0
- 러닝타임:  0
2018-08-15 14:54:45.267061 MoonStock Program Started!!
2018-08-15 14:54:45.267271 Started!!
2018-08-15 14:54:45.268087 실행
2018-08-15 14:54:45.270960 1. addDayStock 시작
- 러닝타임:  10
- 러닝타임:  10
2018-08-15 14:54:56.232635 실행
2018-08-15 14:54:56.234690 1. addDayStock 시작
- 러닝타임:  10
- 러닝타임:  10
2018-08-15 14:55:07.441387 실행
2018-08-15 14:55:07.443271 1. addDayStock 시작
- 러닝타임:  10
- 러닝타임:  10
2018-08-15 14:55:18.779098 실행
2018-08-15 14:55:18.781454 1. addDayStock 시작
- 러닝타임:  10
- 러닝타임:  10
2018-08-15 14:55:30.238509 실행
2018-08-15 14:55:30.240266 1. addDayStock 시작
2018-08-15 14:55:34.146037 MoonStock Program Started!!
2018-08-15 14:55:34.146310 Started!!
2018-08-15 14:55:34.147344 실행
2018-08-15 14:55:34.149523 1. addDayStock 시작
2018-08-15 14:56:29.065148 MoonStock Program Started!!
2018-08-15 14:56:29.065361 Started!!
2018-08-15 14:56:29.066244 실행
2018-08-15 14:56:29.068888 1. addDayStock 시작
2018-08-15 14:56:30.685992 MoonStock Program Started!!
2018-08-15 14:56:30.686216 Started!!
2018-08-15 14:56:30.686994 실행
2018-08-15 14:56:30.689172 1. addDayStock 시작
- 러닝타임:  198
- 러닝타임:  198
2018-08-15 14:59:49.413732 실행
2018-08-15 14:59:49.415660 1. addDayStock 시작
- 러닝타임:  195
- 러닝타임:  195
2018-08-15 15:03:04.981510 실행
2018-08-15 15:03:04.983403 1. addDayStock 시작
- 러닝타임:  197
- 러닝타임:  197
2018-08-15 15:06:23.332009 실행
2018-08-15 15:06:23.333767 1. addDayStock 시작
- 러닝타임:  200
- 러닝타임:  200
2018-08-15 15:09:44.271578 실행
2018-08-15 15:09:44.274751 1. addDayStock 시작
- 러닝타임:  195
- 러닝타임:  195
2018-08-15 15:13:00.487152 실행
2018-08-15 15:13:00.489022 1. addDayStock 시작
- 러닝타임:  196
- 러닝타임:  196
2018-08-15 15:16:17.613322 실행
2018-08-15 15:16:17.615235 1. addDayStock 시작
- 러닝타임:  195
- 러닝타임:  195
2018-08-15 15:19:33.608392 실행
2018-08-15 15:19:33.611423 1. addDayStock 시작
- 러닝타임:  187
- 러닝타임:  187
2018-08-15 15:22:41.599016 실행
2018-08-15 15:22:41.600963 1. addDayStock 시작
- 러닝타임:  190
- 러닝타임:  190
2018-08-15 15:25:52.387461 실행
2018-08-15 15:25:52.389531 1. addDayStock 시작
- 러닝타임:  190
- 러닝타임:  190
2018-08-15 15:29:03.826139 실행
2018-08-15 15:29:03.828138 1. addDayStock 시작
- 러닝타임:  187
- 러닝타임:  187
2018-08-15 15:32:11.817552 실행
2018-08-15 15:32:11.819457 1. addDayStock 시작
- 러닝타임:  187
- 러닝타임:  187
2018-08-15 15:35:19.539828 실행
2018-08-15 15:35:19.541692 1. addDayStock 시작
- 러닝타임:  187
- 러닝타임:  187
2018-08-15 15:38:27.983411 실행
2018-08-15 15:38:27.985327 1. addDayStock 시작
- 러닝타임:  202
- 러닝타임:  202
2018-08-15 15:41:51.398341 실행
2018-08-15 15:41:51.400377 1. addDayStock 시작
- 러닝타임:  195
- 러닝타임:  195
2018-08-15 15:45:07.043606 실행
2018-08-15 15:45:07.045461 1. addDayStock 시작
- 러닝타임:  197
- 러닝타임:  197
2018-08-15 15:48:25.502088 실행
2018-08-15 15:48:25.503986 1. addDayStock 시작
- 러닝타임:  193
- 러닝타임:  193
2018-08-15 15:51:39.255322 실행
2018-08-15 15:51:39.257217 1. addDayStock 시작
- 러닝타임:  194
- 러닝타임:  194
2018-08-15 15:54:54.117860 실행
2018-08-15 15:54:54.119959 1. addDayStock 시작
- 러닝타임:  188
- 러닝타임:  188
2018-08-15 15:58:03.562021 실행
2018-08-15 15:58:03.564338 1. addDayStock 시작
- 러닝타임:  192
- 러닝타임:  192
2018-08-15 16:01:16.666551 실행
2018-08-15 16:01:16.668437 1. addDayStock 시작
- 러닝타임:  193
- 러닝타임:  193
2018-08-15 16:04:30.953533 실행
2018-08-15 16:04:30.955503 1. addDayStock 시작
- 러닝타임:  218
- 러닝타임:  218
2018-08-15 16:08:09.890803 실행
2018-08-15 16:08:09.892674 1. addDayStock 시작
- 러닝타임:  203
- 러닝타임:  203
2018-08-15 16:11:33.484464 실행
2018-08-15 16:11:33.486425 1. addDayStock 시작
- 러닝타임:  193
- 러닝타임:  193
2018-08-15 16:14:47.209835 실행
2018-08-15 16:14:47.211672 1. addDayStock 시작
- 러닝타임:  210
- 러닝타임:  210
2018-08-15 16:18:18.286456 실행
2018-08-15 16:18:18.288459 1. addDayStock 시작
- 러닝타임:  210
- 러닝타임:  210
2018-08-15 16:21:48.798608 실행
2018-08-15 16:21:48.800569 1. addDayStock 시작
- 러닝타임:  208
- 러닝타임:  208
2018-08-15 16:25:18.251380 실행
2018-08-15 16:25:18.253660 1. addDayStock 시작
2018-08-15 16:48:08.720399 MoonStock Program Started!!
2018-08-15 16:48:08.720581 Started!!
2018-08-15 16:48:08.720688 실행
2018-08-15 16:48:08.722949 1. addDayStock 시작
- 러닝타임:  203
- 러닝타임:  203
2018-08-15 16:51:32.344411 실행
2018-08-15 16:51:32.346958 1. addDayStock 시작
- 러닝타임:  213
- 러닝타임:  213
2018-08-15 16:55:06.120065 실행
2018-08-15 16:55:06.124145 1. addDayStock 시작
- 러닝타임:  208
- 러닝타임:  208
2018-08-15 16:58:35.208161 실행
2018-08-15 16:58:35.210013 1. addDayStock 시작
- 러닝타임:  197
- 러닝타임:  197
2018-08-15 17:01:52.797162 실행
2018-08-15 17:01:52.800150 1. addDayStock 시작
- 러닝타임:  197
- 러닝타임:  197
2018-08-15 17:05:10.337281 실행
2018-08-15 17:05:10.339040 1. addDayStock 시작
- 러닝타임:  204
- 러닝타임:  204
2018-08-15 17:08:35.139562 실행
2018-08-15 17:08:35.141416 1. addDayStock 시작
- 러닝타임:  195
- 러닝타임:  195
2018-08-15 17:11:51.477339 실행
2018-08-15 17:11:51.480886 1. addDayStock 시작
- 러닝타임:  199
- 러닝타임:  199
2018-08-15 17:15:11.198998 실행
2018-08-15 17:15:11.200892 1. addDayStock 시작
- 러닝타임:  201
- 러닝타임:  201
2018-08-15 17:18:33.237763 실행
2018-08-15 17:18:33.239991 1. addDayStock 시작
